Log file open, 04/26/20 22:41:04
LogWindows: Failed to load 'aqProf.dll' (GetLastError=126)
LogWindows: File 'aqProf.dll' does not exist
LogWindows: Failed to load 'VtuneApi.dll' (GetLastError=126)
LogWindows: File 'VtuneApi.dll' does not exist
LogWindows: Failed to load 'VtuneApi32e.dll' (GetLastError=126)
LogWindows: File 'VtuneApi32e.dll' does not exist
LogConsoleResponse: Display: Failed to find resolution value strings in scalability ini. Falling back to default.
LogInit: Display: Running engine for game: MidtermProject
LogInit: Display: Project file not found: ../../../MidtermProject/MidtermProject.uproject
LogInit: Display: 	Attempting to find via project info helper.
LogUProjectInfo: Found projects:
LogPakFile: Display: Found Pak file ../../../MidtermProject/Content/Paks/MidtermProject-WindowsNoEditor.pak attempting to mount.
LogPakFile: Display: Mounting pak file ../../../MidtermProject/Content/Paks/MidtermProject-WindowsNoEditor.pak.
LogPlatformFile: Not using cached read wrapper
LogTaskGraph: Started task graph with 5 named threads and 23 total threads with 3 sets of task threads.
LogStats: Stats thread started at 0.055345
LogD3D11RHI: Loaded GFSDK_Aftermath_Lib.x64.dll
LogICUInternationalization: ICU TimeZone Detection - Raw Offset: -5:00, Platform Override: ''
LogPluginManager: Mounting plugin Paper2D
LogPluginManager: Mounting plugin AISupport
LogPluginManager: Mounting plugin LightPropagationVolume
LogPluginManager: Mounting plugin AnimationSharing
LogPluginManager: Mounting plugin SignificanceManager
LogPluginManager: Mounting plugin UObjectPlugin
LogPluginManager: Mounting plugin AssetManagerEditor
LogPluginManager: Mounting plugin FacialAnimation
LogPluginManager: Mounting plugin DatasmithContent
LogPluginManager: Mounting plugin VariantManagerContent
LogPluginManager: Mounting plugin AlembicImporter
LogPluginManager: Mounting plugin GeometryCache
LogPluginManager: Mounting plugin AutomationUtils
LogPluginManager: Mounting plugin ScreenshotTools
LogPluginManager: Mounting plugin BackChannel
LogPluginManager: Mounting plugin CharacterAI
LogPluginManager: Mounting plugin PlatformCrypto
LogPluginManager: Mounting plugin MagicLeap
LogPluginManager: Mounting plugin MLSDK
LogPluginManager: Mounting plugin AvfMedia
LogPluginManager: Mounting plugin ImgMedia
LogPluginManager: Mounting plugin MediaCompositing
LogPluginManager: Mounting plugin WmfMedia
LogPluginManager: Mounting plugin TcpMessaging
LogPluginManager: Mounting plugin UdpMessaging
LogPluginManager: Mounting plugin ActorSequence
LogPluginManager: Mounting plugin NetcodeUnitTest
LogPluginManager: Mounting plugin NUTUnrealEngine4
LogPluginManager: Mounting plugin OnlineSubsystemNull
LogPluginManager: Mounting plugin OnlineSubsystem
LogPluginManager: Mounting plugin OnlineSubsystemUtils
LogPluginManager: Mounting plugin LauncherChunkInstaller
LogPluginManager: Mounting plugin AndroidPermission
LogPluginManager: Mounting plugin AppleImageUtils
LogPluginManager: Mounting plugin ArchVisCharacter
LogPluginManager: Mounting plugin AssetTags
LogPluginManager: Mounting plugin AudioCapture
LogPluginManager: Mounting plugin CableComponent
LogPluginManager: Mounting plugin CustomMeshComponent
LogPluginManager: Mounting plugin EditableMesh
LogPluginManager: Mounting plugin ExampleDeviceProfileSelector
LogPluginManager: Mounting plugin LocationServicesBPLibrary
LogPluginManager: Mounting plugin MobilePatchingUtils
LogPluginManager: Mounting plugin OculusVR
LogPluginManager: Mounting plugin ProceduralMeshComponent
LogPluginManager: Mounting plugin PhysXVehicles
LogPluginManager: Mounting plugin RuntimePhysXCooking
LogPluginManager: Mounting plugin SteamVR
LogPluginManager: Mounting plugin WebMMoviePlayer
LogPluginManager: Mounting plugin WebMMedia
LogPluginManager: Mounting plugin WindowsMoviePlayer
LogInit: Using libcurl 7.55.1-DEV
LogInit:  - built for x86_64-pc-win32
LogInit:  - supports SSL with OpenSSL/1.1.1
LogInit:  - supports HTTP deflate (compression) using libz 1.2.8
LogInit:  - other features:
LogInit:      CURL_VERSION_SSL
LogInit:      CURL_VERSION_LIBZ
LogInit:      CURL_VERSION_IPV6
LogInit:      CURL_VERSION_ASYNCHDNS
LogInit:      CURL_VERSION_LARGEFILE
LogInit:      CURL_VERSION_IDN
LogInit:  CurlRequestOptions (configurable via config and command line):
LogInit:  - bVerifyPeer = true  - Libcurl will verify peer certificate
LogInit:  - bUseHttpProxy = false  - Libcurl will NOT use HTTP proxy
LogInit:  - bDontReuseConnections = false  - Libcurl will reuse connections
LogInit:  - MaxHostConnections = 16  - Libcurl will limit the number of connections to a host
LogInit:  - LocalHostAddr = Default
LogInit:  - BufferSize = 65536
LogOnline: OSS: Creating online subsystem instance for: NULL
LogInit: WinSock: version 1.1 (2.2), MaxSocks=32767, MaxUdp=65467
LogOnline: OSS: TryLoadSubsystemAndSetDefault: Loaded subsystem for module [NULL]
LogInit: Build: ++UE4+Release-4.24-CL-11100242
LogInit: Engine Version: 4.24.2-11100242+++UE4+Release-4.24
LogInit: Compatible Engine Version: 4.24.0-10570792+++UE4+Release-4.24
LogInit: Net CL: 10570792
LogInit: OS: Windows 10 (Release 1903) (), CPU: Intel(R) Core(TM) i7-6700HQ CPU @ 2.60GHz, GPU: NVIDIA GeForce GTX 1060
LogInit: Compiled (64-bit): Jan 24 2020 02:10:02
LogInit: Compiled with Visual C++: 19.16.27032.01
LogInit: Build Configuration: Development
LogInit: Branch Name: ++UE4+Release-4.24
LogInit: Command Line: 
LogInit: Base Directory: D:/content/others/nyu/gradClasses/Level Design/LevelDesignFinal/WindowsNoEditor/Engine/Binaries/Win64/
LogInit: Installed Engine Build: 0
LogDevObjectVersion: Number of dev versions registered: 25
LogDevObjectVersion:   Dev-Blueprints (B0D832E4-1F89-4F0D-ACCF-7EB736FD4AA2): 10
LogDevObjectVersion:   Dev-Build (E1C64328-A22C-4D53-A36C-8E866417BD8C): 0
LogDevObjectVersion:   Dev-Core (375EC13C-06E4-48FB-B500-84F0262A717E): 3
LogDevObjectVersion:   Dev-Editor (E4B068ED-F494-42E9-A231-DA0B2E46BB41): 37
LogDevObjectVersion:   Dev-Framework (CFFC743F-43B0-4480-9391-14DF171D2073): 36
LogDevObjectVersion:   Dev-Mobile (B02B49B5-BB20-44E9-A304-32B752E40360): 2
LogDevObjectVersion:   Dev-Networking (A4E4105C-59A1-49B5-A7C5-40C4547EDFEE): 0
LogDevObjectVersion:   Dev-Online (39C831C9-5AE6-47DC-9A44-9C173E1C8E7C): 0
LogDevObjectVersion:   Dev-Physics (78F01B33-EBEA-4F98-B9B4-84EACCB95AA2): 2
LogDevObjectVersion:   Dev-Platform (6631380F-2D4D-43E0-8009-CF276956A95A): 0
LogDevObjectVersion:   Dev-Rendering (12F88B9F-8875-4AFC-A67C-D90C383ABD29): 36
LogDevObjectVersion:   Dev-Sequencer (7B5AE74C-D270-4C10-A958-57980B212A5A): 11
LogDevObjectVersion:   Dev-VR (D7296918-1DD6-4BDD-9DE2-64A83CC13884): 2
LogDevObjectVersion:   Dev-LoadTimes (C2A15278-BFE7-4AFE-6C17-90FF531DF755): 1
LogDevObjectVersion:   Private-Geometry (6EACA3D4-40EC-4CC1-B786-8BED09428FC5): 3
LogDevObjectVersion:   Dev-AnimPhys (29E575DD-E0A3-4627-9D10-D276232CDCEA): 17
LogDevObjectVersion:   Dev-Anim (AF43A65D-7FD3-4947-9873-3E8ED9C1BB05): 2
LogDevObjectVersion:   Dev-ReflectionCapture (6B266CEC-1EC7-4B8F-A30B-E4D90942FC07): 1
LogDevObjectVersion:   Dev-Automation (0DF73D61-A23F-47EA-B727-89E90C41499A): 1
LogDevObjectVersion:   FortniteMain (601D1886-AC64-4F84-AA16-D3DE0DEAC7D6): 31
LogDevObjectVersion:   Dev-Enterprise (9DFFBCD6-494F-0158-E221-12823C92A888): 8
LogDevObjectVersion:   Dev-Niagara (F2AED0AC-9AFE-416F-8664-AA7FFA26D6FC): 1
LogDevObjectVersion:   Dev-Destruction (174F1F0B-B4C6-45A5-B13F-2EE8D0FB917D): 9
LogDevObjectVersion:   Dev-Physics-Ext (35F94A83-E258-406C-A318-09F59610247C): 8
LogDevObjectVersion:   Dev-CineCamera (B2E18506-4273-CFC2-A54E-F4BB758BBA07): 1
LogInit: Presizing for max 2097152 objects, including 1 objects not considered by GC, pre-allocating 0 bytes for permanent pool.
LogStreaming: Display: Async Loading initialized: Event Driven Loader: true, Async Loading Thread: false, Async Post Load: true
LogInit: Object subsystem initialized
LogConfig: Setting CVar [[con.DebugEarlyDefault:1]]
LogConfig: Setting CVar [[r.setres:1280x720]]
[2020.04.27-02.41.04:946][  0]LogConfig: Setting CVar [[con.DebugEarlyDefault:1]]
[2020.04.27-02.41.04:946][  0]LogConfig: Setting CVar [[r.setres:1280x720]]
[2020.04.27-02.41.04:947][  0]LogConfig: Applying CVar settings from Section [/Script/Engine.RendererSettings] File [../../../MidtermProject/Saved/Config/WindowsNoEditor/Engine.ini]
[2020.04.27-02.41.04:947][  0]LogConfig: Setting CVar [[r.GPUCrashDebugging:0]]
[2020.04.27-02.41.04:947][  0]LogConfig: Setting CVar [[r.MobileHDR:1]]
[2020.04.27-02.41.04:947][  0]LogConfig: Setting CVar [[r.Mobile.DisableVertexFog:1]]
[2020.04.27-02.41.04:947][  0]LogConfig: Setting CVar [[r.Shadow.CSM.MaxMobileCascades:2]]
[2020.04.27-02.41.04:947][  0]LogConfig: Setting CVar [[r.MobileMSAA:1]]
[2020.04.27-02.41.04:947][  0]LogConfig: Setting CVar [[r.Mobile.UseLegacyShadingModel:0]]
[2020.04.27-02.41.04:947][  0]LogConfig: Setting CVar [[r.Mobile.UseHWsRGBEncoding:0]]
[2020.04.27-02.41.04:947][  0]LogConfig: Setting CVar [[r.Mobile.AllowDitheredLODTransition:0]]
[2020.04.27-02.41.04:947][  0]LogConfig: Setting CVar [[r.Mobile.AllowSoftwareOcclusion:0]]
[2020.04.27-02.41.04:947][  0]LogConfig: Setting CVar [[r.DiscardUnusedQuality:0]]
[2020.04.27-02.41.04:947][  0]LogConfig: Setting CVar [[r.AllowOcclusionQueries:1]]
[2020.04.27-02.41.04:947][  0]LogConfig: Setting CVar [[r.MinScreenRadiusForLights:0.030000]]
[2020.04.27-02.41.04:947][  0]LogConfig: Setting CVar [[r.MinScreenRadiusForDepthPrepass:0.030000]]
[2020.04.27-02.41.04:947][  0]LogConfig: Setting CVar [[r.MinScreenRadiusForCSMDepth:0.010000]]
[2020.04.27-02.41.04:947][  0]LogConfig: Setting CVar [[r.PrecomputedVisibilityWarning:0]]
[2020.04.27-02.41.04:947][  0]LogConfig: Setting CVar [[r.TextureStreaming:1]]
[2020.04.27-02.41.04:947][  0]LogConfig: Setting CVar [[Compat.UseDXT5NormalMaps:0]]
[2020.04.27-02.41.04:947][  0]LogConfig: Setting CVar [[r.VirtualTextures:0]]
[2020.04.27-02.41.04:947][  0]LogConfig: Setting CVar [[r.VirtualTexturedLightmaps:0]]
[2020.04.27-02.41.04:947][  0]LogConfig: Setting CVar [[r.VT.TileSize:128]]
[2020.04.27-02.41.04:947][  0]LogConfig: Setting CVar [[r.VT.TileBorderSize:4]]
[2020.04.27-02.41.04:947][  0]LogConfig: Setting CVar [[r.vt.FeedbackFactor:16]]
[2020.04.27-02.41.04:947][  0]LogConfig: Setting CVar [[r.VT.EnableCompressZlib:1]]
[2020.04.27-02.41.04:947][  0]LogConfig: Setting CVar [[r.VT.EnableCompressCrunch:0]]
[2020.04.27-02.41.04:947][  0]LogConfig: Setting CVar [[r.ClearCoatNormal:0]]
[2020.04.27-02.41.04:947][  0]LogConfig: Setting CVar [[r.ReflectionCaptureResolution:128]]
[2020.04.27-02.41.04:947][  0]LogConfig: Setting CVar [[r.ReflectionEnvironmentLightmapMixBasedOnRoughness:1]]
[2020.04.27-02.41.04:947][  0]LogConfig: Setting CVar [[r.ForwardShading:0]]
[2020.04.27-02.41.04:947][  0]LogConfig: Setting CVar [[r.VertexFoggingForOpaque:1]]
[2020.04.27-02.41.04:947][  0]LogConfig: Setting CVar [[r.AllowStaticLighting:1]]
[2020.04.27-02.41.04:947][  0]LogConfig: Setting CVar [[r.NormalMapsForStaticLighting:0]]
[2020.04.27-02.41.04:947][  0]LogConfig: Setting CVar [[r.GenerateMeshDistanceFields:0]]
[2020.04.27-02.41.04:947][  0]LogConfig: Setting CVar [[r.DistanceFieldBuild.EightBit:0]]
[2020.04.27-02.41.04:947][  0]LogConfig: Setting CVar [[r.GenerateLandscapeGIData:0]]
[2020.04.27-02.41.04:947][  0]LogConfig: Setting CVar [[r.DistanceFieldBuild.Compress:0]]
[2020.04.27-02.41.04:947][  0]LogConfig: Setting CVar [[r.TessellationAdaptivePixelsPerTriangle:48.000000]]
[2020.04.27-02.41.04:947][  0]LogConfig: Setting CVar [[r.SeparateTranslucency:1]]
[2020.04.27-02.41.04:947][  0]LogConfig: Setting CVar [[r.TranslucentSortPolicy:0]]
[2020.04.27-02.41.04:947][  0]LogConfig: Setting CVar [[r.CustomDepth:1]]
[2020.04.27-02.41.04:947][  0]LogConfig: Setting CVar [[r.CustomDepthTemporalAAJitter:1]]
[2020.04.27-02.41.04:947][  0]LogConfig: Setting CVar [[r.PostProcessing.PropagateAlpha:0]]
[2020.04.27-02.41.04:947][  0]LogConfig: Setting CVar [[r.DefaultFeature.Bloom:1]]
[2020.04.27-02.41.04:947][  0]LogConfig: Setting CVar [[r.DefaultFeature.AmbientOcclusion:1]]
[2020.04.27-02.41.04:947][  0]LogConfig: Setting CVar [[r.DefaultFeature.AmbientOcclusionStaticFraction:1]]
[2020.04.27-02.41.04:947][  0]LogConfig: Setting CVar [[r.DefaultFeature.AutoExposure:0]]
[2020.04.27-02.41.04:947][  0]LogConfig: Setting CVar [[r.DefaultFeature.AutoExposure.Method:0]]
[2020.04.27-02.41.04:947][  0]LogConfig: Setting CVar [[r.DefaultFeature.AutoExposure.ExtendDefaultLuminanceRange:0]]
[2020.04.27-02.41.04:947][  0]LogConfig: Setting CVar [[r.UsePreExposure:1]]
[2020.04.27-02.41.04:947][  0]LogConfig: Setting CVar [[r.EyeAdaptation.EditorOnly:1]]
[2020.04.27-02.41.04:947][  0]LogConfig: Setting CVar [[r.DefaultFeature.MotionBlur:0]]
[2020.04.27-02.41.04:947][  0]LogConfig: Setting CVar [[r.DefaultFeature.LensFlare:0]]
[2020.04.27-02.41.04:947][  0]LogConfig: Setting CVar [[r.TemporalAA.Upsampling:0]]
[2020.04.27-02.41.04:947][  0]LogConfig: Setting CVar [[r.SSGI.Enable:0]]
[2020.04.27-02.41.04:947][  0]LogConfig: Setting CVar [[r.DefaultFeature.AntiAliasing:0]]
[2020.04.27-02.41.04:947][  0]LogConfig: Setting CVar [[r.DefaultFeature.LightUnits:1]]
[2020.04.27-02.41.04:947][  0]LogConfig: Setting CVar [[r.DefaultBackBufferPixelFormat:4]]
[2020.04.27-02.41.04:948][  0]LogConfig: Setting CVar [[r.Shadow.UnbuiltPreviewInGame:1]]
[2020.04.27-02.41.04:948][  0]LogConfig: Setting CVar [[r.StencilForLODDither:0]]
[2020.04.27-02.41.04:948][  0]LogConfig: Setting CVar [[r.EarlyZPass:3]]
[2020.04.27-02.41.04:967][  0]LogConfig: Setting CVar [[r.EarlyZPassOnlyMaterialMasking:0]]
[2020.04.27-02.41.04:967][  0]LogConfig: Setting CVar [[r.DBuffer:1]]
[2020.04.27-02.41.04:967][  0]LogConfig: Setting CVar [[r.ClearSceneMethod:1]]
[2020.04.27-02.41.04:967][  0]LogConfig: Setting CVar [[r.BasePassOutputsVelocity:0]]
[2020.04.27-02.41.04:967][  0]LogConfig: Setting CVar [[r.SelectiveBasePassOutputs:0]]
[2020.04.27-02.41.04:967][  0]LogConfig: Setting CVar [[fx.GPUSimulationTextureSizeX:1024]]
[2020.04.27-02.41.04:967][  0]LogConfig: Setting CVar [[fx.GPUSimulationTextureSizeY:1024]]
[2020.04.27-02.41.04:967][  0]LogConfig: Setting CVar [[r.AllowGlobalClipPlane:0]]
[2020.04.27-02.41.04:967][  0]LogConfig: Setting CVar [[r.GBufferFormat:1]]
[2020.04.27-02.41.04:967][  0]LogConfig: Setting CVar [[r.MorphTarget.Mode:1]]
[2020.04.27-02.41.04:967][  0]LogConfig: Setting CVar [[vr.InstancedStereo:0]]
[2020.04.27-02.41.04:967][  0]LogConfig: Setting CVar [[vr.MultiView:0]]
[2020.04.27-02.41.04:967][  0]LogConfig: Setting CVar [[vr.MobileMultiView:0]]
[2020.04.27-02.41.04:967][  0]LogConfig: Setting CVar [[vr.MobileMultiView.Direct:0]]
[2020.04.27-02.41.04:967][  0]LogConfig: Setting CVar [[vr.RoundRobinOcclusion:0]]
[2020.04.27-02.41.04:967][  0]LogConfig: Setting CVar [[vr.ODSCapture:0]]
[2020.04.27-02.41.04:967][  0]LogConfig: Setting CVar [[r.WireframeCullThreshold:5.000000]]
[2020.04.27-02.41.04:967][  0]LogConfig: Setting CVar [[r.RayTracing:0]]
[2020.04.27-02.41.04:967][  0]LogConfig: Setting CVar [[r.RayTracing.UseTextureLod:0]]
[2020.04.27-02.41.04:967][  0]LogConfig: Setting CVar [[r.SupportStationarySkylight:1]]
[2020.04.27-02.41.04:967][  0]LogConfig: Setting CVar [[r.SupportLowQualityLightmaps:1]]
[2020.04.27-02.41.04:967][  0]LogConfig: Setting CVar [[r.SupportPointLightWholeSceneShadows:1]]
[2020.04.27-02.41.04:967][  0]LogConfig: Setting CVar [[r.SupportAtmosphericFog:1]]
[2020.04.27-02.41.04:967][  0]LogConfig: Setting CVar [[r.SupportSkyAtmosphere:1]]
[2020.04.27-02.41.04:967][  0]LogConfig: Setting CVar [[r.SupportSkyAtmosphereAffectsHeightFog:0]]
[2020.04.27-02.41.04:967][  0]LogConfig: Setting CVar [[r.SkinCache.CompileShaders:0]]
[2020.04.27-02.41.04:967][  0]LogConfig: Setting CVar [[r.Mobile.EnableStaticAndCSMShadowReceivers:1]]
[2020.04.27-02.41.04:967][  0]LogConfig: Setting CVar [[r.Mobile.EnableMovableLightCSMShaderCulling:1]]
[2020.04.27-02.41.04:967][  0]LogConfig: Setting CVar [[r.Mobile.AllowDistanceFieldShadows:1]]
[2020.04.27-02.41.04:967][  0]LogConfig: Setting CVar [[r.Mobile.AllowMovableDirectionalLights:1]]
[2020.04.27-02.41.04:967][  0]LogConfig: Setting CVar [[r.MobileNumDynamicPointLights:4]]
[2020.04.27-02.41.04:967][  0]LogConfig: Setting CVar [[r.MobileDynamicPointLightsUseStaticBranch:1]]
[2020.04.27-02.41.04:967][  0]LogConfig: Setting CVar [[r.Mobile.EnableMovableSpotlights:0]]
[2020.04.27-02.41.04:967][  0]LogConfig: Setting CVar [[r.SkinCache.SceneMemoryLimitInMB:128.000000]]
[2020.04.27-02.41.04:967][  0]LogConfig: Setting CVar [[r.GPUSkin.Limit2BoneInfluences:0]]
[2020.04.27-02.41.04:967][  0]LogConfig: Setting CVar [[r.SupportDepthOnlyIndexBuffers:1]]
[2020.04.27-02.41.04:967][  0]LogConfig: Setting CVar [[r.SupportReversedIndexBuffers:1]]
[2020.04.27-02.41.04:967][  0]LogConfig: Setting CVar [[r.SupportMaterialLayers:0]]
[2020.04.27-02.41.04:967][  0]LogConfig: Setting CVar [[r.LightPropagationVolume:0]]
[2020.04.27-02.41.04:967][  0]LogConfig: Applying CVar settings from Section [/Script/Engine.RendererOverrideSettings] File [../../../MidtermProject/Saved/Config/WindowsNoEditor/Engine.ini]
[2020.04.27-02.41.04:967][  0]LogConfig: Applying CVar settings from Section [/Script/Engine.StreamingSettings] File [../../../MidtermProject/Saved/Config/WindowsNoEditor/Engine.ini]
[2020.04.27-02.41.04:967][  0]LogConfig: Setting CVar [[s.MinBulkDataSizeForAsyncLoading:131072]]
[2020.04.27-02.41.04:967][  0]LogConfig: Setting CVar [[s.AsyncLoadingThreadEnabled:0]]
[2020.04.27-02.41.04:967][  0]LogConfig: Setting CVar [[s.EventDrivenLoaderEnabled:1]]
[2020.04.27-02.41.04:967][  0]LogConfig: Setting CVar [[s.WarnIfTimeLimitExceeded:0]]
[2020.04.27-02.41.04:968][  0]LogConfig: Setting CVar [[s.TimeLimitExceededMultiplier:1.5]]
[2020.04.27-02.41.04:968][  0]LogConfig: Setting CVar [[s.TimeLimitExceededMinTime:0.005]]
[2020.04.27-02.41.04:968][  0]LogConfig: Setting CVar [[s.UseBackgroundLevelStreaming:1]]
[2020.04.27-02.41.04:968][  0]LogConfig: Setting CVar [[s.PriorityAsyncLoadingExtraTime:15.0]]
[2020.04.27-02.41.04:968][  0]LogConfig: Setting CVar [[s.LevelStreamingActorsUpdateTimeLimit:5.0]]
[2020.04.27-02.41.04:968][  0]LogConfig: Setting CVar [[s.PriorityLevelStreamingActorsUpdateExtraTime:5.0]]
[2020.04.27-02.41.04:968][  0]LogConfig: Setting CVar [[s.LevelStreamingComponentsRegistrationGranularity:10]]
[2020.04.27-02.41.04:968][  0]LogConfig: Setting CVar [[s.UnregisterComponentsTimeLimit:1.0]]
[2020.04.27-02.41.04:968][  0]LogConfig: Setting CVar [[s.LevelStreamingComponentsUnregistrationGranularity:5]]
[2020.04.27-02.41.04:968][  0]LogConfig: Setting CVar [[s.FlushStreamingOnExit:1]]
[2020.04.27-02.41.04:968][  0]LogConfig: Applying CVar settings from Section [/Script/Engine.GarbageCollectionSettings] File [../../../MidtermProject/Saved/Config/WindowsNoEditor/Engine.ini]
[2020.04.27-02.41.04:968][  0]LogConfig: Setting CVar [[gc.MaxObjectsNotConsideredByGC:1]]
[2020.04.27-02.41.04:968][  0]LogConfig: Setting CVar [[gc.SizeOfPermanentObjectPool:0]]
[2020.04.27-02.41.04:968][  0]LogConfig: Setting CVar [[gc.FlushStreamingOnGC:0]]
[2020.04.27-02.41.04:968][  0]LogConfig: Setting CVar [[gc.NumRetriesBeforeForcingGC:10]]
[2020.04.27-02.41.04:968][  0]LogConfig: Setting CVar [[gc.AllowParallelGC:1]]
[2020.04.27-02.41.04:968][  0]LogConfig: Setting CVar [[gc.TimeBetweenPurgingPendingKillObjects:61.1]]
[2020.04.27-02.41.04:968][  0]LogConfig: Setting CVar [[gc.MaxObjectsInEditor:25165824]]
[2020.04.27-02.41.04:968][  0]LogConfig: Setting CVar [[gc.IncrementalBeginDestroyEnabled:1]]
[2020.04.27-02.41.04:968][  0]LogConfig: Setting CVar [[gc.CreateGCClusters:1]]
[2020.04.27-02.41.04:968][  0]LogConfig: Setting CVar [[gc.MinGCClusterSize:5]]
[2020.04.27-02.41.04:968][  0]LogConfig: Setting CVar [[gc.ActorClusteringEnabled:0]]
[2020.04.27-02.41.04:968][  0]LogConfig: Setting CVar [[gc.BlueprintClusteringEnabled:0]]
[2020.04.27-02.41.04:968][  0]LogConfig: Setting CVar [[gc.UseDisregardForGCOnDedicatedServers:0]]
[2020.04.27-02.41.04:968][  0]LogConfig: Applying CVar settings from Section [/Script/Engine.NetworkSettings] File [../../../MidtermProject/Saved/Config/WindowsNoEditor/Engine.ini]
[2020.04.27-02.41.04:973][  0]LogConfig: Applying CVar settings from Section [ViewDistanceQuality@3] File [../../../MidtermProject/Saved/Config/WindowsNoEditor/Scalability.ini]
[2020.04.27-02.41.04:973][  0]LogConfig: Setting CVar [[r.SkeletalMeshLODBias:0]]
[2020.04.27-02.41.04:973][  0]LogConfig: Setting CVar [[r.ViewDistanceScale:1.0]]
[2020.04.27-02.41.04:973][  0]LogConfig: Applying CVar settings from Section [AntiAliasingQuality@3] File [../../../MidtermProject/Saved/Config/WindowsNoEditor/Scalability.ini]
[2020.04.27-02.41.04:973][  0]LogConfig: Setting CVar [[r.PostProcessAAQuality:4]]
[2020.04.27-02.41.04:973][  0]LogConfig: Applying CVar settings from Section [ShadowQuality@3] File [../../../MidtermProject/Saved/Config/WindowsNoEditor/Scalability.ini]
[2020.04.27-02.41.04:973][  0]LogConfig: Setting CVar [[r.LightFunctionQuality:1]]
[2020.04.27-02.41.04:973][  0]LogConfig: Setting CVar [[r.ShadowQuality:5]]
[2020.04.27-02.41.04:973][  0]LogConfig: Setting CVar [[r.Shadow.CSM.MaxCascades:10]]
[2020.04.27-02.41.04:973][  0]LogConfig: Setting CVar [[r.Shadow.MaxResolution:2048]]
[2020.04.27-02.41.04:973][  0]LogConfig: Setting CVar [[r.Shadow.MaxCSMResolution:2048]]
[2020.04.27-02.41.04:973][  0]LogConfig: Setting CVar [[r.Shadow.RadiusThreshold:0.01]]
[2020.04.27-02.41.04:973][  0]LogConfig: Setting CVar [[r.Shadow.DistanceScale:1.0]]
[2020.04.27-02.41.04:973][  0]LogConfig: Setting CVar [[r.Shadow.CSM.TransitionScale:1.0]]
[2020.04.27-02.41.04:974][  0]LogConfig: Setting CVar [[r.Shadow.PreShadowResolutionFactor:1.0]]
[2020.04.27-02.41.04:974][  0]LogConfig: Setting CVar [[r.DistanceFieldShadowing:1]]
[2020.04.27-02.41.04:974][  0]LogConfig: Setting CVar [[r.DistanceFieldAO:1]]
[2020.04.27-02.41.04:974][  0]LogConfig: Setting CVar [[r.AOQuality:2]]
[2020.04.27-02.41.04:974][  0]LogConfig: Setting CVar [[r.VolumetricFog:1]]
[2020.04.27-02.41.04:974][  0]LogConfig: Setting CVar [[r.VolumetricFog.GridPixelSize:8]]
[2020.04.27-02.41.04:974][  0]LogConfig: Setting CVar [[r.VolumetricFog.GridSizeZ:128]]
[2020.04.27-02.41.04:974][  0]LogConfig: Setting CVar [[r.VolumetricFog.HistoryMissSupersampleCount:4]]
[2020.04.27-02.41.04:974][  0]LogConfig: Setting CVar [[r.LightMaxDrawDistanceScale:1]]
[2020.04.27-02.41.04:974][  0]LogConfig: Setting CVar [[r.CapsuleShadows:1]]
[2020.04.27-02.41.04:974][  0]LogConfig: Applying CVar settings from Section [PostProcessQuality@3] File [../../../MidtermProject/Saved/Config/WindowsNoEditor/Scalability.ini]
[2020.04.27-02.41.04:974][  0]LogConfig: Setting CVar [[r.MotionBlurQuality:4]]
[2020.04.27-02.41.04:974][  0]LogConfig: Setting CVar [[r.AmbientOcclusionMipLevelFactor:0.4]]
[2020.04.27-02.41.04:974][  0]LogConfig: Setting CVar [[r.AmbientOcclusionMaxQuality:100]]
[2020.04.27-02.41.04:974][  0]LogConfig: Setting CVar [[r.AmbientOcclusionLevels:-1]]
[2020.04.27-02.41.04:974][  0]LogConfig: Setting CVar [[r.AmbientOcclusionRadiusScale:1.0]]
[2020.04.27-02.41.04:974][  0]LogConfig: Setting CVar [[r.DepthOfFieldQuality:2]]
[2020.04.27-02.41.04:974][  0]LogConfig: Setting CVar [[r.RenderTargetPoolMin:400]]
[2020.04.27-02.41.04:974][  0]LogConfig: Setting CVar [[r.LensFlareQuality:2]]
[2020.04.27-02.41.04:974][  0]LogConfig: Setting CVar [[r.SceneColorFringeQuality:1]]
[2020.04.27-02.41.04:974][  0]LogConfig: Setting CVar [[r.EyeAdaptationQuality:2]]
[2020.04.27-02.41.04:974][  0]LogConfig: Setting CVar [[r.BloomQuality:5]]
[2020.04.27-02.41.04:974][  0]LogConfig: Setting CVar [[r.FastBlurThreshold:100]]
[2020.04.27-02.41.04:974][  0]LogConfig: Setting CVar [[r.Upscale.Quality:3]]
[2020.04.27-02.41.04:974][  0]LogConfig: Setting CVar [[r.Tonemapper.GrainQuantization:1]]
[2020.04.27-02.41.04:974][  0]LogConfig: Setting CVar [[r.LightShaftQuality:1]]
[2020.04.27-02.41.04:974][  0]LogConfig: Setting CVar [[r.Filter.SizeScale:1]]
[2020.04.27-02.41.04:974][  0]LogConfig: Setting CVar [[r.Tonemapper.Quality:5]]
[2020.04.27-02.41.04:974][  0]LogConfig: Setting CVar [[r.DOF.Gather.AccumulatorQuality:1        ; higher gathering accumulator quality]]
[2020.04.27-02.41.04:974][  0]LogConfig: Setting CVar [[r.DOF.Gather.PostfilterMethod:1          ; Median3x3 postfilering method]]
[2020.04.27-02.41.04:974][  0]LogConfig: Setting CVar [[r.DOF.Gather.EnableBokehSettings:0       ; no bokeh simulation when gathering]]
[2020.04.27-02.41.04:975][  0]LogConfig: Setting CVar [[r.DOF.Gather.RingCount:4                 ; medium number of samples when gathering]]
[2020.04.27-02.41.04:975][  0]LogConfig: Setting CVar [[r.DOF.Scatter.ForegroundCompositing:1    ; additive foreground scattering]]
[2020.04.27-02.41.04:975][  0]LogConfig: Setting CVar [[r.DOF.Scatter.BackgroundCompositing:2    ; additive background scattering]]
[2020.04.27-02.41.04:975][  0]LogConfig: Setting CVar [[r.DOF.Scatter.EnableBokehSettings:1      ; bokeh simulation when scattering]]
[2020.04.27-02.41.04:975][  0]LogConfig: Setting CVar [[r.DOF.Scatter.MaxSpriteRatio:0.1         ; only a maximum of 10% of scattered bokeh]]
[2020.04.27-02.41.04:975][  0]LogConfig: Setting CVar [[r.DOF.Recombine.Quality:1                ; cheap slight out of focus]]
[2020.04.27-02.41.04:975][  0]LogConfig: Setting CVar [[r.DOF.Recombine.EnableBokehSettings:0    ; no bokeh simulation on slight out of focus]]
[2020.04.27-02.41.04:975][  0]LogConfig: Setting CVar [[r.DOF.TemporalAAQuality:1                ; more stable temporal accumulation]]
[2020.04.27-02.41.04:975][  0]LogConfig: Setting CVar [[r.DOF.Kernel.MaxForegroundRadius:0.025]]
[2020.04.27-02.41.04:975][  0]LogConfig: Setting CVar [[r.DOF.Kernel.MaxBackgroundRadius:0.025]]
[2020.04.27-02.41.04:975][  0]LogConfig: Applying CVar settings from Section [TextureQuality@3] File [../../../MidtermProject/Saved/Config/WindowsNoEditor/Scalability.ini]
[2020.04.27-02.41.04:975][  0]LogConfig: Setting CVar [[r.Streaming.MipBias:0]]
[2020.04.27-02.41.04:975][  0]LogConfig: Setting CVar [[r.Streaming.AmortizeCPUToGPUCopy:0]]
[2020.04.27-02.41.04:975][  0]LogConfig: Setting CVar [[r.Streaming.MaxNumTexturesToStreamPerFrame:0]]
[2020.04.27-02.41.04:975][  0]LogConfig: Setting CVar [[r.Streaming.Boost:1]]
[2020.04.27-02.41.04:975][  0]LogConfig: Setting CVar [[r.MaxAnisotropy:8]]
[2020.04.27-02.41.04:975][  0]LogConfig: Setting CVar [[r.VT.MaxAnisotropy:8]]
[2020.04.27-02.41.04:975][  0]LogConfig: Setting CVar [[r.Streaming.LimitPoolSizeToVRAM:0]]
[2020.04.27-02.41.04:975][  0]LogConfig: Setting CVar [[r.Streaming.PoolSize:1000]]
[2020.04.27-02.41.04:975][  0]LogConfig: Setting CVar [[r.Streaming.MaxEffectiveScreenSize:0]]
[2020.04.27-02.41.04:975][  0]LogConfig: Applying CVar settings from Section [EffectsQuality@3] File [../../../MidtermProject/Saved/Config/WindowsNoEditor/Scalability.ini]
[2020.04.27-02.41.04:975][  0]LogConfig: Setting CVar [[r.TranslucencyLightingVolumeDim:64]]
[2020.04.27-02.41.04:975][  0]LogConfig: Setting CVar [[r.RefractionQuality:2]]
[2020.04.27-02.41.04:975][  0]LogConfig: Setting CVar [[r.SSR.Quality:3]]
[2020.04.27-02.41.04:975][  0]LogConfig: Setting CVar [[r.SSR.HalfResSceneColor:0]]
[2020.04.27-02.41.04:975][  0]LogConfig: Setting CVar [[r.SceneColorFormat:4]]
[2020.04.27-02.41.04:975][  0]LogConfig: Setting CVar [[r.DetailMode:2]]
[2020.04.27-02.41.04:975][  0]LogConfig: Setting CVar [[r.TranslucencyVolumeBlur:1]]
[2020.04.27-02.41.04:975][  0]LogConfig: Setting CVar [[r.MaterialQualityLevel:1 ; High quality]]
[2020.04.27-02.41.04:975][  0]LogConfig: Setting CVar [[r.SSS.Scale:1]]
[2020.04.27-02.41.04:975][  0]LogConfig: Setting CVar [[r.SSS.SampleSet:2]]
[2020.04.27-02.41.04:975][  0]LogConfig: Setting CVar [[r.SSS.Quality:1]]
[2020.04.27-02.41.04:975][  0]LogConfig: Setting CVar [[r.SSS.HalfRes:1]]
[2020.04.27-02.41.04:975][  0]LogConfig: Setting CVar [[r.SSGI.Quality:3]]
[2020.04.27-02.41.04:975][  0]LogConfig: Setting CVar [[r.EmitterSpawnRateScale:1.0]]
[2020.04.27-02.41.04:975][  0]LogConfig: Setting CVar [[r.ParticleLightQuality:2]]
[2020.04.27-02.41.04:975][  0]LogConfig: Setting CVar [[r.SkyAtmosphere.AerialPerspectiveLUT.FastApplyOnOpaque:1 ; Always have FastSkyLUT 1 in this case to avoid wrong sky]]
[2020.04.27-02.41.04:975][  0]LogConfig: Setting CVar [[r.SkyAtmosphere.AerialPerspectiveLUT.SampleCountPerSlice:1]]
[2020.04.27-02.41.04:975][  0]LogConfig: Setting CVar [[r.SkyAtmosphere.AerialPerspectiveLUT.DepthResolution:16.0]]
[2020.04.27-02.41.04:975][  0]LogConfig: Setting CVar [[r.SkyAtmosphere.FastSkyLUT:1]]
[2020.04.27-02.41.04:975][  0]LogConfig: Setting CVar [[r.SkyAtmosphere.FastSkyLUT.SampleCountMin:4.0]]
[2020.04.27-02.41.04:975][  0]LogConfig: Setting CVar [[r.SkyAtmosphere.FastSkyLUT.SampleCountMax:32.0]]
[2020.04.27-02.41.04:975][  0]LogConfig: Setting CVar [[r.SkyAtmosphere.SampleCountMin:4.0]]
[2020.04.27-02.41.04:975][  0]LogConfig: Setting CVar [[r.SkyAtmosphere.SampleCountMax:32.0]]
[2020.04.27-02.41.04:975][  0]LogConfig: Setting CVar [[r.SkyAtmosphere.TransmittanceLUT.UseSmallFormat:0]]
[2020.04.27-02.41.04:975][  0]LogConfig: Setting CVar [[r.SkyAtmosphere.TransmittanceLUT.SampleCount:10.0]]
[2020.04.27-02.41.04:975][  0]LogConfig: Setting CVar [[r.SkyAtmosphere.MultiScatteringLUT.SampleCount:15.0]]
[2020.04.27-02.41.04:975][  0]LogConfig: Applying CVar settings from Section [FoliageQuality@3] File [../../../MidtermProject/Saved/Config/WindowsNoEditor/Scalability.ini]
[2020.04.27-02.41.04:975][  0]LogConfig: Setting CVar [[foliage.DensityScale:1.0]]
[2020.04.27-02.41.04:975][  0]LogConfig: Setting CVar [[grass.DensityScale:1.0]]
[2020.04.27-02.41.04:975][  0]LogConfig: Applying CVar settings from Section [ShadingQuality@3] File [../../../MidtermProject/Saved/Config/WindowsNoEditor/Scalability.ini]
[2020.04.27-02.41.04:975][  0]LogConfig: Setting CVar [[r.HairStrands.SkyLighting.SampleCount:16]]
[2020.04.27-02.41.04:975][  0]LogConfig: Setting CVar [[r.HairStrands.SkyLighting.JitterIntegration:0]]
[2020.04.27-02.41.04:975][  0]LogConfig: Setting CVar [[r.HairStrands.SkyAO.SampleCount:16]]
[2020.04.27-02.41.04:976][  0]LogInit: Selected Device Profile: [WindowsNoEditor]
[2020.04.27-02.41.04:976][  0]LogInit: Applying CVar settings loaded from the selected device profile: [WindowsNoEditor]
[2020.04.27-02.41.04:985][  0]LogHAL: Display: Platform has ~ 16 GB [17112764416 / 17179869184 / 16], which maps to Larger [LargestMinGB=32, LargerMinGB=12, DefaultMinGB=8, SmallerMinGB=6, SmallestMinGB=0)
[2020.04.27-02.41.04:985][  0]LogInit: Going up to parent DeviceProfile [Windows]
[2020.04.27-02.41.04:985][  0]LogInit: Going up to parent DeviceProfile []
[2020.04.27-02.41.04:985][  0]LogConfig: Applying CVar settings from Section [ViewDistanceQuality@3] File [../../../MidtermProject/Saved/Config/WindowsNoEditor/Scalability.ini]
[2020.04.27-02.41.04:985][  0]LogConfig: Setting CVar [[r.SkeletalMeshLODBias:0]]
[2020.04.27-02.41.04:985][  0]LogConfig: Setting CVar [[r.ViewDistanceScale:1.0]]
[2020.04.27-02.41.04:985][  0]LogConfig: Applying CVar settings from Section [AntiAliasingQuality@3] File [../../../MidtermProject/Saved/Config/WindowsNoEditor/Scalability.ini]
[2020.04.27-02.41.04:985][  0]LogConfig: Setting CVar [[r.PostProcessAAQuality:4]]
[2020.04.27-02.41.04:985][  0]LogConfig: Applying CVar settings from Section [ShadowQuality@3] File [../../../MidtermProject/Saved/Config/WindowsNoEditor/Scalability.ini]
[2020.04.27-02.41.04:985][  0]LogConfig: Setting CVar [[r.LightFunctionQuality:1]]
[2020.04.27-02.41.04:985][  0]LogConfig: Setting CVar [[r.ShadowQuality:5]]
[2020.04.27-02.41.04:985][  0]LogConfig: Setting CVar [[r.Shadow.CSM.MaxCascades:10]]
[2020.04.27-02.41.04:986][  0]LogConfig: Setting CVar [[r.Shadow.MaxResolution:2048]]
[2020.04.27-02.41.04:986][  0]LogConfig: Setting CVar [[r.Shadow.MaxCSMResolution:2048]]
[2020.04.27-02.41.04:986][  0]LogConfig: Setting CVar [[r.Shadow.RadiusThreshold:0.01]]
[2020.04.27-02.41.04:986][  0]LogConfig: Setting CVar [[r.Shadow.DistanceScale:1.0]]
[2020.04.27-02.41.04:986][  0]LogConfig: Setting CVar [[r.Shadow.CSM.TransitionScale:1.0]]
[2020.04.27-02.41.04:986][  0]LogConfig: Setting CVar [[r.Shadow.PreShadowResolutionFactor:1.0]]
[2020.04.27-02.41.04:986][  0]LogConfig: Setting CVar [[r.DistanceFieldShadowing:1]]
[2020.04.27-02.41.04:986][  0]LogConfig: Setting CVar [[r.DistanceFieldAO:1]]
[2020.04.27-02.41.04:986][  0]LogConfig: Setting CVar [[r.AOQuality:2]]
[2020.04.27-02.41.04:986][  0]LogConfig: Setting CVar [[r.VolumetricFog:1]]
[2020.04.27-02.41.04:986][  0]LogConfig: Setting CVar [[r.VolumetricFog.GridPixelSize:8]]
[2020.04.27-02.41.04:986][  0]LogConfig: Setting CVar [[r.VolumetricFog.GridSizeZ:128]]
[2020.04.27-02.41.04:986][  0]LogConfig: Setting CVar [[r.VolumetricFog.HistoryMissSupersampleCount:4]]
[2020.04.27-02.41.04:986][  0]LogConfig: Setting CVar [[r.LightMaxDrawDistanceScale:1]]
[2020.04.27-02.41.04:986][  0]LogConfig: Setting CVar [[r.CapsuleShadows:1]]
[2020.04.27-02.41.04:986][  0]LogConfig: Applying CVar settings from Section [PostProcessQuality@3] File [../../../MidtermProject/Saved/Config/WindowsNoEditor/Scalability.ini]
[2020.04.27-02.41.04:986][  0]LogConfig: Setting CVar [[r.MotionBlurQuality:4]]
[2020.04.27-02.41.04:986][  0]LogConfig: Setting CVar [[r.AmbientOcclusionMipLevelFactor:0.4]]
[2020.04.27-02.41.04:986][  0]LogConfig: Setting CVar [[r.AmbientOcclusionMaxQuality:100]]
[2020.04.27-02.41.04:986][  0]LogConfig: Setting CVar [[r.AmbientOcclusionLevels:-1]]
[2020.04.27-02.41.04:986][  0]LogConfig: Setting CVar [[r.AmbientOcclusionRadiusScale:1.0]]
[2020.04.27-02.41.04:986][  0]LogConfig: Setting CVar [[r.DepthOfFieldQuality:2]]
[2020.04.27-02.41.04:986][  0]LogConfig: Setting CVar [[r.RenderTargetPoolMin:400]]
[2020.04.27-02.41.04:986][  0]LogConfig: Setting CVar [[r.LensFlareQuality:2]]
[2020.04.27-02.41.04:986][  0]LogConfig: Setting CVar [[r.SceneColorFringeQuality:1]]
[2020.04.27-02.41.04:986][  0]LogConfig: Setting CVar [[r.EyeAdaptationQuality:2]]
[2020.04.27-02.41.04:986][  0]LogConfig: Setting CVar [[r.BloomQuality:5]]
[2020.04.27-02.41.04:986][  0]LogConfig: Setting CVar [[r.FastBlurThreshold:100]]
[2020.04.27-02.41.04:986][  0]LogConfig: Setting CVar [[r.Upscale.Quality:3]]
[2020.04.27-02.41.04:986][  0]LogConfig: Setting CVar [[r.Tonemapper.GrainQuantization:1]]
[2020.04.27-02.41.04:986][  0]LogConfig: Setting CVar [[r.LightShaftQuality:1]]
[2020.04.27-02.41.04:986][  0]LogConfig: Setting CVar [[r.Filter.SizeScale:1]]
[2020.04.27-02.41.04:986][  0]LogConfig: Setting CVar [[r.Tonemapper.Quality:5]]
[2020.04.27-02.41.04:986][  0]LogConfig: Setting CVar [[r.DOF.Gather.AccumulatorQuality:1        ; higher gathering accumulator quality]]
[2020.04.27-02.41.04:986][  0]LogConfig: Setting CVar [[r.DOF.Gather.PostfilterMethod:1          ; Median3x3 postfilering method]]
[2020.04.27-02.41.04:986][  0]LogConfig: Setting CVar [[r.DOF.Gather.EnableBokehSettings:0       ; no bokeh simulation when gathering]]
[2020.04.27-02.41.04:986][  0]LogConfig: Setting CVar [[r.DOF.Gather.RingCount:4                 ; medium number of samples when gathering]]
[2020.04.27-02.41.04:986][  0]LogConfig: Setting CVar [[r.DOF.Scatter.ForegroundCompositing:1    ; additive foreground scattering]]
[2020.04.27-02.41.04:986][  0]LogConfig: Setting CVar [[r.DOF.Scatter.BackgroundCompositing:2    ; additive background scattering]]
[2020.04.27-02.41.04:986][  0]LogConfig: Setting CVar [[r.DOF.Scatter.EnableBokehSettings:1      ; bokeh simulation when scattering]]
[2020.04.27-02.41.04:986][  0]LogConfig: Setting CVar [[r.DOF.Scatter.MaxSpriteRatio:0.1         ; only a maximum of 10% of scattered bokeh]]
[2020.04.27-02.41.04:986][  0]LogConfig: Setting CVar [[r.DOF.Recombine.Quality:1                ; cheap slight out of focus]]
[2020.04.27-02.41.04:986][  0]LogConfig: Setting CVar [[r.DOF.Recombine.EnableBokehSettings:0    ; no bokeh simulation on slight out of focus]]
[2020.04.27-02.41.04:986][  0]LogConfig: Setting CVar [[r.DOF.TemporalAAQuality:1                ; more stable temporal accumulation]]
[2020.04.27-02.41.04:986][  0]LogConfig: Setting CVar [[r.DOF.Kernel.MaxForegroundRadius:0.025]]
[2020.04.27-02.41.04:986][  0]LogConfig: Setting CVar [[r.DOF.Kernel.MaxBackgroundRadius:0.025]]
[2020.04.27-02.41.04:986][  0]LogConfig: Applying CVar settings from Section [TextureQuality@3] File [../../../MidtermProject/Saved/Config/WindowsNoEditor/Scalability.ini]
[2020.04.27-02.41.04:986][  0]LogConfig: Setting CVar [[r.Streaming.MipBias:0]]
[2020.04.27-02.41.04:986][  0]LogConfig: Setting CVar [[r.Streaming.AmortizeCPUToGPUCopy:0]]
[2020.04.27-02.41.04:986][  0]LogConfig: Setting CVar [[r.Streaming.MaxNumTexturesToStreamPerFrame:0]]
[2020.04.27-02.41.04:986][  0]LogConfig: Setting CVar [[r.Streaming.Boost:1]]
[2020.04.27-02.41.04:986][  0]LogConfig: Setting CVar [[r.MaxAnisotropy:8]]
[2020.04.27-02.41.04:986][  0]LogConfig: Setting CVar [[r.VT.MaxAnisotropy:8]]
[2020.04.27-02.41.04:986][  0]LogConfig: Setting CVar [[r.Streaming.LimitPoolSizeToVRAM:0]]
[2020.04.27-02.41.04:986][  0]LogConfig: Setting CVar [[r.Streaming.PoolSize:1000]]
[2020.04.27-02.41.04:986][  0]LogConfig: Setting CVar [[r.Streaming.MaxEffectiveScreenSize:0]]
[2020.04.27-02.41.04:986][  0]LogConfig: Applying CVar settings from Section [EffectsQuality@3] File [../../../MidtermProject/Saved/Config/WindowsNoEditor/Scalability.ini]
[2020.04.27-02.41.04:986][  0]LogConfig: Setting CVar [[r.TranslucencyLightingVolumeDim:64]]
[2020.04.27-02.41.04:986][  0]LogConfig: Setting CVar [[r.RefractionQuality:2]]
[2020.04.27-02.41.04:986][  0]LogConfig: Setting CVar [[r.SSR.Quality:3]]
[2020.04.27-02.41.04:986][  0]LogConfig: Setting CVar [[r.SSR.HalfResSceneColor:0]]
[2020.04.27-02.41.04:986][  0]LogConfig: Setting CVar [[r.SceneColorFormat:4]]
[2020.04.27-02.41.04:987][  0]LogConfig: Setting CVar [[r.DetailMode:2]]
[2020.04.27-02.41.04:987][  0]LogConfig: Setting CVar [[r.TranslucencyVolumeBlur:1]]
[2020.04.27-02.41.04:987][  0]LogConfig: Setting CVar [[r.MaterialQualityLevel:1 ; High quality]]
[2020.04.27-02.41.04:987][  0]LogConfig: Setting CVar [[r.SSS.Scale:1]]
[2020.04.27-02.41.04:987][  0]LogConfig: Setting CVar [[r.SSS.SampleSet:2]]
[2020.04.27-02.41.04:987][  0]LogConfig: Setting CVar [[r.SSS.Quality:1]]
[2020.04.27-02.41.04:987][  0]LogConfig: Setting CVar [[r.SSS.HalfRes:1]]
[2020.04.27-02.41.04:987][  0]LogConfig: Setting CVar [[r.SSGI.Quality:3]]
[2020.04.27-02.41.04:987][  0]LogConfig: Setting CVar [[r.EmitterSpawnRateScale:1.0]]
[2020.04.27-02.41.04:987][  0]LogConfig: Setting CVar [[r.ParticleLightQuality:2]]
[2020.04.27-02.41.04:987][  0]LogConfig: Setting CVar [[r.SkyAtmosphere.AerialPerspectiveLUT.FastApplyOnOpaque:1 ; Always have FastSkyLUT 1 in this case to avoid wrong sky]]
[2020.04.27-02.41.04:987][  0]LogConfig: Setting CVar [[r.SkyAtmosphere.AerialPerspectiveLUT.SampleCountPerSlice:1]]
[2020.04.27-02.41.04:987][  0]LogConfig: Setting CVar [[r.SkyAtmosphere.AerialPerspectiveLUT.DepthResolution:16.0]]
[2020.04.27-02.41.04:987][  0]LogConfig: Setting CVar [[r.SkyAtmosphere.FastSkyLUT:1]]
[2020.04.27-02.41.04:987][  0]LogConfig: Setting CVar [[r.SkyAtmosphere.FastSkyLUT.SampleCountMin:4.0]]
[2020.04.27-02.41.04:987][  0]LogConfig: Setting CVar [[r.SkyAtmosphere.FastSkyLUT.SampleCountMax:32.0]]
[2020.04.27-02.41.04:987][  0]LogConfig: Setting CVar [[r.SkyAtmosphere.SampleCountMin:4.0]]
[2020.04.27-02.41.04:987][  0]LogConfig: Setting CVar [[r.SkyAtmosphere.SampleCountMax:32.0]]
[2020.04.27-02.41.04:987][  0]LogConfig: Setting CVar [[r.SkyAtmosphere.TransmittanceLUT.UseSmallFormat:0]]
[2020.04.27-02.41.04:987][  0]LogConfig: Setting CVar [[r.SkyAtmosphere.TransmittanceLUT.SampleCount:10.0]]
[2020.04.27-02.41.04:987][  0]LogConfig: Setting CVar [[r.SkyAtmosphere.MultiScatteringLUT.SampleCount:15.0]]
[2020.04.27-02.41.04:987][  0]LogConfig: Applying CVar settings from Section [FoliageQuality@3] File [../../../MidtermProject/Saved/Config/WindowsNoEditor/Scalability.ini]
[2020.04.27-02.41.04:987][  0]LogConfig: Setting CVar [[foliage.DensityScale:1.0]]
[2020.04.27-02.41.04:987][  0]LogConfig: Setting CVar [[grass.DensityScale:1.0]]
[2020.04.27-02.41.04:987][  0]LogConfig: Applying CVar settings from Section [ShadingQuality@3] File [../../../MidtermProject/Saved/Config/WindowsNoEditor/Scalability.ini]
[2020.04.27-02.41.04:987][  0]LogConfig: Setting CVar [[r.HairStrands.SkyLighting.SampleCount:16]]
[2020.04.27-02.41.04:987][  0]LogConfig: Setting CVar [[r.HairStrands.SkyLighting.JitterIntegration:0]]
[2020.04.27-02.41.04:987][  0]LogConfig: Setting CVar [[r.HairStrands.SkyAO.SampleCount:16]]
[2020.04.27-02.41.04:987][  0]LogConfig: Applying CVar settings from Section [Startup] File [../../../Engine/Config/ConsoleVariables.ini]
[2020.04.27-02.41.04:987][  0]LogConfig: Setting CVar [[net.UseAdaptiveNetUpdateFrequency:0]]
[2020.04.27-02.41.04:987][  0]LogConfig: Setting CVar [[p.chaos.AllowCreatePhysxBodies:1]]
[2020.04.27-02.41.04:987][  0]LogConfig: Applying CVar settings from Section [ConsoleVariables] File [../../../MidtermProject/Saved/Config/WindowsNoEditor/Engine.ini]
[2020.04.27-02.41.04:987][  0]LogInit: Computer: DESKTOP-89OUPS6
[2020.04.27-02.41.04:987][  0]LogInit: User: rache
[2020.04.27-02.41.04:987][  0]LogInit: CPU Page size=4096, Cores=4
[2020.04.27-02.41.04:987][  0]LogInit: High frequency timer resolution =10.000000 MHz
[2020.04.27-02.41.04:988][  0]LogMemory: Memory total: Physical=15.9GB (16GB approx)
[2020.04.27-02.41.04:988][  0]LogMemory: Platform Memory Stats for WindowsNoEditor
[2020.04.27-02.41.04:988][  0]LogMemory: Process Physical Memory: 59.19 MB used, 59.19 MB peak
[2020.04.27-02.41.04:988][  0]LogMemory: Process Virtual Memory: 69.43 MB used, 69.43 MB peak
[2020.04.27-02.41.04:988][  0]LogMemory: Physical Memory: 7730.45 MB used,  8589.56 MB free, 16320.00 MB total
[2020.04.27-02.41.04:988][  0]LogMemory: Virtual Memory: 4903.97 MB used,  134212824.00 MB free, 134217728.00 MB total
[2020.04.27-02.41.04:991][  0]LogWindows: WindowsPlatformFeatures enabled
[2020.04.27-02.41.05:167][  0]LogInit: Using OS detected language (en-US).
[2020.04.27-02.41.05:167][  0]LogInit: Using OS detected locale (en-US).
[2020.04.27-02.41.05:181][  0]LogTextLocalizationManager: No specific localization for 'en-US' exists, so the 'en' localization will be used.
[2020.04.27-02.41.05:819][  0]LogSlate: New Slate User Created.  User Index 0, Is Virtual User: 0
[2020.04.27-02.41.05:819][  0]LogSlate: Slate User Registered.  User Index 0, Is Virtual User: 0
[2020.04.27-02.41.07:192][  0]LogHMD: Failed to initialize OpenVR with code 126
[2020.04.27-02.41.07:192][  0]LogD3D11RHI: D3D11 min allowed feature level: 11_0
[2020.04.27-02.41.07:192][  0]LogD3D11RHI: D3D11 max allowed feature level: 11_0
[2020.04.27-02.41.07:192][  0]LogD3D11RHI: D3D11 adapters:
[2020.04.27-02.41.07:311][  0]LogD3D11RHI:    0. 'NVIDIA GeForce GTX 1060' (Feature Level 11_0)
[2020.04.27-02.41.07:311][  0]LogD3D11RHI:       2996/0/8160 MB DedicatedVideo/DedicatedSystem/SharedSystem, Outputs:2, VendorId:0x10de
[2020.04.27-02.41.07:361][  0]LogD3D11RHI:    1. 'Microsoft Basic Render Driver' (Feature Level 11_0)
[2020.04.27-02.41.07:361][  0]LogD3D11RHI:       0/0/8160 MB DedicatedVideo/DedicatedSystem/SharedSystem, Outputs:0, VendorId:0x1414
[2020.04.27-02.41.07:361][  0]LogD3D11RHI: Chosen D3D11 Adapter: 0
[2020.04.27-02.41.07:372][  0]LogD3D11RHI: Creating new Direct3DDevice
[2020.04.27-02.41.07:382][  0]LogD3D11RHI:     GPU DeviceId: 0x1c20 (for the marketing name, search the web for "GPU Device Id")
[2020.04.27-02.41.07:489][  0]LogWindows: EnumDisplayDevices:
[2020.04.27-02.41.07:489][  0]LogWindows:    0. 'NVIDIA GeForce GTX 1060' (P:1 D:1)
[2020.04.27-02.41.07:490][  0]LogWindows:    1. 'NVIDIA GeForce GTX 1060' (P:0 D:1)
[2020.04.27-02.41.07:491][  0]LogWindows:    2. 'NVIDIA GeForce GTX 1060' (P:0 D:0)
[2020.04.27-02.41.07:492][  0]LogWindows:    3. 'NVIDIA GeForce GTX 1060' (P:0 D:0)
[2020.04.27-02.41.07:493][  0]LogWindows: DebugString: FoundDriverCount:4 
[2020.04.27-02.41.07:493][  0]LogD3D11RHI:     Adapter Name: NVIDIA GeForce GTX 1060
[2020.04.27-02.41.07:493][  0]LogD3D11RHI:   Driver Version: 388.57 (internal:23.21.13.8857, unified:388.57)
[2020.04.27-02.41.07:493][  0]LogD3D11RHI:      Driver Date: 12-4-2017
[2020.04.27-02.41.07:493][  0]LogRHI: Texture pool is 2097 MB (70% of 2996 MB)
[2020.04.27-02.41.07:967][  0]LogD3D11RHI: RHI has support for 64 bit atomics
[2020.04.27-02.41.07:975][  0]LogD3D11RHI: Async texture creation enabled
[2020.04.27-02.41.09:669][  0]LogD3D11RHI: GPU Timing Frequency: 1000.000000 (Debug: 2 1)
[2020.04.27-02.41.10:897][  0]LogMaterial: Verifying Global Shaders for PCD3D_SM5
[2020.04.27-02.41.11:778][  0]LogSlate: Using FreeType 2.10.0
[2020.04.27-02.41.11:868][  0]LogSlate: SlateFontServices - WITH_FREETYPE: 1, WITH_HARFBUZZ: 1
[2020.04.27-02.41.13:148][  0]LogInit: Using OS detected language (en-US).
[2020.04.27-02.41.13:148][  0]LogInit: Using OS detected locale (en-US).
[2020.04.27-02.41.13:148][  0]LogTextLocalizationManager: No localization for 'en-US' exists, so 'en' will be used for the language.
[2020.04.27-02.41.13:149][  0]LogTextLocalizationManager: No localization for 'en-US' exists, so 'en' will be used for the locale.
[2020.04.27-02.41.13:161][  0]LogSlate: FontCache flush requested. Reason: Culture for localization was changed
[2020.04.27-02.41.13:161][  0]LogSlate: FontCache flush requested. Reason: Culture for localization was changed
[2020.04.27-02.41.13:163][  0]LogTextLocalizationManager: Compacting localization data took   1.70ms
[2020.04.27-02.41.13:420][  0]LogAssetRegistry: FAssetRegistry took 0.2308 seconds to start up
[2020.04.27-02.41.17:840][  0]LogStreaming: Display: Flushing async loaders.
[2020.04.27-02.41.17:979][  0]LogPackageLocalizationCache: Processed 9 localized package path(s) for 1 prioritized culture(s) in 0.048174 seconds
[2020.04.27-02.41.18:165][  0]LogPakFile: New pak file ../../../MidtermProject/Content/Paks/MidtermProject-WindowsNoEditor.pak added to pak precacher.
[2020.04.27-02.41.19:535][  0]LogInit: Selected Device Profile: [WindowsNoEditor]
[2020.04.27-02.41.20:745][  0]LogNetVersion: MidtermProject 1.0.0, NetCL: 10570792, EngineNetVer: 13, GameNetVer: 0 (Checksum: 1821042750)
[2020.04.27-02.41.22:327][  0]LogAudioCaptureCore: Display: No Audio Capture implementations found. Audio input will be silent.
[2020.04.27-02.41.22:327][  0]LogAudioCaptureCore: Display: No Audio Capture implementations found. Audio input will be silent.
[2020.04.27-02.41.23:663][  0]LogMoviePlayer: Initializing movie player
[2020.04.27-02.41.23:789][  0]LogAndroidPermission: UAndroidPermissionCallbackProxy::GetInstance
[2020.04.27-02.41.23:813][  0]LogOcInput: OculusInput pre-init called
[2020.04.27-02.41.24:015][  0]LogUObjectArray: 42683 objects as part of root set at end of initial load.
[2020.04.27-02.41.24:015][  0]LogUObjectArray: 2 objects are not in the root set, but can never be destroyed because they are in the DisregardForGC set.
[2020.04.27-02.41.24:015][  0]LogUObjectAllocator: 6351568 out of 0 bytes used by permanent object pool.
[2020.04.27-02.41.24:015][  0]LogUObjectArray: CloseDisregardForGC: 42683/42683 objects in disregard for GC pool
[2020.04.27-02.41.24:103][  0]LogEngine: Initializing Engine...
[2020.04.27-02.41.24:342][  0]LogHMD: Failed to initialize OpenVR with code 126
[2020.04.27-02.41.24:427][  0]LogStats: UGameplayTagsManager::InitializeManager -  0.024 s
[2020.04.27-02.41.25:012][  0]LogPakFile: Precache HighWater 16MB

[2020.04.27-02.41.25:012][  0]LogPakFile: Precache HighWater 32MB

[2020.04.27-02.41.25:012][  0]LogInit: Initializing FReadOnlyCVARCache
[2020.04.27-02.41.25:098][  0]LogAudioMixer: Display: Audio Mixer Platform Settings:
[2020.04.27-02.41.25:098][  0]LogAudioMixer: Display: 	Sample Rate:						  48000
[2020.04.27-02.41.25:099][  0]LogAudioMixer: Display: 	Callback Buffer Frame Size Requested: 1024
[2020.04.27-02.41.25:099][  0]LogAudioMixer: Display: 	Callback Buffer Frame Size To Use:	  1024
[2020.04.27-02.41.25:099][  0]LogAudioMixer: Display: 	Number of buffers to queue:			  2
[2020.04.27-02.41.25:099][  0]LogAudioMixer: Display: 	Max Channels (voices):				  32
[2020.04.27-02.41.25:099][  0]LogAudioMixer: Display: 	Number of Async Source Workers:		  0
[2020.04.27-02.41.25:099][  0]LogAudio: Display: AudioDevice MaxSources: 32
[2020.04.27-02.41.25:110][  0]LogAudio: Display: Using built-in audio occlusion.
[2020.04.27-02.41.25:110][  0]LogAudioMixer: Display: Initializing audio mixer.
[2020.04.27-02.41.25:127][  0]LogAudioDebug: Display: Lib vorbis DLL was dynamically loaded.
[2020.04.27-02.41.25:185][  0]LogAudioMixer: Display: Audio Device Output Speaker Info:
[2020.04.27-02.41.25:185][  0]LogAudioMixer: Display: Name: Speakers (Realtek High Definition Audio)
[2020.04.27-02.41.25:185][  0]LogAudioMixer: Display: Is Default: Yes
[2020.04.27-02.41.25:185][  0]LogAudioMixer: Display: Sample Rate: 48000
[2020.04.27-02.41.25:185][  0]LogAudioMixer: Display: Channel Count Used: 2
[2020.04.27-02.41.25:247][  0]LogAudioMixer: Display: Device Channel Count: 2
[2020.04.27-02.41.25:248][  0]LogAudioMixer: Display: Channel Order:
[2020.04.27-02.41.25:248][  0]LogAudioMixer: Display: 0: FrontLeft
[2020.04.27-02.41.25:248][  0]LogAudioMixer: Display: 1: FrontRight
[2020.04.27-02.41.25:293][  0]LogAudioMixer: Display: Using Audio Device Speakers (Realtek High Definition Audio)
[2020.04.27-02.41.25:361][  0]LogInit: FAudioDevice initialized.
[2020.04.27-02.41.25:439][  0]LogNetVersion: Set ProjectVersion to 1.0.0.0. Version Checksum will be recalculated on next use.
[2020.04.27-02.41.25:439][  0]LogInit: Texture streaming: Enabled
[2020.04.27-02.41.26:809][  0]LogSlate: Updating window title bar state: overlay mode, drag disabled, window buttons hidden, title bar hidden
[2020.04.27-02.41.27:094][  0]LogInit: Display: Game Engine Initialized.
[2020.04.27-02.41.27:336][  0]LogInit: Display: Starting Game.
[2020.04.27-02.41.27:391][  0]LogNet: Browse: /Game/FinalLevel?Name=Player
[2020.04.27-02.41.27:439][  0]LogLoad: LoadMap: /Game/FinalLevel?Name=Player
[2020.04.27-02.41.27:439][  0]LogWorld: BeginTearingDown for /Temp/Untitled_0
[2020.04.27-02.41.27:661][  0]LogWorld: UWorld::CleanupWorld for Untitled, bSessionEnded=true, bCleanupResources=true
[2020.04.27-02.41.27:718][  0]LogSlate: InvalidateAllWidgets triggered.  All widgets were invalidated
[2020.04.27-02.41.28:344][  0]LogAudioMixer: Display: No commands were queued while flushing the source manager.
[2020.04.27-02.41.28:543][  0]LogUObjectHash: Compacting FUObjectHashTables data took   4.94ms
[2020.04.27-02.41.28:581][  0]LogTaskGraph: Warning: Task graph took  26.61ms for RT to recieve broadcast.
[2020.04.27-02.41.28:581][  0]LogTaskGraph: Warning: Task graph took  30.19ms for AudioT to recieve broadcast.
[2020.04.27-02.41.28:581][  0]LogTaskGraph: Warning: Task graph took  30.20ms for Stats to recieve broadcast.
[2020.04.27-02.41.28:581][  0]LogTaskGraph: Warning: Task graph took  30.79ms for RT to recieve broadcast and do processing.
[2020.04.27-02.41.28:581][  0]LogTaskGraph: Warning: Task graph took  30.84ms for AudioT to recieve broadcast and do processing.
[2020.04.27-02.41.28:582][  0]LogTaskGraph: Warning: Task graph took  31.37ms for Stats to recieve broadcast and do processing.
[2020.04.27-02.41.28:582][  0]LogTaskGraph: Warning: Task graph took  31.41ms to broadcast.
[2020.04.27-02.41.29:845][  0]LogPakFile: Precache HighWater 48MB

[2020.04.27-02.41.29:845][  0]LogPakFile: Precache HighWater 64MB

[2020.04.27-02.41.29:845][  0]LogPakFile: Precache HighWater 80MB

[2020.04.27-02.41.29:845][  0]LogPakFile: Precache HighWater 96MB

[2020.04.27-02.41.29:845][  0]LogPakFile: Precache HighWater 112MB

[2020.04.27-02.41.30:276][  0]LogAIModule: Creating AISystem for world FinalLevel
[2020.04.27-02.41.30:278][  0]LogLoad: Game class is 'myGameModeMidterm_C'
[2020.04.27-02.41.30:933][  0]LogWorld: Bringing World /Game/FinalLevel.FinalLevel up for play (max tick rate 0) at 2020.04.26-22.41.30
[2020.04.27-02.41.31:047][  0]LogWorld: Bringing up level for play took: 0.667163
[2020.04.27-02.41.31:674][  0]LogUMG: Display: Widget Class myUI_C - Loaded Fast Template.
[2020.04.27-02.41.31:900][  0]LogLoad: Took 4.461498 seconds to LoadMap(/Game/FinalLevel)
[2020.04.27-02.41.32:159][  0]LogSlate: Took 0.000229 seconds to synchronously load lazily loaded font '../../../Engine/Content/EngineFonts/Faces/RobotoRegular.ufont' (155K)
[2020.04.27-02.41.32:695][  0]LogLoad: (Engine Initialization) Total time: 28.03 seconds
[2020.04.27-02.41.32:968][  0]LogRenderer: Reallocating scene render targets to support 1920x1080 Format 10 NumSamples 1 (Frame:1).
[2020.04.27-02.41.33:972][  0]LogContentStreaming: Texture pool size now 1000 MB
[2020.04.27-02.41.34:264][  0]LogSlate: InvalidateAllWidgets triggered.  All widgets were invalidated
[2020.04.27-02.41.34:368][  0]LogSlate: Slate font cache was flushed
[2020.04.27-02.41.34:542][  1]LogSlate: Took 0.000200 seconds to synchronously load lazily loaded font '../../../Engine/Content/EngineFonts/Faces/RobotoRegular.ufont' (155K)
[2020.04.27-03.02.19:161][986]LogWindowsDesktop: Alt-F4 pressed!
[2020.04.27-03.02.19:161][986]LogSlate: Request Window 'MidtermProject (64-bit Development PCD3D_SM5) ' being destroyed
[2020.04.27-03.02.19:203][986]LogSlate: Window 'MidtermProject (64-bit Development PCD3D_SM5) ' being destroyed
[2020.04.27-03.02.19:219][986]LogWindowsTextInputMethodSystem: Display: IME system now activated using TSF (搜狗拼音输入法).
[2020.04.27-03.02.19:389][986]LogSlate: Updating window title bar state: overlay mode, drag disabled, window buttons hidden, title bar hidden
[2020.04.27-03.02.19:389][986]LogEngine: All Windows Closed
[2020.04.27-03.02.19:389][986]LogWindows: FPlatformMisc::RequestExit(0)
[2020.04.27-03.02.19:389][986]LogCore: Engine exit requested (reason: Win RequestExit)
[2020.04.27-03.02.19:394][987]LogCore: Engine exit requested (reason: EngineExit() was called; note: exit was already requested)
[2020.04.27-03.02.19:549][987]LogAudioMixer: Display: Flush succeeded in the source manager command queue (1).
[2020.04.27-03.02.19:639][987]LogAudioMixer: Display: Audio Buffer Underrun detected.
[2020.04.27-03.02.19:639][987]LogAudioMixer: Display: Flush succeeded the source manager command queue (2).
