Log file open, 03/19/20 16:46:49
LogWindows: Failed to load 'aqProf.dll' (GetLastError=126)
LogWindows: File 'aqProf.dll' does not exist
LogWindows: Failed to load 'VtuneApi.dll' (GetLastError=126)
LogWindows: File 'VtuneApi.dll' does not exist
LogWindows: Failed to load 'VtuneApi32e.dll' (GetLastError=126)
LogWindows: File 'VtuneApi32e.dll' does not exist
LogConsoleResponse: Display: Failed to find resolution value strings in scalability ini. Falling back to default.
LogInit: Display: Running engine for game: MidtermProject
LogPlatformFile: Not using cached read wrapper
LogTaskGraph: Started task graph with 5 named threads and 23 total threads with 3 sets of task threads.
LogStats: Stats thread started at 0.094343
LogD3D11RHI: Loaded GFSDK_Aftermath_Lib.x64.dll
LogICUInternationalization: ICU TimeZone Detection - Raw Offset: -5:00, Platform Override: ''
LogPluginManager: Mounting plugin Paper2D
LogPluginManager: Mounting plugin AISupport
LogPluginManager: Mounting plugin LightPropagationVolume
LogPluginManager: Mounting plugin ActorLayerUtilities
LogPluginManager: Mounting plugin AnimationSharing
LogPluginManager: Mounting plugin CLionSourceCodeAccess
LogPluginManager: Mounting plugin CodeLiteSourceCodeAccess
LogPluginManager: Mounting plugin GitSourceControl
LogPluginManager: Mounting plugin KDevelopSourceCodeAccess
LogPluginManager: Mounting plugin NullSourceCodeAccess
LogPluginManager: Mounting plugin PerforceSourceControl
LogPluginManager: Mounting plugin PlasticSourceControl
LogPluginManager: Mounting plugin SubversionSourceControl
LogPluginManager: Mounting plugin UObjectPlugin
LogPluginManager: Mounting plugin VisualStudioCodeSourceCodeAccess
LogPluginManager: Mounting plugin VisualStudioSourceCodeAccess
LogPluginManager: Mounting plugin XCodeSourceCodeAccess
LogPluginManager: Mounting plugin AssetManagerEditor
LogPluginManager: Mounting plugin CryptoKeys
LogPluginManager: Mounting plugin CurveEditorTools
LogPluginManager: Mounting plugin DataValidation
LogPluginManager: Mounting plugin FacialAnimation
LogPluginManager: Mounting plugin GameplayTagsEditor
LogPluginManager: Mounting plugin MacGraphicsSwitching
LogPluginManager: Mounting plugin MaterialAnalyzer
LogPluginManager: Mounting plugin MobileLauncherProfileWizard
LogPluginManager: Mounting plugin PluginBrowser
LogPluginManager: Mounting plugin SpeedTreeImporter
LogPluginManager: Mounting plugin DatasmithContent
LogPluginManager: Mounting plugin VariantManagerContent
LogPluginManager: Mounting plugin AlembicImporter
LogPluginManager: Mounting plugin AutomationUtils
LogPluginManager: Mounting plugin BackChannel
LogPluginManager: Mounting plugin CharacterAI
LogPluginManager: Mounting plugin GeometryCache
LogPluginManager: Mounting plugin PlatformCrypto
LogPluginManager: Mounting plugin ProxyLODPlugin
LogPluginManager: Mounting plugin SkeletalReduction
LogPluginManager: Mounting plugin MagicLeap
LogPluginManager: Mounting plugin MagicLeapMedia
LogPluginManager: Mounting plugin MLSDK
LogPluginManager: Mounting plugin AndroidMedia
LogPluginManager: Mounting plugin AvfMedia
LogPluginManager: Mounting plugin ImgMedia
LogPluginManager: Mounting plugin MediaCompositing
LogPluginManager: Mounting plugin MediaPlayerEditor
LogPluginManager: Mounting plugin WebMMedia
LogPluginManager: Mounting plugin WmfMedia
LogPluginManager: Mounting plugin TcpMessaging
LogPluginManager: Mounting plugin UdpMessaging
LogPluginManager: Mounting plugin ActorSequence
LogPluginManager: Mounting plugin LevelSequenceEditor
LogPluginManager: Mounting plugin MatineeToLevelSequence
LogPluginManager: Mounting plugin NetcodeUnitTest
LogPluginManager: Mounting plugin NUTUnrealEngine4
LogPluginManager: Mounting plugin OnlineSubsystemGooglePlay
LogPluginManager: Mounting plugin OnlineSubsystemIOS
LogPluginManager: Mounting plugin OnlineSubsystem
LogPluginManager: Mounting plugin OnlineSubsystemNull
LogPluginManager: Mounting plugin OnlineSubsystemUtils
LogPluginManager: Mounting plugin LauncherChunkInstaller
LogPluginManager: Mounting plugin AndroidDeviceProfileSelector
LogPluginManager: Mounting plugin AndroidMoviePlayer
LogPluginManager: Mounting plugin AndroidPermission
LogPluginManager: Mounting plugin AppleImageUtils
LogPluginManager: Mounting plugin AppleMoviePlayer
LogPluginManager: Mounting plugin ArchVisCharacter
LogPluginManager: Mounting plugin AssetTags
LogPluginManager: Mounting plugin AudioCapture
LogPluginManager: Mounting plugin CableComponent
LogPluginManager: Mounting plugin CustomMeshComponent
LogPluginManager: Mounting plugin EditableMesh
LogPluginManager: Mounting plugin ExampleDeviceProfileSelector
LogPluginManager: Mounting plugin GoogleCloudMessaging
LogPluginManager: Mounting plugin IOSDeviceProfileSelector
LogPluginManager: Mounting plugin LinuxDeviceProfileSelector
LogPluginManager: Mounting plugin LocationServicesBPLibrary
LogPluginManager: Mounting plugin MobilePatchingUtils
LogPluginManager: Mounting plugin OculusVR
LogPluginManager: Mounting plugin PhysXVehicles
LogPluginManager: Mounting plugin PostSplashScreen
LogPluginManager: Mounting plugin ProceduralMeshComponent
LogPluginManager: Mounting plugin RuntimePhysXCooking
LogPluginManager: Mounting plugin SignificanceManager
LogPluginManager: Mounting plugin SteamVR
LogPluginManager: Mounting plugin WebMMoviePlayer
LogPluginManager: Mounting plugin WindowsMoviePlayer
LogPluginManager: Mounting plugin ScreenshotTools
LogInit: Using libcurl 7.55.1-DEV
LogInit:  - built for x86_64-pc-win32
LogInit:  - supports SSL with OpenSSL/1.1.1
LogInit:  - supports HTTP deflate (compression) using libz 1.2.8
LogInit:  - other features:
LogInit:      CURL_VERSION_SSL
LogInit:      CURL_VERSION_LIBZ
LogInit:      CURL_VERSION_IPV6
LogInit:      CURL_VERSION_ASYNCHDNS
LogInit:      CURL_VERSION_LARGEFILE
LogInit:      CURL_VERSION_IDN
LogInit:  CurlRequestOptions (configurable via config and command line):
LogInit:  - bVerifyPeer = true  - Libcurl will verify peer certificate
LogInit:  - bUseHttpProxy = false  - Libcurl will NOT use HTTP proxy
LogInit:  - bDontReuseConnections = false  - Libcurl will reuse connections
LogInit:  - MaxHostConnections = 16  - Libcurl will limit the number of connections to a host
LogInit:  - LocalHostAddr = Default
LogInit:  - BufferSize = 65536
LogOnline: OSS: Creating online subsystem instance for: NULL
LogInit: WinSock: version 1.1 (2.2), MaxSocks=32767, MaxUdp=65467
LogOnline: OSS: TryLoadSubsystemAndSetDefault: Loaded subsystem for module [NULL]
LogInit: Build: ++UE4+Release-4.24-CL-10757647
LogInit: Engine Version: 4.24.1-10757647+++UE4+Release-4.24
LogInit: Compatible Engine Version: 4.24.0-10570792+++UE4+Release-4.24
LogInit: Net CL: 10570792
LogInit: OS: Windows 10 (Release 1903) (), CPU: Intel(R) Core(TM) i7-6700HQ CPU @ 2.60GHz, GPU: NVIDIA GeForce GTX 1060
LogInit: Compiled (64-bit): Dec 17 2019 02:08:03
LogInit: Compiled with Visual C++: 19.16.27032.01
LogInit: Build Configuration: Development
LogInit: Branch Name: ++UE4+Release-4.24
LogInit: Command Line:  -EpicPortal -epicusername=rachelqxl -epicuserid=ace2c9cfa278442f8c123a4e488357fc -epiclocale=en
LogInit: Base Directory: D:/apps/EpicGames/UE_4.24/Engine/Binaries/Win64/
LogInit: Installed Engine Build: 1
LogDevObjectVersion: Number of dev versions registered: 25
LogDevObjectVersion:   Dev-Blueprints (B0D832E4-1F89-4F0D-ACCF-7EB736FD4AA2): 10
LogDevObjectVersion:   Dev-Build (E1C64328-A22C-4D53-A36C-8E866417BD8C): 0
LogDevObjectVersion:   Dev-Core (375EC13C-06E4-48FB-B500-84F0262A717E): 3
LogDevObjectVersion:   Dev-Editor (E4B068ED-F494-42E9-A231-DA0B2E46BB41): 37
LogDevObjectVersion:   Dev-Framework (CFFC743F-43B0-4480-9391-14DF171D2073): 36
LogDevObjectVersion:   Dev-Mobile (B02B49B5-BB20-44E9-A304-32B752E40360): 2
LogDevObjectVersion:   Dev-Networking (A4E4105C-59A1-49B5-A7C5-40C4547EDFEE): 0
LogDevObjectVersion:   Dev-Online (39C831C9-5AE6-47DC-9A44-9C173E1C8E7C): 0
LogDevObjectVersion:   Dev-Physics (78F01B33-EBEA-4F98-B9B4-84EACCB95AA2): 2
LogDevObjectVersion:   Dev-Platform (6631380F-2D4D-43E0-8009-CF276956A95A): 0
LogDevObjectVersion:   Dev-Rendering (12F88B9F-8875-4AFC-A67C-D90C383ABD29): 36
LogDevObjectVersion:   Dev-Sequencer (7B5AE74C-D270-4C10-A958-57980B212A5A): 11
LogDevObjectVersion:   Dev-VR (D7296918-1DD6-4BDD-9DE2-64A83CC13884): 2
LogDevObjectVersion:   Dev-LoadTimes (C2A15278-BFE7-4AFE-6C17-90FF531DF755): 1
LogDevObjectVersion:   Private-Geometry (6EACA3D4-40EC-4CC1-B786-8BED09428FC5): 3
LogDevObjectVersion:   Dev-AnimPhys (29E575DD-E0A3-4627-9D10-D276232CDCEA): 17
LogDevObjectVersion:   Dev-Anim (AF43A65D-7FD3-4947-9873-3E8ED9C1BB05): 2
LogDevObjectVersion:   Dev-ReflectionCapture (6B266CEC-1EC7-4B8F-A30B-E4D90942FC07): 1
LogDevObjectVersion:   Dev-Automation (0DF73D61-A23F-47EA-B727-89E90C41499A): 1
LogDevObjectVersion:   FortniteMain (601D1886-AC64-4F84-AA16-D3DE0DEAC7D6): 31
LogDevObjectVersion:   Dev-Enterprise (9DFFBCD6-494F-0158-E221-12823C92A888): 8
LogDevObjectVersion:   Dev-Niagara (F2AED0AC-9AFE-416F-8664-AA7FFA26D6FC): 1
LogDevObjectVersion:   Dev-Destruction (174F1F0B-B4C6-45A5-B13F-2EE8D0FB917D): 9
LogDevObjectVersion:   Dev-Physics-Ext (35F94A83-E258-406C-A318-09F59610247C): 8
LogDevObjectVersion:   Dev-CineCamera (B2E18506-4273-CFC2-A54E-F4BB758BBA07): 1
LogInit: Presizing for max 25165824 objects, including 0 objects not considered by GC, pre-allocating 0 bytes for permanent pool.
LogInit: Object subsystem initialized
LogConfig: Setting CVar [[con.DebugEarlyDefault:1]]
LogConfig: Setting CVar [[r.setres:1280x720]]
[2020.03.19-20.46.49:596][  0]LogConfig: Setting CVar [[r.VSync:0]]
[2020.03.19-20.46.49:596][  0]LogConfig: Setting CVar [[r.RHICmdBypass:0]]
[2020.03.19-20.46.49:596][  0]LogConfig: Applying CVar settings from Section [/Script/Engine.RendererSettings] File [D:/content/others/nyu/gradClasses/Level Design/MidtermProject/Saved/Config/Windows/Engine.ini]
[2020.03.19-20.46.49:596][  0]LogConfig: Setting CVar [[r.GPUCrashDebugging:0]]
[2020.03.19-20.46.49:596][  0]LogConfig: Setting CVar [[r.MobileHDR:1]]
[2020.03.19-20.46.49:596][  0]LogConfig: Setting CVar [[r.Mobile.DisableVertexFog:1]]
[2020.03.19-20.46.49:596][  0]LogConfig: Setting CVar [[r.Shadow.CSM.MaxMobileCascades:2]]
[2020.03.19-20.46.49:596][  0]LogConfig: Setting CVar [[r.MobileMSAA:1]]
[2020.03.19-20.46.49:596][  0]LogConfig: Setting CVar [[r.Mobile.UseLegacyShadingModel:0]]
[2020.03.19-20.46.49:596][  0]LogConfig: Setting CVar [[r.Mobile.UseHWsRGBEncoding:0]]
[2020.03.19-20.46.49:596][  0]LogConfig: Setting CVar [[r.Mobile.AllowDitheredLODTransition:0]]
[2020.03.19-20.46.49:596][  0]LogConfig: Setting CVar [[r.Mobile.AllowSoftwareOcclusion:0]]
[2020.03.19-20.46.49:596][  0]LogConfig: Setting CVar [[r.DiscardUnusedQuality:0]]
[2020.03.19-20.46.49:596][  0]LogConfig: Setting CVar [[r.AllowOcclusionQueries:1]]
[2020.03.19-20.46.49:596][  0]LogConfig: Setting CVar [[r.MinScreenRadiusForLights:0.030000]]
[2020.03.19-20.46.49:596][  0]LogConfig: Setting CVar [[r.MinScreenRadiusForDepthPrepass:0.030000]]
[2020.03.19-20.46.49:596][  0]LogConfig: Setting CVar [[r.MinScreenRadiusForCSMDepth:0.010000]]
[2020.03.19-20.46.49:596][  0]LogConfig: Setting CVar [[r.PrecomputedVisibilityWarning:0]]
[2020.03.19-20.46.49:596][  0]LogConfig: Setting CVar [[r.TextureStreaming:1]]
[2020.03.19-20.46.49:596][  0]LogConfig: Setting CVar [[Compat.UseDXT5NormalMaps:0]]
[2020.03.19-20.46.49:597][  0]LogConfig: Setting CVar [[r.VirtualTextures:0]]
[2020.03.19-20.46.49:597][  0]LogConfig: Setting CVar [[r.VirtualTexturedLightmaps:0]]
[2020.03.19-20.46.49:597][  0]LogConfig: Setting CVar [[r.VT.TileSize:128]]
[2020.03.19-20.46.49:597][  0]LogConfig: Setting CVar [[r.VT.TileBorderSize:4]]
[2020.03.19-20.46.49:597][  0]LogConfig: Setting CVar [[r.vt.FeedbackFactor:16]]
[2020.03.19-20.46.49:597][  0]LogConfig: Setting CVar [[r.VT.EnableCompressZlib:1]]
[2020.03.19-20.46.49:597][  0]LogConfig: Setting CVar [[r.VT.EnableCompressCrunch:0]]
[2020.03.19-20.46.49:597][  0]LogConfig: Setting CVar [[r.ClearCoatNormal:0]]
[2020.03.19-20.46.49:597][  0]LogConfig: Setting CVar [[r.ReflectionCaptureResolution:128]]
[2020.03.19-20.46.49:597][  0]LogConfig: Setting CVar [[r.ReflectionEnvironmentLightmapMixBasedOnRoughness:1]]
[2020.03.19-20.46.49:597][  0]LogConfig: Setting CVar [[r.ForwardShading:0]]
[2020.03.19-20.46.49:597][  0]LogConfig: Setting CVar [[r.VertexFoggingForOpaque:1]]
[2020.03.19-20.46.49:597][  0]LogConfig: Setting CVar [[r.AllowStaticLighting:1]]
[2020.03.19-20.46.49:597][  0]LogConfig: Setting CVar [[r.NormalMapsForStaticLighting:0]]
[2020.03.19-20.46.49:597][  0]LogConfig: Setting CVar [[r.GenerateMeshDistanceFields:0]]
[2020.03.19-20.46.49:597][  0]LogConfig: Setting CVar [[r.DistanceFieldBuild.EightBit:0]]
[2020.03.19-20.46.49:597][  0]LogConfig: Setting CVar [[r.GenerateLandscapeGIData:0]]
[2020.03.19-20.46.49:597][  0]LogConfig: Setting CVar [[r.DistanceFieldBuild.Compress:0]]
[2020.03.19-20.46.49:597][  0]LogConfig: Setting CVar [[r.TessellationAdaptivePixelsPerTriangle:48.000000]]
[2020.03.19-20.46.49:597][  0]LogConfig: Setting CVar [[r.SeparateTranslucency:1]]
[2020.03.19-20.46.49:597][  0]LogConfig: Setting CVar [[r.TranslucentSortPolicy:0]]
[2020.03.19-20.46.49:597][  0]LogConfig: Setting CVar [[r.CustomDepth:1]]
[2020.03.19-20.46.49:597][  0]LogConfig: Setting CVar [[r.CustomDepthTemporalAAJitter:1]]
[2020.03.19-20.46.49:597][  0]LogConfig: Setting CVar [[r.PostProcessing.PropagateAlpha:0]]
[2020.03.19-20.46.49:597][  0]LogConfig: Setting CVar [[r.DefaultFeature.Bloom:1]]
[2020.03.19-20.46.49:597][  0]LogConfig: Setting CVar [[r.DefaultFeature.AmbientOcclusion:1]]
[2020.03.19-20.46.49:597][  0]LogConfig: Setting CVar [[r.DefaultFeature.AmbientOcclusionStaticFraction:1]]
[2020.03.19-20.46.49:597][  0]LogConfig: Setting CVar [[r.DefaultFeature.AutoExposure:0]]
[2020.03.19-20.46.49:597][  0]LogConfig: Setting CVar [[r.DefaultFeature.AutoExposure.Method:0]]
[2020.03.19-20.46.49:597][  0]LogConfig: Setting CVar [[r.DefaultFeature.AutoExposure.ExtendDefaultLuminanceRange:0]]
[2020.03.19-20.46.49:597][  0]LogConfig: Setting CVar [[r.UsePreExposure:1]]
[2020.03.19-20.46.49:597][  0]LogConfig: Setting CVar [[r.EyeAdaptation.EditorOnly:1]]
[2020.03.19-20.46.49:597][  0]LogConfig: Setting CVar [[r.DefaultFeature.MotionBlur:0]]
[2020.03.19-20.46.49:597][  0]LogConfig: Setting CVar [[r.DefaultFeature.LensFlare:0]]
[2020.03.19-20.46.49:597][  0]LogConfig: Setting CVar [[r.TemporalAA.Upsampling:0]]
[2020.03.19-20.46.49:597][  0]LogConfig: Setting CVar [[r.SSGI.Enable:0]]
[2020.03.19-20.46.49:597][  0]LogConfig: Setting CVar [[r.DefaultFeature.AntiAliasing:0]]
[2020.03.19-20.46.49:597][  0]LogConfig: Setting CVar [[r.DefaultFeature.LightUnits:1]]
[2020.03.19-20.46.49:597][  0]LogConfig: Setting CVar [[r.DefaultBackBufferPixelFormat:4]]
[2020.03.19-20.46.49:597][  0]LogConfig: Setting CVar [[r.Shadow.UnbuiltPreviewInGame:1]]
[2020.03.19-20.46.49:597][  0]LogConfig: Setting CVar [[r.StencilForLODDither:0]]
[2020.03.19-20.46.49:597][  0]LogConfig: Setting CVar [[r.EarlyZPass:3]]
[2020.03.19-20.46.49:615][  0]LogConfig: Setting CVar [[r.EarlyZPassOnlyMaterialMasking:0]]
[2020.03.19-20.46.49:615][  0]LogConfig: Setting CVar [[r.DBuffer:1]]
[2020.03.19-20.46.49:615][  0]LogConfig: Setting CVar [[r.ClearSceneMethod:1]]
[2020.03.19-20.46.49:615][  0]LogConfig: Setting CVar [[r.BasePassOutputsVelocity:0]]
[2020.03.19-20.46.49:615][  0]LogConfig: Setting CVar [[r.SelectiveBasePassOutputs:0]]
[2020.03.19-20.46.49:615][  0]LogConfig: Setting CVar [[fx.GPUSimulationTextureSizeX:1024]]
[2020.03.19-20.46.49:615][  0]LogConfig: Setting CVar [[fx.GPUSimulationTextureSizeY:1024]]
[2020.03.19-20.46.49:615][  0]LogConfig: Setting CVar [[r.AllowGlobalClipPlane:0]]
[2020.03.19-20.46.49:615][  0]LogConfig: Setting CVar [[r.GBufferFormat:1]]
[2020.03.19-20.46.49:615][  0]LogConfig: Setting CVar [[r.MorphTarget.Mode:1]]
[2020.03.19-20.46.49:615][  0]LogConfig: Setting CVar [[vr.InstancedStereo:0]]
[2020.03.19-20.46.49:615][  0]LogConfig: Setting CVar [[vr.MultiView:0]]
[2020.03.19-20.46.49:615][  0]LogConfig: Setting CVar [[vr.MobileMultiView:0]]
[2020.03.19-20.46.49:615][  0]LogConfig: Setting CVar [[vr.MobileMultiView.Direct:0]]
[2020.03.19-20.46.49:615][  0]LogConfig: Setting CVar [[vr.RoundRobinOcclusion:0]]
[2020.03.19-20.46.49:615][  0]LogConfig: Setting CVar [[vr.ODSCapture:0]]
[2020.03.19-20.46.49:615][  0]LogConfig: Setting CVar [[r.WireframeCullThreshold:5.000000]]
[2020.03.19-20.46.49:615][  0]LogConfig: Setting CVar [[r.RayTracing:0]]
[2020.03.19-20.46.49:616][  0]LogConfig: Setting CVar [[r.RayTracing.UseTextureLod:0]]
[2020.03.19-20.46.49:616][  0]LogConfig: Setting CVar [[r.SupportStationarySkylight:1]]
[2020.03.19-20.46.49:616][  0]LogConfig: Setting CVar [[r.SupportLowQualityLightmaps:1]]
[2020.03.19-20.46.49:616][  0]LogConfig: Setting CVar [[r.SupportPointLightWholeSceneShadows:1]]
[2020.03.19-20.46.49:616][  0]LogConfig: Setting CVar [[r.SupportAtmosphericFog:1]]
[2020.03.19-20.46.49:616][  0]LogConfig: Setting CVar [[r.SupportSkyAtmosphere:1]]
[2020.03.19-20.46.49:616][  0]LogConfig: Setting CVar [[r.SupportSkyAtmosphereAffectsHeightFog:0]]
[2020.03.19-20.46.49:616][  0]LogConfig: Setting CVar [[r.SkinCache.CompileShaders:0]]
[2020.03.19-20.46.49:616][  0]LogConfig: Setting CVar [[r.Mobile.EnableStaticAndCSMShadowReceivers:1]]
[2020.03.19-20.46.49:616][  0]LogConfig: Setting CVar [[r.Mobile.EnableMovableLightCSMShaderCulling:1]]
[2020.03.19-20.46.49:616][  0]LogConfig: Setting CVar [[r.Mobile.AllowDistanceFieldShadows:1]]
[2020.03.19-20.46.49:616][  0]LogConfig: Setting CVar [[r.Mobile.AllowMovableDirectionalLights:1]]
[2020.03.19-20.46.49:616][  0]LogConfig: Setting CVar [[r.MobileNumDynamicPointLights:4]]
[2020.03.19-20.46.49:616][  0]LogConfig: Setting CVar [[r.MobileDynamicPointLightsUseStaticBranch:1]]
[2020.03.19-20.46.49:616][  0]LogConfig: Setting CVar [[r.Mobile.EnableMovableSpotlights:0]]
[2020.03.19-20.46.49:616][  0]LogConfig: Setting CVar [[r.SkinCache.SceneMemoryLimitInMB:128.000000]]
[2020.03.19-20.46.49:616][  0]LogConfig: Setting CVar [[r.GPUSkin.Limit2BoneInfluences:0]]
[2020.03.19-20.46.49:616][  0]LogConfig: Setting CVar [[r.SupportDepthOnlyIndexBuffers:1]]
[2020.03.19-20.46.49:616][  0]LogConfig: Setting CVar [[r.SupportReversedIndexBuffers:1]]
[2020.03.19-20.46.49:616][  0]LogConfig: Setting CVar [[r.SupportMaterialLayers:0]]
[2020.03.19-20.46.49:616][  0]LogConfig: Setting CVar [[r.LightPropagationVolume:0]]
[2020.03.19-20.46.49:616][  0]LogConfig: Applying CVar settings from Section [/Script/Engine.RendererOverrideSettings] File [D:/content/others/nyu/gradClasses/Level Design/MidtermProject/Saved/Config/Windows/Engine.ini]
[2020.03.19-20.46.49:616][  0]LogConfig: Applying CVar settings from Section [/Script/Engine.StreamingSettings] File [D:/content/others/nyu/gradClasses/Level Design/MidtermProject/Saved/Config/Windows/Engine.ini]
[2020.03.19-20.46.49:616][  0]LogConfig: Setting CVar [[s.MinBulkDataSizeForAsyncLoading:131072]]
[2020.03.19-20.46.49:616][  0]LogConfig: Setting CVar [[s.AsyncLoadingThreadEnabled:0]]
[2020.03.19-20.46.49:616][  0]LogConfig: Setting CVar [[s.EventDrivenLoaderEnabled:1]]
[2020.03.19-20.46.49:616][  0]LogConfig: Setting CVar [[s.WarnIfTimeLimitExceeded:0]]
[2020.03.19-20.46.49:616][  0]LogConfig: Setting CVar [[s.TimeLimitExceededMultiplier:1.5]]
[2020.03.19-20.46.49:616][  0]LogConfig: Setting CVar [[s.TimeLimitExceededMinTime:0.005]]
[2020.03.19-20.46.49:616][  0]LogConfig: Setting CVar [[s.UseBackgroundLevelStreaming:1]]
[2020.03.19-20.46.49:616][  0]LogConfig: Setting CVar [[s.PriorityAsyncLoadingExtraTime:15.0]]
[2020.03.19-20.46.49:616][  0]LogConfig: Setting CVar [[s.LevelStreamingActorsUpdateTimeLimit:5.0]]
[2020.03.19-20.46.49:616][  0]LogConfig: Setting CVar [[s.PriorityLevelStreamingActorsUpdateExtraTime:5.0]]
[2020.03.19-20.46.49:616][  0]LogConfig: Setting CVar [[s.LevelStreamingComponentsRegistrationGranularity:10]]
[2020.03.19-20.46.49:616][  0]LogConfig: Setting CVar [[s.UnregisterComponentsTimeLimit:1.0]]
[2020.03.19-20.46.49:616][  0]LogConfig: Setting CVar [[s.LevelStreamingComponentsUnregistrationGranularity:5]]
[2020.03.19-20.46.49:616][  0]LogConfig: Setting CVar [[s.FlushStreamingOnExit:1]]
[2020.03.19-20.46.49:616][  0]LogConfig: Applying CVar settings from Section [/Script/Engine.GarbageCollectionSettings] File [D:/content/others/nyu/gradClasses/Level Design/MidtermProject/Saved/Config/Windows/Engine.ini]
[2020.03.19-20.46.49:616][  0]LogConfig: Setting CVar [[gc.MaxObjectsNotConsideredByGC:1]]
[2020.03.19-20.46.49:616][  0]LogConfig: Setting CVar [[gc.SizeOfPermanentObjectPool:0]]
[2020.03.19-20.46.49:616][  0]LogConfig: Setting CVar [[gc.FlushStreamingOnGC:0]]
[2020.03.19-20.46.49:616][  0]LogConfig: Setting CVar [[gc.NumRetriesBeforeForcingGC:10]]
[2020.03.19-20.46.49:616][  0]LogConfig: Setting CVar [[gc.AllowParallelGC:1]]
[2020.03.19-20.46.49:617][  0]LogConfig: Setting CVar [[gc.TimeBetweenPurgingPendingKillObjects:61.1]]
[2020.03.19-20.46.49:617][  0]LogConfig: Setting CVar [[gc.MaxObjectsInEditor:25165824]]
[2020.03.19-20.46.49:617][  0]LogConfig: Setting CVar [[gc.IncrementalBeginDestroyEnabled:1]]
[2020.03.19-20.46.49:617][  0]LogConfig: Setting CVar [[gc.CreateGCClusters:1]]
[2020.03.19-20.46.49:617][  0]LogConfig: Setting CVar [[gc.MinGCClusterSize:5]]
[2020.03.19-20.46.49:617][  0]LogConfig: Setting CVar [[gc.ActorClusteringEnabled:0]]
[2020.03.19-20.46.49:617][  0]LogConfig: Setting CVar [[gc.BlueprintClusteringEnabled:0]]
[2020.03.19-20.46.49:617][  0]LogConfig: Setting CVar [[gc.UseDisregardForGCOnDedicatedServers:0]]
[2020.03.19-20.46.49:617][  0]LogConfig: Applying CVar settings from Section [/Script/Engine.NetworkSettings] File [D:/content/others/nyu/gradClasses/Level Design/MidtermProject/Saved/Config/Windows/Engine.ini]
[2020.03.19-20.46.49:617][  0]LogConfig: Applying CVar settings from Section [/Script/UnrealEd.CookerSettings] File [D:/content/others/nyu/gradClasses/Level Design/MidtermProject/Saved/Config/Windows/Engine.ini]
[2020.03.19-20.46.49:623][  0]LogConfig: Applying CVar settings from Section [ViewDistanceQuality@3] File [D:/content/others/nyu/gradClasses/Level Design/MidtermProject/Saved/Config/Windows/Scalability.ini]
[2020.03.19-20.46.49:623][  0]LogConfig: Setting CVar [[r.SkeletalMeshLODBias:0]]
[2020.03.19-20.46.49:623][  0]LogConfig: Setting CVar [[r.ViewDistanceScale:1.0]]
[2020.03.19-20.46.49:623][  0]LogConfig: Applying CVar settings from Section [AntiAliasingQuality@3] File [D:/content/others/nyu/gradClasses/Level Design/MidtermProject/Saved/Config/Windows/Scalability.ini]
[2020.03.19-20.46.49:623][  0]LogConfig: Setting CVar [[r.PostProcessAAQuality:4]]
[2020.03.19-20.46.49:623][  0]LogConfig: Applying CVar settings from Section [ShadowQuality@3] File [D:/content/others/nyu/gradClasses/Level Design/MidtermProject/Saved/Config/Windows/Scalability.ini]
[2020.03.19-20.46.49:623][  0]LogConfig: Setting CVar [[r.LightFunctionQuality:1]]
[2020.03.19-20.46.49:623][  0]LogConfig: Setting CVar [[r.ShadowQuality:5]]
[2020.03.19-20.46.49:623][  0]LogConfig: Setting CVar [[r.Shadow.CSM.MaxCascades:10]]
[2020.03.19-20.46.49:623][  0]LogConfig: Setting CVar [[r.Shadow.MaxResolution:2048]]
[2020.03.19-20.46.49:623][  0]LogConfig: Setting CVar [[r.Shadow.MaxCSMResolution:2048]]
[2020.03.19-20.46.49:623][  0]LogConfig: Setting CVar [[r.Shadow.RadiusThreshold:0.01]]
[2020.03.19-20.46.49:623][  0]LogConfig: Setting CVar [[r.Shadow.DistanceScale:1.0]]
[2020.03.19-20.46.49:623][  0]LogConfig: Setting CVar [[r.Shadow.CSM.TransitionScale:1.0]]
[2020.03.19-20.46.49:623][  0]LogConfig: Setting CVar [[r.Shadow.PreShadowResolutionFactor:1.0]]
[2020.03.19-20.46.49:623][  0]LogConfig: Setting CVar [[r.DistanceFieldShadowing:1]]
[2020.03.19-20.46.49:623][  0]LogConfig: Setting CVar [[r.DistanceFieldAO:1]]
[2020.03.19-20.46.49:624][  0]LogConfig: Setting CVar [[r.AOQuality:2]]
[2020.03.19-20.46.49:624][  0]LogConfig: Setting CVar [[r.VolumetricFog:1]]
[2020.03.19-20.46.49:624][  0]LogConfig: Setting CVar [[r.VolumetricFog.GridPixelSize:8]]
[2020.03.19-20.46.49:624][  0]LogConfig: Setting CVar [[r.VolumetricFog.GridSizeZ:128]]
[2020.03.19-20.46.49:624][  0]LogConfig: Setting CVar [[r.VolumetricFog.HistoryMissSupersampleCount:4]]
[2020.03.19-20.46.49:624][  0]LogConfig: Setting CVar [[r.LightMaxDrawDistanceScale:1]]
[2020.03.19-20.46.49:624][  0]LogConfig: Setting CVar [[r.CapsuleShadows:1]]
[2020.03.19-20.46.49:624][  0]LogConfig: Applying CVar settings from Section [PostProcessQuality@3] File [D:/content/others/nyu/gradClasses/Level Design/MidtermProject/Saved/Config/Windows/Scalability.ini]
[2020.03.19-20.46.49:624][  0]LogConfig: Setting CVar [[r.MotionBlurQuality:4]]
[2020.03.19-20.46.49:624][  0]LogConfig: Setting CVar [[r.AmbientOcclusionMipLevelFactor:0.4]]
[2020.03.19-20.46.49:624][  0]LogConfig: Setting CVar [[r.AmbientOcclusionMaxQuality:100]]
[2020.03.19-20.46.49:624][  0]LogConfig: Setting CVar [[r.AmbientOcclusionLevels:-1]]
[2020.03.19-20.46.49:624][  0]LogConfig: Setting CVar [[r.AmbientOcclusionRadiusScale:1.0]]
[2020.03.19-20.46.49:624][  0]LogConfig: Setting CVar [[r.DepthOfFieldQuality:2]]
[2020.03.19-20.46.49:624][  0]LogConfig: Setting CVar [[r.RenderTargetPoolMin:400]]
[2020.03.19-20.46.49:624][  0]LogConfig: Setting CVar [[r.LensFlareQuality:2]]
[2020.03.19-20.46.49:624][  0]LogConfig: Setting CVar [[r.SceneColorFringeQuality:1]]
[2020.03.19-20.46.49:624][  0]LogConfig: Setting CVar [[r.EyeAdaptationQuality:2]]
[2020.03.19-20.46.49:624][  0]LogConfig: Setting CVar [[r.BloomQuality:5]]
[2020.03.19-20.46.49:624][  0]LogConfig: Setting CVar [[r.FastBlurThreshold:100]]
[2020.03.19-20.46.49:624][  0]LogConfig: Setting CVar [[r.Upscale.Quality:3]]
[2020.03.19-20.46.49:624][  0]LogConfig: Setting CVar [[r.Tonemapper.GrainQuantization:1]]
[2020.03.19-20.46.49:624][  0]LogConfig: Setting CVar [[r.LightShaftQuality:1]]
[2020.03.19-20.46.49:624][  0]LogConfig: Setting CVar [[r.Filter.SizeScale:1]]
[2020.03.19-20.46.49:624][  0]LogConfig: Setting CVar [[r.Tonemapper.Quality:5]]
[2020.03.19-20.46.49:624][  0]LogConfig: Setting CVar [[r.DOF.Gather.AccumulatorQuality:1        ; higher gathering accumulator quality]]
[2020.03.19-20.46.49:624][  0]LogConfig: Setting CVar [[r.DOF.Gather.PostfilterMethod:1          ; Median3x3 postfilering method]]
[2020.03.19-20.46.49:624][  0]LogConfig: Setting CVar [[r.DOF.Gather.EnableBokehSettings:0       ; no bokeh simulation when gathering]]
[2020.03.19-20.46.49:624][  0]LogConfig: Setting CVar [[r.DOF.Gather.RingCount:4                 ; medium number of samples when gathering]]
[2020.03.19-20.46.49:624][  0]LogConfig: Setting CVar [[r.DOF.Scatter.ForegroundCompositing:1    ; additive foreground scattering]]
[2020.03.19-20.46.49:624][  0]LogConfig: Setting CVar [[r.DOF.Scatter.BackgroundCompositing:2    ; additive background scattering]]
[2020.03.19-20.46.49:624][  0]LogConfig: Setting CVar [[r.DOF.Scatter.EnableBokehSettings:1      ; bokeh simulation when scattering]]
[2020.03.19-20.46.49:624][  0]LogConfig: Setting CVar [[r.DOF.Scatter.MaxSpriteRatio:0.1         ; only a maximum of 10% of scattered bokeh]]
[2020.03.19-20.46.49:624][  0]LogConfig: Setting CVar [[r.DOF.Recombine.Quality:1                ; cheap slight out of focus]]
[2020.03.19-20.46.49:624][  0]LogConfig: Setting CVar [[r.DOF.Recombine.EnableBokehSettings:0    ; no bokeh simulation on slight out of focus]]
[2020.03.19-20.46.49:624][  0]LogConfig: Setting CVar [[r.DOF.TemporalAAQuality:1                ; more stable temporal accumulation]]
[2020.03.19-20.46.49:624][  0]LogConfig: Setting CVar [[r.DOF.Kernel.MaxForegroundRadius:0.025]]
[2020.03.19-20.46.49:624][  0]LogConfig: Setting CVar [[r.DOF.Kernel.MaxBackgroundRadius:0.025]]
[2020.03.19-20.46.49:624][  0]LogConfig: Applying CVar settings from Section [TextureQuality@3] File [D:/content/others/nyu/gradClasses/Level Design/MidtermProject/Saved/Config/Windows/Scalability.ini]
[2020.03.19-20.46.49:624][  0]LogConfig: Setting CVar [[r.Streaming.MipBias:0]]
[2020.03.19-20.46.49:624][  0]LogConfig: Setting CVar [[r.Streaming.AmortizeCPUToGPUCopy:0]]
[2020.03.19-20.46.49:624][  0]LogConfig: Setting CVar [[r.Streaming.MaxNumTexturesToStreamPerFrame:0]]
[2020.03.19-20.46.49:624][  0]LogConfig: Setting CVar [[r.Streaming.Boost:1]]
[2020.03.19-20.46.49:624][  0]LogConfig: Setting CVar [[r.MaxAnisotropy:8]]
[2020.03.19-20.46.49:624][  0]LogConfig: Setting CVar [[r.VT.MaxAnisotropy:8]]
[2020.03.19-20.46.49:624][  0]LogConfig: Setting CVar [[r.Streaming.LimitPoolSizeToVRAM:0]]
[2020.03.19-20.46.49:625][  0]LogConfig: Setting CVar [[r.Streaming.PoolSize:1000]]
[2020.03.19-20.46.49:625][  0]LogConfig: Setting CVar [[r.Streaming.MaxEffectiveScreenSize:0]]
[2020.03.19-20.46.49:625][  0]LogConfig: Applying CVar settings from Section [EffectsQuality@3] File [D:/content/others/nyu/gradClasses/Level Design/MidtermProject/Saved/Config/Windows/Scalability.ini]
[2020.03.19-20.46.49:625][  0]LogConfig: Setting CVar [[r.TranslucencyLightingVolumeDim:64]]
[2020.03.19-20.46.49:625][  0]LogConfig: Setting CVar [[r.RefractionQuality:2]]
[2020.03.19-20.46.49:625][  0]LogConfig: Setting CVar [[r.SSR.Quality:3]]
[2020.03.19-20.46.49:625][  0]LogConfig: Setting CVar [[r.SSR.HalfResSceneColor:0]]
[2020.03.19-20.46.49:625][  0]LogConfig: Setting CVar [[r.SceneColorFormat:4]]
[2020.03.19-20.46.49:625][  0]LogConfig: Setting CVar [[r.DetailMode:2]]
[2020.03.19-20.46.49:625][  0]LogConfig: Setting CVar [[r.TranslucencyVolumeBlur:1]]
[2020.03.19-20.46.49:625][  0]LogConfig: Setting CVar [[r.MaterialQualityLevel:1 ; High quality]]
[2020.03.19-20.46.49:625][  0]LogConfig: Setting CVar [[r.SSS.Scale:1]]
[2020.03.19-20.46.49:625][  0]LogConfig: Setting CVar [[r.SSS.SampleSet:2]]
[2020.03.19-20.46.49:625][  0]LogConfig: Setting CVar [[r.SSS.Quality:1]]
[2020.03.19-20.46.49:625][  0]LogConfig: Setting CVar [[r.SSS.HalfRes:1]]
[2020.03.19-20.46.49:625][  0]LogConfig: Setting CVar [[r.SSGI.Quality:3]]
[2020.03.19-20.46.49:625][  0]LogConfig: Setting CVar [[r.EmitterSpawnRateScale:1.0]]
[2020.03.19-20.46.49:625][  0]LogConfig: Setting CVar [[r.ParticleLightQuality:2]]
[2020.03.19-20.46.49:625][  0]LogConfig: Setting CVar [[r.SkyAtmosphere.AerialPerspectiveLUT.FastApplyOnOpaque:1 ; Always have FastSkyLUT 1 in this case to avoid wrong sky]]
[2020.03.19-20.46.49:625][  0]LogConfig: Setting CVar [[r.SkyAtmosphere.AerialPerspectiveLUT.SampleCountPerSlice:1]]
[2020.03.19-20.46.49:625][  0]LogConfig: Setting CVar [[r.SkyAtmosphere.AerialPerspectiveLUT.DepthResolution:16.0]]
[2020.03.19-20.46.49:625][  0]LogConfig: Setting CVar [[r.SkyAtmosphere.FastSkyLUT:1]]
[2020.03.19-20.46.49:625][  0]LogConfig: Setting CVar [[r.SkyAtmosphere.FastSkyLUT.SampleCountMin:4.0]]
[2020.03.19-20.46.49:625][  0]LogConfig: Setting CVar [[r.SkyAtmosphere.FastSkyLUT.SampleCountMax:32.0]]
[2020.03.19-20.46.49:625][  0]LogConfig: Setting CVar [[r.SkyAtmosphere.SampleCountMin:4.0]]
[2020.03.19-20.46.49:625][  0]LogConfig: Setting CVar [[r.SkyAtmosphere.SampleCountMax:32.0]]
[2020.03.19-20.46.49:625][  0]LogConfig: Setting CVar [[r.SkyAtmosphere.TransmittanceLUT.UseSmallFormat:0]]
[2020.03.19-20.46.49:625][  0]LogConfig: Setting CVar [[r.SkyAtmosphere.TransmittanceLUT.SampleCount:10.0]]
[2020.03.19-20.46.49:625][  0]LogConfig: Setting CVar [[r.SkyAtmosphere.MultiScatteringLUT.SampleCount:15.0]]
[2020.03.19-20.46.49:625][  0]LogConfig: Applying CVar settings from Section [FoliageQuality@3] File [D:/content/others/nyu/gradClasses/Level Design/MidtermProject/Saved/Config/Windows/Scalability.ini]
[2020.03.19-20.46.49:625][  0]LogConfig: Setting CVar [[foliage.DensityScale:1.0]]
[2020.03.19-20.46.49:625][  0]LogConfig: Setting CVar [[grass.DensityScale:1.0]]
[2020.03.19-20.46.49:625][  0]LogConfig: Applying CVar settings from Section [ShadingQuality@3] File [D:/content/others/nyu/gradClasses/Level Design/MidtermProject/Saved/Config/Windows/Scalability.ini]
[2020.03.19-20.46.49:625][  0]LogConfig: Setting CVar [[r.HairStrands.SkyLighting.SampleCount:16]]
[2020.03.19-20.46.49:625][  0]LogConfig: Setting CVar [[r.HairStrands.SkyLighting.JitterIntegration:0]]
[2020.03.19-20.46.49:625][  0]LogConfig: Setting CVar [[r.HairStrands.SkyAO.SampleCount:16]]
[2020.03.19-20.46.49:625][  0]LogInit: Selected Device Profile: [Windows]
[2020.03.19-20.46.49:625][  0]LogInit: Applying CVar settings loaded from the selected device profile: [Windows]
[2020.03.19-20.46.49:628][  0]LogHAL: Display: Platform has ~ 16 GB [17112764416 / 17179869184 / 16], which maps to Larger [LargestMinGB=32, LargerMinGB=12, DefaultMinGB=8, SmallerMinGB=6, SmallestMinGB=0)
[2020.03.19-20.46.49:628][  0]LogInit: Going up to parent DeviceProfile []
[2020.03.19-20.46.49:628][  0]LogConfig: Applying CVar settings from Section [ViewDistanceQuality@3] File [D:/content/others/nyu/gradClasses/Level Design/MidtermProject/Saved/Config/Windows/Scalability.ini]
[2020.03.19-20.46.49:629][  0]LogConfig: Setting CVar [[r.SkeletalMeshLODBias:0]]
[2020.03.19-20.46.49:629][  0]LogConfig: Setting CVar [[r.ViewDistanceScale:1.0]]
[2020.03.19-20.46.49:629][  0]LogConfig: Applying CVar settings from Section [AntiAliasingQuality@3] File [D:/content/others/nyu/gradClasses/Level Design/MidtermProject/Saved/Config/Windows/Scalability.ini]
[2020.03.19-20.46.49:629][  0]LogConfig: Setting CVar [[r.PostProcessAAQuality:4]]
[2020.03.19-20.46.49:629][  0]LogConfig: Applying CVar settings from Section [ShadowQuality@3] File [D:/content/others/nyu/gradClasses/Level Design/MidtermProject/Saved/Config/Windows/Scalability.ini]
[2020.03.19-20.46.49:629][  0]LogConfig: Setting CVar [[r.LightFunctionQuality:1]]
[2020.03.19-20.46.49:629][  0]LogConfig: Setting CVar [[r.ShadowQuality:5]]
[2020.03.19-20.46.49:629][  0]LogConfig: Setting CVar [[r.Shadow.CSM.MaxCascades:10]]
[2020.03.19-20.46.49:629][  0]LogConfig: Setting CVar [[r.Shadow.MaxResolution:2048]]
[2020.03.19-20.46.49:629][  0]LogConfig: Setting CVar [[r.Shadow.MaxCSMResolution:2048]]
[2020.03.19-20.46.49:629][  0]LogConfig: Setting CVar [[r.Shadow.RadiusThreshold:0.01]]
[2020.03.19-20.46.49:629][  0]LogConfig: Setting CVar [[r.Shadow.DistanceScale:1.0]]
[2020.03.19-20.46.49:629][  0]LogConfig: Setting CVar [[r.Shadow.CSM.TransitionScale:1.0]]
[2020.03.19-20.46.49:629][  0]LogConfig: Setting CVar [[r.Shadow.PreShadowResolutionFactor:1.0]]
[2020.03.19-20.46.49:629][  0]LogConfig: Setting CVar [[r.DistanceFieldShadowing:1]]
[2020.03.19-20.46.49:629][  0]LogConfig: Setting CVar [[r.DistanceFieldAO:1]]
[2020.03.19-20.46.49:629][  0]LogConfig: Setting CVar [[r.AOQuality:2]]
[2020.03.19-20.46.49:629][  0]LogConfig: Setting CVar [[r.VolumetricFog:1]]
[2020.03.19-20.46.49:629][  0]LogConfig: Setting CVar [[r.VolumetricFog.GridPixelSize:8]]
[2020.03.19-20.46.49:629][  0]LogConfig: Setting CVar [[r.VolumetricFog.GridSizeZ:128]]
[2020.03.19-20.46.49:629][  0]LogConfig: Setting CVar [[r.VolumetricFog.HistoryMissSupersampleCount:4]]
[2020.03.19-20.46.49:629][  0]LogConfig: Setting CVar [[r.LightMaxDrawDistanceScale:1]]
[2020.03.19-20.46.49:629][  0]LogConfig: Setting CVar [[r.CapsuleShadows:1]]
[2020.03.19-20.46.49:629][  0]LogConfig: Applying CVar settings from Section [PostProcessQuality@3] File [D:/content/others/nyu/gradClasses/Level Design/MidtermProject/Saved/Config/Windows/Scalability.ini]
[2020.03.19-20.46.49:629][  0]LogConfig: Setting CVar [[r.MotionBlurQuality:4]]
[2020.03.19-20.46.49:629][  0]LogConfig: Setting CVar [[r.AmbientOcclusionMipLevelFactor:0.4]]
[2020.03.19-20.46.49:629][  0]LogConfig: Setting CVar [[r.AmbientOcclusionMaxQuality:100]]
[2020.03.19-20.46.49:629][  0]LogConfig: Setting CVar [[r.AmbientOcclusionLevels:-1]]
[2020.03.19-20.46.49:629][  0]LogConfig: Setting CVar [[r.AmbientOcclusionRadiusScale:1.0]]
[2020.03.19-20.46.49:629][  0]LogConfig: Setting CVar [[r.DepthOfFieldQuality:2]]
[2020.03.19-20.46.49:629][  0]LogConfig: Setting CVar [[r.RenderTargetPoolMin:400]]
[2020.03.19-20.46.49:629][  0]LogConfig: Setting CVar [[r.LensFlareQuality:2]]
[2020.03.19-20.46.49:629][  0]LogConfig: Setting CVar [[r.SceneColorFringeQuality:1]]
[2020.03.19-20.46.49:629][  0]LogConfig: Setting CVar [[r.EyeAdaptationQuality:2]]
[2020.03.19-20.46.49:629][  0]LogConfig: Setting CVar [[r.BloomQuality:5]]
[2020.03.19-20.46.49:629][  0]LogConfig: Setting CVar [[r.FastBlurThreshold:100]]
[2020.03.19-20.46.49:629][  0]LogConfig: Setting CVar [[r.Upscale.Quality:3]]
[2020.03.19-20.46.49:629][  0]LogConfig: Setting CVar [[r.Tonemapper.GrainQuantization:1]]
[2020.03.19-20.46.49:629][  0]LogConfig: Setting CVar [[r.LightShaftQuality:1]]
[2020.03.19-20.46.49:629][  0]LogConfig: Setting CVar [[r.Filter.SizeScale:1]]
[2020.03.19-20.46.49:629][  0]LogConfig: Setting CVar [[r.Tonemapper.Quality:5]]
[2020.03.19-20.46.49:629][  0]LogConfig: Setting CVar [[r.DOF.Gather.AccumulatorQuality:1        ; higher gathering accumulator quality]]
[2020.03.19-20.46.49:629][  0]LogConfig: Setting CVar [[r.DOF.Gather.PostfilterMethod:1          ; Median3x3 postfilering method]]
[2020.03.19-20.46.49:629][  0]LogConfig: Setting CVar [[r.DOF.Gather.EnableBokehSettings:0       ; no bokeh simulation when gathering]]
[2020.03.19-20.46.49:629][  0]LogConfig: Setting CVar [[r.DOF.Gather.RingCount:4                 ; medium number of samples when gathering]]
[2020.03.19-20.46.49:630][  0]LogConfig: Setting CVar [[r.DOF.Scatter.ForegroundCompositing:1    ; additive foreground scattering]]
[2020.03.19-20.46.49:630][  0]LogConfig: Setting CVar [[r.DOF.Scatter.BackgroundCompositing:2    ; additive background scattering]]
[2020.03.19-20.46.49:630][  0]LogConfig: Setting CVar [[r.DOF.Scatter.EnableBokehSettings:1      ; bokeh simulation when scattering]]
[2020.03.19-20.46.49:630][  0]LogConfig: Setting CVar [[r.DOF.Scatter.MaxSpriteRatio:0.1         ; only a maximum of 10% of scattered bokeh]]
[2020.03.19-20.46.49:630][  0]LogConfig: Setting CVar [[r.DOF.Recombine.Quality:1                ; cheap slight out of focus]]
[2020.03.19-20.46.49:630][  0]LogConfig: Setting CVar [[r.DOF.Recombine.EnableBokehSettings:0    ; no bokeh simulation on slight out of focus]]
[2020.03.19-20.46.49:630][  0]LogConfig: Setting CVar [[r.DOF.TemporalAAQuality:1                ; more stable temporal accumulation]]
[2020.03.19-20.46.49:630][  0]LogConfig: Setting CVar [[r.DOF.Kernel.MaxForegroundRadius:0.025]]
[2020.03.19-20.46.49:630][  0]LogConfig: Setting CVar [[r.DOF.Kernel.MaxBackgroundRadius:0.025]]
[2020.03.19-20.46.49:630][  0]LogConfig: Applying CVar settings from Section [TextureQuality@3] File [D:/content/others/nyu/gradClasses/Level Design/MidtermProject/Saved/Config/Windows/Scalability.ini]
[2020.03.19-20.46.49:630][  0]LogConfig: Setting CVar [[r.Streaming.MipBias:0]]
[2020.03.19-20.46.49:630][  0]LogConfig: Setting CVar [[r.Streaming.AmortizeCPUToGPUCopy:0]]
[2020.03.19-20.46.49:630][  0]LogConfig: Setting CVar [[r.Streaming.MaxNumTexturesToStreamPerFrame:0]]
[2020.03.19-20.46.49:630][  0]LogConfig: Setting CVar [[r.Streaming.Boost:1]]
[2020.03.19-20.46.49:630][  0]LogConfig: Setting CVar [[r.MaxAnisotropy:8]]
[2020.03.19-20.46.49:630][  0]LogConfig: Setting CVar [[r.VT.MaxAnisotropy:8]]
[2020.03.19-20.46.49:630][  0]LogConfig: Setting CVar [[r.Streaming.LimitPoolSizeToVRAM:0]]
[2020.03.19-20.46.49:630][  0]LogConfig: Setting CVar [[r.Streaming.PoolSize:1000]]
[2020.03.19-20.46.49:630][  0]LogConfig: Setting CVar [[r.Streaming.MaxEffectiveScreenSize:0]]
[2020.03.19-20.46.49:630][  0]LogConfig: Applying CVar settings from Section [EffectsQuality@3] File [D:/content/others/nyu/gradClasses/Level Design/MidtermProject/Saved/Config/Windows/Scalability.ini]
[2020.03.19-20.46.49:630][  0]LogConfig: Setting CVar [[r.TranslucencyLightingVolumeDim:64]]
[2020.03.19-20.46.49:630][  0]LogConfig: Setting CVar [[r.RefractionQuality:2]]
[2020.03.19-20.46.49:630][  0]LogConfig: Setting CVar [[r.SSR.Quality:3]]
[2020.03.19-20.46.49:630][  0]LogConfig: Setting CVar [[r.SSR.HalfResSceneColor:0]]
[2020.03.19-20.46.49:630][  0]LogConfig: Setting CVar [[r.SceneColorFormat:4]]
[2020.03.19-20.46.49:630][  0]LogConfig: Setting CVar [[r.DetailMode:2]]
[2020.03.19-20.46.49:630][  0]LogConfig: Setting CVar [[r.TranslucencyVolumeBlur:1]]
[2020.03.19-20.46.49:630][  0]LogConfig: Setting CVar [[r.MaterialQualityLevel:1 ; High quality]]
[2020.03.19-20.46.49:630][  0]LogConfig: Setting CVar [[r.SSS.Scale:1]]
[2020.03.19-20.46.49:630][  0]LogConfig: Setting CVar [[r.SSS.SampleSet:2]]
[2020.03.19-20.46.49:630][  0]LogConfig: Setting CVar [[r.SSS.Quality:1]]
[2020.03.19-20.46.49:630][  0]LogConfig: Setting CVar [[r.SSS.HalfRes:1]]
[2020.03.19-20.46.49:630][  0]LogConfig: Setting CVar [[r.SSGI.Quality:3]]
[2020.03.19-20.46.49:630][  0]LogConfig: Setting CVar [[r.EmitterSpawnRateScale:1.0]]
[2020.03.19-20.46.49:630][  0]LogConfig: Setting CVar [[r.ParticleLightQuality:2]]
[2020.03.19-20.46.49:630][  0]LogConfig: Setting CVar [[r.SkyAtmosphere.AerialPerspectiveLUT.FastApplyOnOpaque:1 ; Always have FastSkyLUT 1 in this case to avoid wrong sky]]
[2020.03.19-20.46.49:630][  0]LogConfig: Setting CVar [[r.SkyAtmosphere.AerialPerspectiveLUT.SampleCountPerSlice:1]]
[2020.03.19-20.46.49:630][  0]LogConfig: Setting CVar [[r.SkyAtmosphere.AerialPerspectiveLUT.DepthResolution:16.0]]
[2020.03.19-20.46.49:630][  0]LogConfig: Setting CVar [[r.SkyAtmosphere.FastSkyLUT:1]]
[2020.03.19-20.46.49:630][  0]LogConfig: Setting CVar [[r.SkyAtmosphere.FastSkyLUT.SampleCountMin:4.0]]
[2020.03.19-20.46.49:630][  0]LogConfig: Setting CVar [[r.SkyAtmosphere.FastSkyLUT.SampleCountMax:32.0]]
[2020.03.19-20.46.49:630][  0]LogConfig: Setting CVar [[r.SkyAtmosphere.SampleCountMin:4.0]]
[2020.03.19-20.46.49:630][  0]LogConfig: Setting CVar [[r.SkyAtmosphere.SampleCountMax:32.0]]
[2020.03.19-20.46.49:630][  0]LogConfig: Setting CVar [[r.SkyAtmosphere.TransmittanceLUT.UseSmallFormat:0]]
[2020.03.19-20.46.49:630][  0]LogConfig: Setting CVar [[r.SkyAtmosphere.TransmittanceLUT.SampleCount:10.0]]
[2020.03.19-20.46.49:630][  0]LogConfig: Setting CVar [[r.SkyAtmosphere.MultiScatteringLUT.SampleCount:15.0]]
[2020.03.19-20.46.49:630][  0]LogConfig: Applying CVar settings from Section [FoliageQuality@3] File [D:/content/others/nyu/gradClasses/Level Design/MidtermProject/Saved/Config/Windows/Scalability.ini]
[2020.03.19-20.46.49:630][  0]LogConfig: Setting CVar [[foliage.DensityScale:1.0]]
[2020.03.19-20.46.49:630][  0]LogConfig: Setting CVar [[grass.DensityScale:1.0]]
[2020.03.19-20.46.49:630][  0]LogConfig: Applying CVar settings from Section [ShadingQuality@3] File [D:/content/others/nyu/gradClasses/Level Design/MidtermProject/Saved/Config/Windows/Scalability.ini]
[2020.03.19-20.46.49:630][  0]LogConfig: Setting CVar [[r.HairStrands.SkyLighting.SampleCount:16]]
[2020.03.19-20.46.49:630][  0]LogConfig: Setting CVar [[r.HairStrands.SkyLighting.JitterIntegration:0]]
[2020.03.19-20.46.49:630][  0]LogConfig: Setting CVar [[r.HairStrands.SkyAO.SampleCount:16]]
[2020.03.19-20.46.49:630][  0]LogConfig: Applying CVar settings from Section [Startup] File [../../../Engine/Config/ConsoleVariables.ini]
[2020.03.19-20.46.49:631][  0]LogConfig: Setting CVar [[net.UseAdaptiveNetUpdateFrequency:0]]
[2020.03.19-20.46.49:631][  0]LogConfig: Setting CVar [[p.chaos.AllowCreatePhysxBodies:1]]
[2020.03.19-20.46.49:631][  0]LogConfig: Applying CVar settings from Section [ConsoleVariables] File [D:/content/others/nyu/gradClasses/Level Design/MidtermProject/Saved/Config/Windows/Engine.ini]
[2020.03.19-20.46.49:631][  0]LogInit: Computer: DESKTOP-89OUPS6
[2020.03.19-20.46.49:631][  0]LogInit: User: rache
[2020.03.19-20.46.49:631][  0]LogInit: CPU Page size=4096, Cores=4
[2020.03.19-20.46.49:631][  0]LogInit: High frequency timer resolution =10.000000 MHz
[2020.03.19-20.46.49:631][  0]LogMemory: Memory total: Physical=15.9GB (16GB approx)
[2020.03.19-20.46.49:631][  0]LogMemory: Platform Memory Stats for Windows
[2020.03.19-20.46.49:631][  0]LogMemory: Process Physical Memory: 106.72 MB used, 106.72 MB peak
[2020.03.19-20.46.49:631][  0]LogMemory: Process Virtual Memory: 101.39 MB used, 101.39 MB peak
[2020.03.19-20.46.49:631][  0]LogMemory: Physical Memory: 10004.08 MB used,  6315.92 MB free, 16320.00 MB total
[2020.03.19-20.46.49:631][  0]LogMemory: Virtual Memory: 5137.49 MB used,  134212592.00 MB free, 134217728.00 MB total
[2020.03.19-20.46.49:635][  0]LogWindows: WindowsPlatformFeatures enabled
[2020.03.19-20.46.49:648][  0]LogInit: Using OS detected language (en-US).
[2020.03.19-20.46.49:648][  0]LogInit: Using OS detected locale (en-US).
[2020.03.19-20.46.49:649][  0]LogTextLocalizationManager: No specific localization for 'en-US' exists, so the 'en' localization will be used.
[2020.03.19-20.46.49:877][  0]LogInit: Setting process to per monitor DPI aware
[2020.03.19-20.46.49:910][  0]LogSlate: New Slate User Created.  User Index 0, Is Virtual User: 0
[2020.03.19-20.46.49:910][  0]LogSlate: Slate User Registered.  User Index 0, Is Virtual User: 0
[2020.03.19-20.46.50:089][  0]LogHMD: Failed to initialize OpenVR with code 126
[2020.03.19-20.46.50:090][  0]LogD3D11RHI: D3D11 min allowed feature level: 11_0
[2020.03.19-20.46.50:090][  0]LogD3D11RHI: D3D11 max allowed feature level: 11_0
[2020.03.19-20.46.50:090][  0]LogD3D11RHI: D3D11 adapters:
[2020.03.19-20.46.50:153][  0]LogD3D11RHI:    0. 'NVIDIA GeForce GTX 1060' (Feature Level 11_0)
[2020.03.19-20.46.50:153][  0]LogD3D11RHI:       2996/0/8160 MB DedicatedVideo/DedicatedSystem/SharedSystem, Outputs:2, VendorId:0x10de
[2020.03.19-20.46.50:156][  0]LogD3D11RHI:    1. 'Microsoft Basic Render Driver' (Feature Level 11_0)
[2020.03.19-20.46.50:156][  0]LogD3D11RHI:       0/0/8160 MB DedicatedVideo/DedicatedSystem/SharedSystem, Outputs:0, VendorId:0x1414
[2020.03.19-20.46.50:156][  0]LogD3D11RHI: Chosen D3D11 Adapter: 0
[2020.03.19-20.46.50:168][  0]LogD3D11RHI: Creating new Direct3DDevice
[2020.03.19-20.46.50:168][  0]LogD3D11RHI:     GPU DeviceId: 0x1c20 (for the marketing name, search the web for "GPU Device Id")
[2020.03.19-20.46.50:168][  0]LogWindows: EnumDisplayDevices:
[2020.03.19-20.46.50:168][  0]LogWindows:    0. 'NVIDIA GeForce GTX 1060' (P:1 D:1)
[2020.03.19-20.46.50:168][  0]LogWindows:    1. 'NVIDIA GeForce GTX 1060' (P:0 D:1)
[2020.03.19-20.46.50:168][  0]LogWindows:    2. 'NVIDIA GeForce GTX 1060' (P:0 D:0)
[2020.03.19-20.46.50:169][  0]LogWindows:    3. 'NVIDIA GeForce GTX 1060' (P:0 D:0)
[2020.03.19-20.46.50:169][  0]LogWindows: DebugString: FoundDriverCount:4 
[2020.03.19-20.46.50:169][  0]LogD3D11RHI:     Adapter Name: NVIDIA GeForce GTX 1060
[2020.03.19-20.46.50:169][  0]LogD3D11RHI:   Driver Version: 388.57 (internal:23.21.13.8857, unified:388.57)
[2020.03.19-20.46.50:169][  0]LogD3D11RHI:      Driver Date: 12-4-2017
[2020.03.19-20.46.50:169][  0]LogRHI: Texture pool is 2097 MB (70% of 2996 MB)
[2020.03.19-20.46.50:211][  0]LogD3D11RHI: RHI has support for 64 bit atomics
[2020.03.19-20.46.50:211][  0]LogD3D11RHI: Async texture creation enabled
[2020.03.19-20.46.50:229][  0]LogD3D11RHI: GPU Timing Frequency: 1000.000000 (Debug: 2 1)
[2020.03.19-20.46.50:791][  0]LogTargetPlatformManager: Display: Loaded TargetPlatform 'AllDesktop'
[2020.03.19-20.46.50:831][  0]LogTargetPlatformManager: Display: Loaded TargetPlatform 'Android'
[2020.03.19-20.46.50:831][  0]LogTargetPlatformManager: Display: Loaded TargetPlatform 'Android_ASTC'
[2020.03.19-20.46.50:831][  0]LogTargetPlatformManager: Display: Loaded TargetPlatform 'Android_ATC'
[2020.03.19-20.46.50:831][  0]LogTargetPlatformManager: Display: Loaded TargetPlatform 'Android_DXT'
[2020.03.19-20.46.50:831][  0]LogTargetPlatformManager: Display: Loaded TargetPlatform 'Android_ETC1'
[2020.03.19-20.46.50:831][  0]LogTargetPlatformManager: Display: Loaded TargetPlatform 'Android_ETC1a'
[2020.03.19-20.46.50:831][  0]LogTargetPlatformManager: Display: Loaded TargetPlatform 'Android_ETC2'
[2020.03.19-20.46.50:831][  0]LogTargetPlatformManager: Display: Loaded TargetPlatform 'Android_PVRTC'
[2020.03.19-20.46.50:831][  0]LogTargetPlatformManager: Display: Loaded TargetPlatform 'AndroidClient'
[2020.03.19-20.46.50:831][  0]LogTargetPlatformManager: Display: Loaded TargetPlatform 'Android_ASTCClient'
[2020.03.19-20.46.50:831][  0]LogTargetPlatformManager: Display: Loaded TargetPlatform 'Android_ATCClient'
[2020.03.19-20.46.50:831][  0]LogTargetPlatformManager: Display: Loaded TargetPlatform 'Android_DXTClient'
[2020.03.19-20.46.50:831][  0]LogTargetPlatformManager: Display: Loaded TargetPlatform 'Android_ETC1Client'
[2020.03.19-20.46.50:831][  0]LogTargetPlatformManager: Display: Loaded TargetPlatform 'Android_ETC1aClient'
[2020.03.19-20.46.50:831][  0]LogTargetPlatformManager: Display: Loaded TargetPlatform 'Android_ETC2Client'
[2020.03.19-20.46.50:831][  0]LogTargetPlatformManager: Display: Loaded TargetPlatform 'Android_PVRTCClient'
[2020.03.19-20.46.50:831][  0]LogTargetPlatformManager: Display: Loaded TargetPlatform 'Android_Multi'
[2020.03.19-20.46.50:831][  0]LogTargetPlatformManager: Display: Loaded TargetPlatform 'Android_MultiClient'
[2020.03.19-20.46.50:853][  0]LogTargetPlatformManager: Display: Loaded TargetPlatform 'IOSClient'
[2020.03.19-20.46.50:853][  0]LogTargetPlatformManager: Display: Loaded TargetPlatform 'IOS'
[2020.03.19-20.46.50:861][  0]LogTargetPlatformManager: Display: Loaded TargetPlatform 'LinuxNoEditor'
[2020.03.19-20.46.50:870][  0]LogTargetPlatformManager: Display: Loaded TargetPlatform 'LinuxClient'
[2020.03.19-20.46.50:878][  0]LogTargetPlatformManager: Display: Loaded TargetPlatform 'LinuxServer'
[2020.03.19-20.46.50:887][  0]LogTargetPlatformManager: Display: Loaded TargetPlatform 'LinuxAArch64NoEditor'
[2020.03.19-20.46.50:894][  0]LogTargetPlatformManager: Display: Loaded TargetPlatform 'LinuxAArch64Client'
[2020.03.19-20.46.50:902][  0]LogTargetPlatformManager: Display: Loaded TargetPlatform 'LinuxAArch64Server'
[2020.03.19-20.46.50:932][  0]LogTargetPlatformManager: Display: Loaded TargetPlatform 'Lumin'
[2020.03.19-20.46.50:932][  0]LogTargetPlatformManager: Display: Loaded TargetPlatform 'LuminClient'
[2020.03.19-20.46.50:949][  0]LogTargetPlatformManager: Display: Loaded TargetPlatform 'TVOSClient'
[2020.03.19-20.46.50:949][  0]LogTargetPlatformManager: Display: Loaded TargetPlatform 'TVOS'
[2020.03.19-20.46.50:958][  0]LogTargetPlatformManager: Display: Loaded TargetPlatform 'WindowsNoEditor'
[2020.03.19-20.46.50:967][  0]LogTargetPlatformManager: Display: Loaded TargetPlatform 'Windows'
[2020.03.19-20.46.50:979][  0]LogTargetPlatformManager: Display: Loaded TargetPlatform 'WindowsClient'
[2020.03.19-20.46.50:987][  0]LogTargetPlatformManager: Display: Loaded TargetPlatform 'WindowsServer'
[2020.03.19-20.46.50:988][  0]LogTargetPlatformManager: Display: Building Assets For Windows
[2020.03.19-20.46.50:990][  0]LogAudioDebug: Display: Lib vorbis DLL was dynamically loaded.
[2020.03.19-20.46.51:014][  0]LogShaderCompilers: Guid format shader working directory is -30 characters bigger than the processId version (../../../../../../content/others/nyu/gradClasses/Level Design/MidtermProject/Intermediate/Shaders/WorkingDirectory/7300/).
[2020.03.19-20.46.51:014][  0]LogShaderCompilers: Cleaned the shader compiler working directory 'C:/Users/rache/AppData/Local/Temp/UnrealShaderWorkingDir/9BD1E4F145BA8288C0AC778A77DAC0A5/'.
[2020.03.19-20.46.51:015][  0]LogXGEController: Cannot use XGE Controller as Incredibuild is not installed on this machine.
[2020.03.19-20.46.51:015][  0]LogShaderCompilers: Cannot use XGE Shader Compiler as Incredibuild is not installed on this machine.
[2020.03.19-20.46.51:015][  0]LogShaderCompilers: Display: Using Local Shader Compiler.
[2020.03.19-20.46.51:950][  0]LogDerivedDataCache: Display: Max Cache Size: 512 MB
[2020.03.19-20.46.52:027][  0]LogDerivedDataCache: Loaded boot cache 0.08s 78MB C:/Users/rache/AppData/Local/UnrealEngine/4.24/DerivedDataCache/Boot.ddc.
[2020.03.19-20.46.52:027][  0]LogDerivedDataCache: Display: Loaded Boot cache: C:/Users/rache/AppData/Local/UnrealEngine/4.24/DerivedDataCache/Boot.ddc
[2020.03.19-20.46.52:027][  0]LogDerivedDataCache: FDerivedDataBackendGraph:  Pak pak cache file ../../../../../../content/others/nyu/gradClasses/Level Design/MidtermProject/DerivedDataCache/DDC.ddp not found, will not use a pak cache.
[2020.03.19-20.46.52:027][  0]LogDerivedDataCache: Unable to find inner node Pak for hierarchical cache Hierarchy.
[2020.03.19-20.46.52:027][  0]LogDerivedDataCache: FDerivedDataBackendGraph:  CompressedPak pak cache file ../../../../../../content/others/nyu/gradClasses/Level Design/MidtermProject/DerivedDataCache/Compressed.ddp not found, will not use a pak cache.
[2020.03.19-20.46.52:027][  0]LogDerivedDataCache: Unable to find inner node CompressedPak for hierarchical cache Hierarchy.
[2020.03.19-20.46.52:041][  0]LogDerivedDataCache: Display: Pak cache opened for reading ../../../Engine/DerivedDataCache/Compressed.ddp.
[2020.03.19-20.46.52:041][  0]LogDerivedDataCache: FDerivedDataBackendGraph:  EnterprisePak pak cache file ../../../Enterprise/DerivedDataCache/Compressed.ddp not found, will not use a pak cache.
[2020.03.19-20.46.52:041][  0]LogDerivedDataCache: Unable to find inner node EnterprisePak for hierarchical cache Hierarchy.
[2020.03.19-20.46.52:042][  0]LogDerivedDataCache: Using Local data cache path C:/Users/rache/AppData/Local/UnrealEngine/Common/DerivedDataCache: Writable
[2020.03.19-20.46.52:042][  0]LogDerivedDataCache: Shared data cache path not found in *engine.ini, will not use an Shared cache.
[2020.03.19-20.46.52:042][  0]LogDerivedDataCache: Unable to find inner node Shared for hierarchical cache Hierarchy.
[2020.03.19-20.46.52:075][  0]LogMaterial: Verifying Global Shaders for PCD3D_SM5
[2020.03.19-20.46.52:078][  0]LogSlate: Using FreeType 2.10.0
[2020.03.19-20.46.52:079][  0]LogSlate: SlateFontServices - WITH_FREETYPE: 1, WITH_HARFBUZZ: 1
[2020.03.19-20.46.52:142][  0]LogAssetRegistry: FAssetRegistry took 0.0033 seconds to start up
[2020.03.19-20.46.52:515][  0]LogInit: Selected Device Profile: [Windows]
[2020.03.19-20.46.52:708][  0]LogMeshReduction: Using QuadricMeshReduction for automatic static mesh reduction
[2020.03.19-20.46.52:708][  0]LogMeshReduction: Using SimplygonMeshReduction for automatic skeletal mesh reduction
[2020.03.19-20.46.52:708][  0]LogMeshReduction: Using ProxyLODMeshReduction for automatic mesh merging
[2020.03.19-20.46.52:708][  0]LogMeshReduction: No distributed automatic mesh merging module available
[2020.03.19-20.46.52:708][  0]LogMeshMerging: No distributed automatic mesh merging module available
[2020.03.19-20.46.52:730][  0]LogNetVersion: MidtermProject 1.0.0, NetCL: 10570792, EngineNetVer: 13, GameNetVer: 0 (Checksum: 1821042750)
[2020.03.19-20.46.54:146][  0]LogPackageLocalizationCache: Processed 10 localized package path(s) for 1 prioritized culture(s) in 0.129010 seconds
[2020.03.19-20.46.54:154][  0]LogUObjectArray: 46750 objects as part of root set at end of initial load.
[2020.03.19-20.46.54:154][  0]LogUObjectAllocator: 8137160 out of 0 bytes used by permanent object pool.
[2020.03.19-20.46.54:154][  0]LogUObjectArray: CloseDisregardForGC: 0/0 objects in disregard for GC pool
[2020.03.19-20.46.54:664][  0]LogTcpMessaging: Initializing TcpMessaging bridge
[2020.03.19-20.46.54:667][  0]LogUdpMessaging: Initializing bridge on interface 0.0.0.0:0 to multicast group 230.0.0.1:6666.
[2020.03.19-20.46.54:721][  0]SourceControl: Source control is disabled
[2020.03.19-20.46.54:721][  0]SourceControl: Source control is disabled
[2020.03.19-20.46.54:722][  0]SourceControl: Source control is disabled
[2020.03.19-20.46.54:723][  0]SourceControl: Source control is disabled
[2020.03.19-20.46.54:724][  0]SourceControl: Source control is disabled
[2020.03.19-20.46.54:828][  0]LogAndroidPermission: UAndroidPermissionCallbackProxy::GetInstance
[2020.03.19-20.46.54:839][  0]LogAudioCaptureCore: Display: No Audio Capture implementations found. Audio input will be silent.
[2020.03.19-20.46.54:839][  0]LogAudioCaptureCore: Display: No Audio Capture implementations found. Audio input will be silent.
[2020.03.19-20.46.54:943][  0]LogOcInput: OculusInput pre-init called
[2020.03.19-20.46.54:948][  0]LogWindows: Failed to load 'OVRPlugin.dll' (GetLastError=126)
[2020.03.19-20.46.54:948][  0]LogWindows: File 'OVRPlugin.dll' does not exist
[2020.03.19-20.46.55:033][  0]LogEngine: Initializing Engine...
[2020.03.19-20.46.55:106][  0]LogHMD: Failed to initialize OpenVR with code 126
[2020.03.19-20.46.55:108][  0]LogStats: UGameplayTagsManager::InitializeManager -  0.000 s
[2020.03.19-20.46.55:556][  0]LogInit: Initializing FReadOnlyCVARCache
[2020.03.19-20.46.55:566][  0]LogAIModule: Creating AISystem for world Untitled
[2020.03.19-20.46.55:653][  0]LogAudioMixer: Display: Audio Mixer Platform Settings:
[2020.03.19-20.46.55:653][  0]LogAudioMixer: Display: 	Sample Rate:						  48000
[2020.03.19-20.46.55:653][  0]LogAudioMixer: Display: 	Callback Buffer Frame Size Requested: 1024
[2020.03.19-20.46.55:653][  0]LogAudioMixer: Display: 	Callback Buffer Frame Size To Use:	  1024
[2020.03.19-20.46.55:653][  0]LogAudioMixer: Display: 	Number of buffers to queue:			  2
[2020.03.19-20.46.55:653][  0]LogAudioMixer: Display: 	Max Channels (voices):				  32
[2020.03.19-20.46.55:653][  0]LogAudioMixer: Display: 	Number of Async Source Workers:		  0
[2020.03.19-20.46.55:653][  0]LogAudio: Display: AudioDevice MaxSources: 32
[2020.03.19-20.46.55:654][  0]LogAudio: Display: Using built-in audio occlusion.
[2020.03.19-20.46.55:654][  0]LogAudioMixer: Display: Initializing audio mixer.
[2020.03.19-20.46.55:686][  0]LogAudioMixer: Display: Audio Device Output Speaker Info:
[2020.03.19-20.46.55:686][  0]LogAudioMixer: Display: Name: PHL 245C5-C (NVIDIA High Definition Audio)
[2020.03.19-20.46.55:686][  0]LogAudioMixer: Display: Is Default: Yes
[2020.03.19-20.46.55:686][  0]LogAudioMixer: Display: Sample Rate: 48000
[2020.03.19-20.46.55:686][  0]LogAudioMixer: Display: Channel Count Used: 2
[2020.03.19-20.46.55:686][  0]LogAudioMixer: Display: Device Channel Count: 2
[2020.03.19-20.46.55:686][  0]LogAudioMixer: Display: Channel Order:
[2020.03.19-20.46.55:686][  0]LogAudioMixer: Display: 0: FrontLeft
[2020.03.19-20.46.55:686][  0]LogAudioMixer: Display: 1: FrontRight
[2020.03.19-20.46.55:709][  0]LogAudioMixer: Display: Using Audio Device PHL 245C5-C (NVIDIA High Definition Audio)
[2020.03.19-20.46.55:716][  0]LogInit: FAudioDevice initialized.
[2020.03.19-20.46.55:716][  0]LogNetVersion: Set ProjectVersion to 1.0.0.0. Version Checksum will be recalculated on next use.
[2020.03.19-20.46.55:807][  0]LogDerivedDataCache: Saved boot cache 0.09s 78MB C:/Users/rache/AppData/Local/UnrealEngine/4.24/DerivedDataCache/Boot.ddc.
[2020.03.19-20.46.55:813][  0]LogInit: Texture streaming: Enabled
[2020.03.19-20.46.55:825][  0]LogEngineSessionManager: EngineSessionManager initialized
[2020.03.19-20.46.55:825][  0]LogEditorSessionSummary: Verbose: Initializing EditorSessionSummaryWriter for editor session tracking
[2020.03.19-20.46.55:828][  0]LogEditorSessionSummary: EditorSessionSummaryWriter initialized
[2020.03.19-20.46.56:023][  0]LogInit: Transaction tracking system initialized
[2020.03.19-20.46.56:033][  0]BlueprintLog: New page: Editor Load
[2020.03.19-20.46.56:064][  0]LocalizationService: Localization service is disabled
[2020.03.19-20.46.56:460][  0]LogCook: Display: Max memory allowance for cook 16384mb min free memory 0mb
[2020.03.19-20.46.56:460][  0]LogCook: Display: Mobile HDR setting 1
[2020.03.19-20.46.56:538][  0]LogFileCache: Scanning file cache for directory 'D:/content/others/nyu/gradClasses/Level Design/MidtermProject/Content/' took 0.08s
[2020.03.19-20.46.57:281][  0]SourceControl: Source control is disabled
[2020.03.19-20.46.57:281][  0]Cmd: MAP LOAD FILE="../../../../../../content/others/nyu/gradClasses/Level Design/MidtermProject/Content/StarterContent/Maps/Minimal_Default.umap" TEMPLATE=0 SHOWPROGRESS=1 FEATURELEVEL=3
[2020.03.19-20.46.57:282][  0]LightingResults: New page: Lighting Build
[2020.03.19-20.46.57:283][  0]LogWorld: UWorld::CleanupWorld for Untitled, bSessionEnded=true, bCleanupResources=true
[2020.03.19-20.46.57:283][  0]LogSlate: InvalidateAllWidgets triggered.  All widgets were invalidated
[2020.03.19-20.46.57:283][  0]MapCheck: New page: Map Check
[2020.03.19-20.46.57:283][  0]LightingResults: New page: Lighting Build
[2020.03.19-20.46.57:312][  0]LogUObjectHash: Compacting FUObjectHashTables data took   2.91ms
[2020.03.19-20.47.01:625][  0]LogAIModule: Creating AISystem for world Minimal_Default
[2020.03.19-20.47.02:492][  0]LogEditorServer: Finished looking for orphan Actors (0.000 secs)
[2020.03.19-20.47.02:736][  0]LogUObjectHash: Compacting FUObjectHashTables data took   3.70ms
[2020.03.19-20.47.02:738][  0]Cmd: MAP CHECKDEP NOCLEARLOG
[2020.03.19-20.47.02:738][  0]MapCheck: Map check complete: 0 Error(s), 0 Warning(s), took 0.193ms to complete.
[2020.03.19-20.47.02:738][  0]LogFileHelpers: Loading map 'Minimal_Default' took 5.457
[2020.03.19-20.47.04:346][  0]LogSlate: Updating window title bar state: overlay mode, drag disabled, window buttons hidden, title bar hidden
[2020.03.19-20.47.04:424][  0]LogSlate: Updating window title bar state: overlay mode, drag disabled, window buttons hidden, title bar hidden
[2020.03.19-20.47.04:432][  0]LogSlate: Updating window title bar state: overlay mode, drag disabled, window buttons hidden, title bar hidden
[2020.03.19-20.47.04:441][  0]LogSlate: Updating window title bar state: overlay mode, drag disabled, window buttons hidden, title bar hidden
[2020.03.19-20.47.04:933][  0]LogCollectionManager: Loaded 0 collections in 0.000957 seconds
[2020.03.19-20.47.05:439][  0]LogFileCache: Scanning file cache for directory 'D:/content/others/nyu/gradClasses/Level Design/MidtermProject/Saved/Collections/' took 0.00s
[2020.03.19-20.47.05:439][  0]LogFileCache: Scanning file cache for directory 'D:/content/others/nyu/gradClasses/Level Design/MidtermProject/Content/Developers/rache/Collections/' took 0.00s
[2020.03.19-20.47.05:439][  0]LogFileCache: Scanning file cache for directory 'D:/content/others/nyu/gradClasses/Level Design/MidtermProject/Content/Collections/' took 0.00s
[2020.03.19-20.47.05:439][  0]LogContentBrowser: Native class hierarchy populated in 0.0108 seconds. Added 3017 classes and 720 folders.
[2020.03.19-20.47.05:835][  0]LogContentBrowser: Native class hierarchy updated for 'WidgetCarousel' in 0.0003 seconds. Added 0 classes and 0 folders.
[2020.03.19-20.47.07:205][  0]LogContentBrowser: Native class hierarchy updated for 'AddContentDialog' in 0.0004 seconds. Added 0 classes and 0 folders.
[2020.03.19-20.47.10:471][  0]LogContentBrowser: Native class hierarchy updated for 'HierarchicalLODOutliner' in 0.0004 seconds. Added 0 classes and 0 folders.
[2020.03.19-20.47.10:471][  0]LogLoad: (Engine Initialization) Total time: 22.50 seconds
[2020.03.19-20.47.10:471][  0]LogLoad: (Engine Initialization) Total Blueprint compile time: 0.00 seconds
[2020.03.19-20.47.11:069][  0]LogContentStreaming: Texture pool size now 1000 MB
[2020.03.19-20.47.11:124][  0]LogSlate: Took 0.000131 seconds to synchronously load lazily loaded font '../../../Engine/Content/Slate/Fonts/Roboto-Regular.ttf' (155K)
[2020.03.19-20.47.11:215][  0]LogSlate: Took 0.000257 seconds to synchronously load lazily loaded font '../../../Engine/Content/Slate/Fonts/Roboto-Bold.ttf' (160K)
[2020.03.19-20.47.13:153][  1]LogRenderer: Reallocating scene render targets to support 656x592 Format 10 NumSamples 1 (Frame:1).
[2020.03.19-20.47.14:340][  7]LogAssetRegistry: Asset discovery search completed in 22.1989 seconds
[2020.03.19-20.47.14:347][  7]LogCollectionManager: Fixed up redirectors for 0 collections in 0.000013 seconds (updated 0 objects)
[2020.03.19-21.42.59:659][ 61]LogAudioMixer: Display: Audio Buffer Underrun detected.
[2020.03.19-21.42.59:661][ 61]LogAudioMixer: Display: Audio Buffer Underrun detected.
[2020.03.19-22.07.37:774][472]LogAudioMixer: Warning: Changing default audio render device to new device: {0.0.0.00000000}.{54c7930c-9964-49d2-8513-07a8995311dc}.
[2020.03.19-22.07.37:774][472]LogTemp: Resetting audio stream to device id 
[2020.03.19-22.07.37:817][472]LogAudioMixer: Display: Audio Device Output Speaker Info:
[2020.03.19-22.07.37:817][472]LogAudioMixer: Display: Name: Speakers (Realtek High Definition Audio)
[2020.03.19-22.07.37:817][472]LogAudioMixer: Display: Is Default: Yes
[2020.03.19-22.07.37:817][472]LogAudioMixer: Display: Sample Rate: 48000
[2020.03.19-22.07.37:817][472]LogAudioMixer: Display: Channel Count Used: 2
[2020.03.19-22.07.37:817][472]LogAudioMixer: Display: Device Channel Count: 2
[2020.03.19-22.07.37:817][472]LogAudioMixer: Display: Channel Order:
[2020.03.19-22.07.37:817][472]LogAudioMixer: Display: 0: FrontLeft
[2020.03.19-22.07.37:817][472]LogAudioMixer: Display: 1: FrontRight
[2020.03.20-00.31.39:472][203]LogAudioMixer: Warning: Changing default audio render device to new device: {0.0.0.00000000}.{26444fb3-e86f-4d02-9d58-0da8c8d21a25}.
[2020.03.20-00.31.39:472][203]LogTemp: Resetting audio stream to device id 
[2020.03.20-00.31.39:514][203]LogAudioMixer: Display: Audio Device Output Speaker Info:
[2020.03.20-00.31.39:514][203]LogAudioMixer: Display: Name: PHL 245C5-C (NVIDIA High Definition Audio)
[2020.03.20-00.31.39:514][203]LogAudioMixer: Display: Is Default: Yes
[2020.03.20-00.31.39:514][203]LogAudioMixer: Display: Sample Rate: 48000
[2020.03.20-00.31.39:514][203]LogAudioMixer: Display: Channel Count Used: 2
[2020.03.20-00.31.39:514][203]LogAudioMixer: Display: Device Channel Count: 2
[2020.03.20-00.31.39:514][203]LogAudioMixer: Display: Channel Order:
[2020.03.20-00.31.39:514][203]LogAudioMixer: Display: 0: FrontLeft
[2020.03.20-00.31.39:514][203]LogAudioMixer: Display: 1: FrontRight
[2020.03.20-01.21.49:622][270]LogRenderer: Reallocating scene render targets to support 988x924 Format 10 NumSamples 1 (Frame:89).
[2020.03.20-01.22.05:476][673]LogEditorViewport: Clicking on Actor (LMB): StaticMeshActor (SM_BlockMeshPrototypeModules_SM_Block_Wall250x406)
[2020.03.20-01.22.06:729][673]LogEditorViewport: Clicking on Actor (context menu): StaticMeshActor (SM_BlockMeshPrototypeModules_SM_Block_Wall250x404)
[2020.03.20-01.22.07:367][673]LogSlate: Took 0.013153 seconds to synchronously load lazily loaded font '../../../Engine/Content/Editor/Slate/Fonts/FontAwesome.ttf' (139K)
[2020.03.20-01.53.42:892][220]LogAudioMixer: Warning: Changing default audio render device to new device: {0.0.0.00000000}.{54c7930c-9964-49d2-8513-07a8995311dc}.
[2020.03.20-01.53.42:933][220]LogTemp: Resetting audio stream to device id 
[2020.03.20-01.53.42:979][220]LogAudioMixer: Display: Audio Device Output Speaker Info:
[2020.03.20-01.53.42:979][220]LogAudioMixer: Display: Name: Speakers (Realtek High Definition Audio)
[2020.03.20-01.53.42:979][220]LogAudioMixer: Display: Is Default: Yes
[2020.03.20-01.53.42:979][220]LogAudioMixer: Display: Sample Rate: 48000
[2020.03.20-01.53.42:979][220]LogAudioMixer: Display: Channel Count Used: 2
[2020.03.20-01.53.42:979][220]LogAudioMixer: Display: Device Channel Count: 2
[2020.03.20-01.53.42:979][220]LogAudioMixer: Display: Channel Order:
[2020.03.20-01.53.42:979][220]LogAudioMixer: Display: 0: FrontLeft
[2020.03.20-01.53.42:979][220]LogAudioMixer: Display: 1: FrontRight
[2020.03.20-02.06.16:901][389]LogAudioMixer: Warning: Changing default audio render device to new device: {0.0.0.00000000}.{26444fb3-e86f-4d02-9d58-0da8c8d21a25}.
[2020.03.20-02.06.16:963][389]LogTemp: Resetting audio stream to device id 
[2020.03.20-02.06.17:017][389]LogAudioMixer: Display: Audio Device Output Speaker Info:
[2020.03.20-02.06.17:017][389]LogAudioMixer: Display: Name: PHL 245C5-C (NVIDIA High Definition Audio)
[2020.03.20-02.06.17:017][389]LogAudioMixer: Display: Is Default: Yes
[2020.03.20-02.06.17:017][389]LogAudioMixer: Display: Sample Rate: 48000
[2020.03.20-02.06.17:017][389]LogAudioMixer: Display: Channel Count Used: 2
[2020.03.20-02.06.17:017][389]LogAudioMixer: Display: Device Channel Count: 2
[2020.03.20-02.06.17:017][389]LogAudioMixer: Display: Channel Order:
[2020.03.20-02.06.17:017][389]LogAudioMixer: Display: 0: FrontLeft
[2020.03.20-02.06.17:017][389]LogAudioMixer: Display: 1: FrontRight
[2020.03.20-02.08.44:803][903]AssetReimport: New page: Outstanding source content changes 6:08:44 PM
[2020.03.20-02.08.44:851][903]LogSlate: Took 0.027505 seconds to synchronously load lazily loaded font '../../../Engine/Content/Slate/Fonts/Roboto-Light.ttf' (167K)
[2020.03.20-02.08.45:017][904]LogFactory: FactoryCreateFile: Texture with ReimportTextureFactory (0 0 D:/content/others/nyu/gradClasses/Level Design/MidtermProject/Content/Textures/shark.jpg)
[2020.03.20-02.08.46:238][905]Cmd: OBJ SAVEPACKAGE PACKAGE="/Game/Textures/shark" FILE="../../../../../../content/others/nyu/gradClasses/Level Design/MidtermProject/Content/Textures/shark.uasset" SILENT=true
[2020.03.20-02.08.46:847][905]LogSavePackage: Moving '../../../../../../content/others/nyu/gradClasses/Level Design/MidtermProject/Saved/shark030BA1944B056BFEB208ADA087C96EC8.tmp' to '../../../../../../content/others/nyu/gradClasses/Level Design/MidtermProject/Content/Textures/shark.uasset'
[2020.03.20-02.08.47:008][906]AssetCheck: New page: Asset Save: shark
[2020.03.20-02.08.47:009][906]LogContentValidation: Display: Validating Texture2D /Game/Textures/shark.shark
[2020.03.20-02.08.50:042][915]AssetReimport: Importing new asset /Game/Textures/shark.
[2020.03.20-02.09.04:112][957]AssetReimport: New page: Outstanding source content changes 6:09:04 PM
[2020.03.20-02.09.04:113][957]LogFactory: FactoryCreateFile: Texture with ReimportTextureFactory (0 0 D:/content/others/nyu/gradClasses/Level Design/MidtermProject/Content/Textures/jellyfish.jpg)
[2020.03.20-02.09.04:302][957]Cmd: OBJ SAVEPACKAGE PACKAGE="/Game/Textures/jellyfish" FILE="../../../../../../content/others/nyu/gradClasses/Level Design/MidtermProject/Content/Textures/jellyfish.uasset" SILENT=true
[2020.03.20-02.09.04:363][957]LogSavePackage: Moving '../../../../../../content/others/nyu/gradClasses/Level Design/MidtermProject/Saved/jellyfishEC58DF814F2836B7A99E2389B561FCD2.tmp' to '../../../../../../content/others/nyu/gradClasses/Level Design/MidtermProject/Content/Textures/jellyfish.uasset'
[2020.03.20-02.09.04:443][958]AssetCheck: New page: Asset Save: jellyfish
[2020.03.20-02.09.04:443][958]LogContentValidation: Display: Validating Texture2D /Game/Textures/jellyfish.jellyfish
[2020.03.20-02.09.07:454][967]AssetReimport: Importing new asset /Game/Textures/jellyfish.
[2020.03.20-02.09.22:572][ 12]AssetReimport: New page: Outstanding source content changes 6:09:22 PM
[2020.03.20-02.09.22:576][ 12]LogFactory: FactoryCreateFile: Texture with ReimportTextureFactory (0 0 D:/content/others/nyu/gradClasses/Level Design/MidtermProject/Content/Textures/europeslostf.jpg)
[2020.03.20-02.09.22:773][ 12]Cmd: OBJ SAVEPACKAGE PACKAGE="/Game/Textures/europeslostf" FILE="../../../../../../content/others/nyu/gradClasses/Level Design/MidtermProject/Content/Textures/europeslostf.uasset" SILENT=true
[2020.03.20-02.09.23:037][ 12]LogSavePackage: Moving '../../../../../../content/others/nyu/gradClasses/Level Design/MidtermProject/Saved/europeslostf8032918C43D9F8E01C21FCB406DED571.tmp' to '../../../../../../content/others/nyu/gradClasses/Level Design/MidtermProject/Content/Textures/europeslostf.uasset'
[2020.03.20-02.09.23:075][ 13]AssetCheck: New page: Asset Save: europeslostf
[2020.03.20-02.09.23:075][ 13]LogContentValidation: Display: Validating Texture2D /Game/Textures/europeslostf.europeslostf
[2020.03.20-02.09.26:102][ 22]AssetReimport: Importing new asset /Game/Textures/europeslostf.
[2020.03.20-02.11.34:907][406]AssetReimport: New page: Outstanding source content changes 6:11:34 PM
[2020.03.20-02.11.34:916][406]LogFactory: FactoryCreateFile: Texture with ReimportTextureFactory (0 0 D:/content/others/nyu/gradClasses/Level Design/MidtermProject/Content/Textures/bison.jpg)
[2020.03.20-02.11.35:264][407]Cmd: OBJ SAVEPACKAGE PACKAGE="/Game/Textures/bison" FILE="../../../../../../content/others/nyu/gradClasses/Level Design/MidtermProject/Content/Textures/bison.uasset" SILENT=true
[2020.03.20-02.11.35:661][407]LogSavePackage: Moving '../../../../../../content/others/nyu/gradClasses/Level Design/MidtermProject/Saved/bison4E6C238443F96A3A31A6B3B375BD2696.tmp' to '../../../../../../content/others/nyu/gradClasses/Level Design/MidtermProject/Content/Textures/bison.uasset'
[2020.03.20-02.11.35:694][408]AssetCheck: New page: Asset Save: bison
[2020.03.20-02.11.35:694][408]LogContentValidation: Display: Validating Texture2D /Game/Textures/bison.bison
[2020.03.20-02.11.38:730][417]AssetReimport: Importing new asset /Game/Textures/bison.
[2020.03.20-02.19.23:229][802]AssetReimport: New page: Outstanding source content changes 6:19:23 PM
[2020.03.20-02.19.23:231][802]LogFactory: FactoryCreateFile: Texture with ReimportTextureFactory (0 0 D:/content/others/nyu/gradClasses/Level Design/MidtermProject/Content/Textures/European_hare_11.jpg)
[2020.03.20-02.19.23:389][802]Cmd: OBJ SAVEPACKAGE PACKAGE="/Game/Textures/European_hare_11" FILE="../../../../../../content/others/nyu/gradClasses/Level Design/MidtermProject/Content/Textures/European_hare_11.uasset" SILENT=true
[2020.03.20-02.19.23:472][802]LogSavePackage: Moving '../../../../../../content/others/nyu/gradClasses/Level Design/MidtermProject/Saved/European_hare_11D3A2687A4FB8C6F0A552108B183915FD.tmp' to '../../../../../../content/others/nyu/gradClasses/Level Design/MidtermProject/Content/Textures/European_hare_11.uasset'
[2020.03.20-02.19.23:563][803]AssetCheck: New page: Asset Save: European_hare_11
[2020.03.20-02.19.23:563][803]LogContentValidation: Display: Validating Texture2D /Game/Textures/European_hare_11.European_hare_11
[2020.03.20-02.19.26:581][812]AssetReimport: Importing new asset /Game/Textures/European_hare_11.
[2020.03.20-02.20.08:483][937]AssetReimport: New page: Outstanding source content changes 6:20:08 PM
[2020.03.20-02.20.08:485][937]LogFactory: FactoryCreateFile: Texture with ReimportTextureFactory (0 0 D:/content/others/nyu/gradClasses/Level Design/MidtermProject/Content/Textures/information_items_531.jpg)
[2020.03.20-02.20.09:108][938]LogSavePackage: Moving '../../../../../../content/others/nyu/gradClasses/Level Design/MidtermProject/Saved/information_items_531D7EE4A174BAD1D0469820097415A83FF.tmp' to '../../../../../../content/others/nyu/gradClasses/Level Design/MidtermProject/Content/Textures/information_items_531.uasset'
[2020.03.20-02.20.09:352][939]AssetCheck: New page: Asset Save: information_items_531
[2020.03.20-02.20.09:352][939]LogContentValidation: Display: Validating Texture2D /Game/Textures/information_items_531.information_items_531
[2020.03.20-02.20.12:368][948]AssetReimport: Importing new asset /Game/Textures/information_items_531.
[2020.03.20-02.20.21:429][975]AssetReimport: New page: Outstanding source content changes 6:20:21 PM
[2020.03.20-02.20.21:434][975]LogFactory: FactoryCreateFile: Texture with ReimportTextureFactory (0 0 D:/content/others/nyu/gradClasses/Level Design/MidtermProject/Content/Textures/black_bear_louisiana_clint_turnage_fws.jpg)
[2020.03.20-02.20.24:235][976]LogSavePackage: Moving '../../../../../../content/others/nyu/gradClasses/Level Design/MidtermProject/Saved/black_bear_louisiana_clint_turnaA885412844A99E147D1708883086A2F2.tmp' to '../../../../../../content/others/nyu/gradClasses/Level Design/MidtermProject/Content/Textures/black_bear_louisiana_clint_turnage_fws.uasset'
[2020.03.20-02.20.24:273][977]AssetCheck: New page: Asset Save: black_bear_louisiana_clint_turnage_fws
[2020.03.20-02.20.24:273][977]LogContentValidation: Display: Validating Texture2D /Game/Textures/black_bear_louisiana_clint_turnage_fws.black_bear_louisiana_clint_turnage_fws
[2020.03.20-02.20.27:249][  3]AssetReimport: Importing new asset /Game/Textures/black_bear_louisiana_clint_turnage_fws.
[2020.03.20-02.20.45:892][190]LogEditorViewport: Clicking on Actor (LMB): StaticMeshActor (SM_BlockMeshPrototypeModules_SM_Block_Wall250x305)
[2020.03.20-02.20.50:299][643]LogSlate: Took 0.000135 seconds to synchronously load lazily loaded font '../../../Engine/Content/Slate/Fonts/Roboto-Light.ttf' (167K)
[2020.03.20-02.20.56:875][226]Cmd: EDIT COPY
[2020.03.20-02.21.10:525][464]LogActorFactory: Actor Factory created LargeSign
[2020.03.20-02.21.12:115][599]LogActorFactory: Actor Factory created LargeSign
[2020.03.20-02.21.13:391][729]Cmd: TRANSACTION UNDO
[2020.03.20-02.21.13:391][729]LogEditorTransaction: Undo Create Actors
[2020.03.20-02.21.19:879][348]Cmd: EDIT COPY
[2020.03.20-02.21.20:272][393]Cmd: EDIT PASTE
[2020.03.20-02.21.50:444][744]LogEditorViewport: Clicking on Actor (LMB): StaticMeshActor (SM_BlockMeshPrototypeModules_SM_Block_Wall250x448)
[2020.03.20-02.22.04:368][106]LogMaterial: Display: Missing cached shader map for material shark_Mat, compiling. 
[2020.03.20-02.22.04:619][106]LogShaderCompilers: Display: Worker (1/5): shaders left to compile 15
[2020.03.20-02.22.04:619][106]LogShaderCompilers: Display: Worker (2/5): shaders left to compile 11
[2020.03.20-02.22.04:619][106]LogShaderCompilers: Display: Worker (3/5): shaders left to compile 7
[2020.03.20-02.22.04:619][106]LogShaderCompilers: Display: Worker (4/5): shaders left to compile 3
[2020.03.20-02.22.12:493][888]LogEditorViewport: Clicking on Actor (LMB): StaticMeshActor (SM_BlockMeshPrototypeModules_SM_Block_Wall250x451)
[2020.03.20-02.22.14:184][ 84]Cmd: TRANSACTION UNDO
[2020.03.20-02.22.14:184][ 84]LogEditorTransaction: Undo Create Actors
[2020.03.20-02.22.18:708][551]LogEditorViewport: Clicking on Actor (LMB): StaticMeshActor (SM_BlockMeshPrototypeModules_SM_Block_Wall250x308)
[2020.03.20-02.22.22:190][904]LogMaterial: Display: Missing cached shader map for material information_items_531_Mat, compiling. 
[2020.03.20-02.22.22:266][905]LogShaderCompilers: Display: Worker (1/5): shaders left to compile 15
[2020.03.20-02.22.22:266][905]LogShaderCompilers: Display: Worker (2/5): shaders left to compile 11
[2020.03.20-02.22.22:266][905]LogShaderCompilers: Display: Worker (3/5): shaders left to compile 7
[2020.03.20-02.22.22:266][905]LogShaderCompilers: Display: Worker (4/5): shaders left to compile 3
[2020.03.20-02.23.09:606][253]LogEditorViewport: Clicking on Actor (LMB): StaticMeshActor (SM_BlockMeshPrototypeModules_SM_Block_Wall250x308)
[2020.03.20-02.23.10:172][316]LogEditorViewport: Clicking on Actor (context menu): StaticMeshActor (SM_BlockMeshPrototypeModules_SM_Block_Wall250x308)
[2020.03.20-02.23.15:206][910]LogEditorViewport: Clicking on Actor (LMB): StaticMeshActor (SM_BlockMeshPrototypeModules_SM_Block_Wall250x308)
[2020.03.20-02.23.16:014][  4]LogEditorViewport: Clicking on Actor (LMB): BP_Sky_Sphere_C (BP_Sky_Sphere2)
[2020.03.20-02.23.16:625][ 48]LogEditorViewport: Clicking on Actor (LMB): StaticMeshActor (SM_BlockMeshPrototypeModules_SM_Block_Wall250x308)
[2020.03.20-02.23.33:037][926]LogEditorViewport: Clicking Background
[2020.03.20-02.23.33:642][997]LogEditorViewport: Clicking on Actor (LMB): StaticMeshActor (animalBG)
[2020.03.20-02.23.53:193][387]LogSlate: Window 'Choose New StaticMesh Location' being destroyed
[2020.03.20-02.23.53:465][387]LogStaticMesh: Building static mesh StaticMesh...
[2020.03.20-02.23.53:587][387]LogStaticMesh: Built static mesh [0.12s] /Game/Blueprints/StaticMesh.StaticMesh
[2020.03.20-02.23.53:603][387]LogStaticMesh: Warning: StaticMesh has some nearly zero tangents which can create some issues. (Tolerance of 1E-4)
[2020.03.20-02.23.53:603][387]LogStaticMesh: Warning: StaticMesh has some nearly zero bi-normals which can create some issues. (Tolerance of 1E-4)
[2020.03.20-02.23.59:311][851]Cmd: OBJ SAVEPACKAGE PACKAGE="/Game/Blueprints/AnimalBG" FILE="../../../../../../content/others/nyu/gradClasses/Level Design/MidtermProject/Content/Blueprints/AnimalBG.uasset" SILENT=true
[2020.03.20-02.23.59:379][851]LogSavePackage: Moving '../../../../../../content/others/nyu/gradClasses/Level Design/MidtermProject/Saved/AnimalBG63A0D5F540ECA6E524EC6EACBD76F4E9.tmp' to '../../../../../../content/others/nyu/gradClasses/Level Design/MidtermProject/Content/Blueprints/AnimalBG.uasset'
[2020.03.20-02.23.59:790][851]LogUObjectHash: Compacting FUObjectHashTables data took   8.31ms
[2020.03.20-02.23.59:843][851]LogUObjectHash: Compacting FUObjectHashTables data took   1.85ms
[2020.03.20-02.23.59:869][851]LogUObjectHash: Compacting FUObjectHashTables data took   0.68ms
[2020.03.20-02.24.00:019][851]AssetCheck: New page: Asset Save: AnimalBG
[2020.03.20-02.24.00:019][851]LogContentValidation: Display: Validating StaticMesh /Game/Blueprints/AnimalBG.AnimalBG
[2020.03.20-02.24.01:236][943]LogAssetEditorSubsystem: Opening Asset editor for StaticMesh /Game/Blueprints/AnimalBG.AnimalBG
[2020.03.20-02.24.07:350][208]LogRenderer: Reallocating scene render targets to support 1432x924 Format 10 NumSamples 1 (Frame:258).
[2020.03.20-02.24.07:350][208]LogSlate: Took 0.025715 seconds to synchronously load lazily loaded font '../../../Engine/Content/Slate/Fonts/Roboto-Italic.ttf' (157K)
[2020.03.20-02.26.40:410][666]LogEditorViewport: Clicking on Actor (LMB): StaticMeshActor (animalBG)
[2020.03.20-02.26.51:302][695]LogSlate: Window 'Select Path' being destroyed
[2020.03.20-02.26.51:600][695]LogUObjectHash: Compacting FUObjectHashTables data took   3.66ms
[2020.03.20-02.26.51:651][695]LogAssetEditorSubsystem: Opening Asset editor for Blueprint /Game/Blueprints/animalBG_Blueprint.animalBG_Blueprint
[2020.03.20-02.26.52:626][695]LogContentBrowser: Native class hierarchy updated for 'BlueprintGraph' in 0.0029 seconds. Added 121 classes and 0 folders.
[2020.03.20-02.30.21:275][635]LogUObjectHash: Compacting FUObjectHashTables data took   4.73ms
[2020.03.20-02.30.22:582][635]LogSavePackage: Moving '../../../../../../content/others/nyu/gradClasses/Level Design/MidtermProject/Saved/Minimal_Default_Auto198538F5B43A5E682EEC23E9D55EC7ED8.tmp' to '../../../../../../content/others/nyu/gradClasses/Level Design/MidtermProject/Saved/Autosaves/Game/StarterContent/Maps/Minimal_Default_Auto1.umap'
[2020.03.20-02.30.22:624][635]LogFileHelpers: Editor autosave (incl. sublevels) for '/Game/StarterContent/Maps/Minimal_Default' took 1.465
[2020.03.20-02.30.22:624][635]LogFileHelpers: Editor autosave (incl. sublevels) for all levels took 1.465
[2020.03.20-02.30.22:625][635]OBJ SavePackage: Generating thumbnails for [1] asset(s) in package [/Game/Textures/information_items_531_Mat] ([1] browsable assets)...
[2020.03.20-02.30.22:643][635]OBJ SavePackage:     Rendered thumbnail for [Material /Game/Textures/information_items_531_Mat.information_items_531_Mat]
[2020.03.20-02.30.22:643][635]OBJ SavePackage: Finished generating thumbnails for package [/Game/Textures/information_items_531_Mat]
[2020.03.20-02.30.22:666][635]LogSavePackage: Moving '../../../../../../content/others/nyu/gradClasses/Level Design/MidtermProject/Saved/information_items_531_Mat_Auto12CD9DF704C7467B9E31D0BA4EC54E7CB.tmp' to '../../../../../../content/others/nyu/gradClasses/Level Design/MidtermProject/Saved/Autosaves/Game/Textures/information_items_531_Mat_Auto1.uasset'
[2020.03.20-02.30.22:667][635]OBJ SavePackage: Generating thumbnails for [1] asset(s) in package [/Game/Blueprints/animalBG_Blueprint] ([1] browsable assets)...
[2020.03.20-02.30.22:688][635]OBJ SavePackage:     Rendered thumbnail for [Blueprint /Game/Blueprints/animalBG_Blueprint.animalBG_Blueprint]
[2020.03.20-02.30.22:688][635]OBJ SavePackage: Finished generating thumbnails for package [/Game/Blueprints/animalBG_Blueprint]
[2020.03.20-02.30.22:714][635]LogSavePackage: Moving '../../../../../../content/others/nyu/gradClasses/Level Design/MidtermProject/Saved/animalBG_Blueprint_Auto16C2F45D94315027F0D1FD49F757F7F50.tmp' to '../../../../../../content/others/nyu/gradClasses/Level Design/MidtermProject/Saved/Autosaves/Game/Blueprints/animalBG_Blueprint_Auto1.uasset'
[2020.03.20-02.30.22:735][635]LogFileHelpers: Auto-saving content packages took 0.110
[2020.03.20-02.53.42:869][517]LogEditorViewport: Clicking on Actor (LMB): animalBG_Blueprint_C (animalBG_Blueprint2)
[2020.03.20-02.53.49:842][899]LogMaterial: Display: Missing cached shader map for material European_hare_11_Mat, compiling. 
[2020.03.20-02.53.49:931][900]LogShaderCompilers: Display: Worker (1/5): shaders left to compile 15
[2020.03.20-02.53.49:931][900]LogShaderCompilers: Display: Worker (2/5): shaders left to compile 11
[2020.03.20-02.53.49:931][900]LogShaderCompilers: Display: Worker (3/5): shaders left to compile 7
[2020.03.20-02.53.49:931][900]LogShaderCompilers: Display: Worker (4/5): shaders left to compile 3
[2020.03.20-02.54.07:226][894]Cmd: EDIT COPY
[2020.03.20-02.54.07:688][921]Cmd: EDIT PASTE
[2020.03.20-02.55.11:270][995]LogUObjectHash: Compacting FUObjectHashTables data took   3.29ms
[2020.03.20-02.55.11:744][995]LogSavePackage: Moving '../../../../../../content/others/nyu/gradClasses/Level Design/MidtermProject/Saved/Minimal_Default_Auto2BD6FF0AE4B2F67B55BAF7D807C31AE89.tmp' to '../../../../../../content/others/nyu/gradClasses/Level Design/MidtermProject/Saved/Autosaves/Game/StarterContent/Maps/Minimal_Default_Auto2.umap'
[2020.03.20-02.55.11:747][995]LogFileHelpers: Editor autosave (incl. sublevels) for '/Game/StarterContent/Maps/Minimal_Default' took 0.516
[2020.03.20-02.55.11:747][995]LogFileHelpers: Editor autosave (incl. sublevels) for all levels took 0.516
[2020.03.20-02.55.11:747][995]OBJ SavePackage: Generating thumbnails for [1] asset(s) in package [/Game/Textures/European_hare_11_Mat] ([1] browsable assets)...
[2020.03.20-02.55.11:759][995]OBJ SavePackage:     Rendered thumbnail for [Material /Game/Textures/European_hare_11_Mat.European_hare_11_Mat]
[2020.03.20-02.55.11:759][995]OBJ SavePackage: Finished generating thumbnails for package [/Game/Textures/European_hare_11_Mat]
[2020.03.20-02.55.11:777][995]LogSavePackage: Moving '../../../../../../content/others/nyu/gradClasses/Level Design/MidtermProject/Saved/European_hare_11_Mat_Auto239DD9F774D358CBE58B6B29B171C9D0F.tmp' to '../../../../../../content/others/nyu/gradClasses/Level Design/MidtermProject/Saved/Autosaves/Game/Textures/European_hare_11_Mat_Auto2.uasset'
[2020.03.20-02.55.11:778][995]LogFileHelpers: Auto-saving content packages took 0.031
[2020.03.20-03.07.13:322][640]LogMaterial: Display: Missing cached shader map for material bison_Mat, compiling. 
[2020.03.20-03.07.13:345][640]LogShaderCompilers: Display: Worker (1/5): shaders left to compile 15
[2020.03.20-03.07.13:345][640]LogShaderCompilers: Display: Worker (2/5): shaders left to compile 11
[2020.03.20-03.07.13:345][640]LogShaderCompilers: Display: Worker (3/5): shaders left to compile 7
[2020.03.20-03.07.13:345][640]LogShaderCompilers: Display: Worker (4/5): shaders left to compile 3
[2020.03.20-03.07.54:450][590]LogUObjectHash: Compacting FUObjectHashTables data took   3.46ms
[2020.03.20-03.07.54:889][590]LogSavePackage: Moving '../../../../../../content/others/nyu/gradClasses/Level Design/MidtermProject/Saved/Minimal_Default_Auto3CCABF56B4D8D3AD3C2A6EE8ACEF0E186.tmp' to '../../../../../../content/others/nyu/gradClasses/Level Design/MidtermProject/Saved/Autosaves/Game/StarterContent/Maps/Minimal_Default_Auto3.umap'
[2020.03.20-03.07.54:892][590]LogFileHelpers: Editor autosave (incl. sublevels) for '/Game/StarterContent/Maps/Minimal_Default' took 0.478
[2020.03.20-03.07.54:892][590]LogFileHelpers: Editor autosave (incl. sublevels) for all levels took 0.478
[2020.03.20-03.07.54:892][590]OBJ SavePackage: Generating thumbnails for [1] asset(s) in package [/Game/Textures/bison_Mat] ([1] browsable assets)...
[2020.03.20-03.07.54:910][590]OBJ SavePackage:     Rendered thumbnail for [Material /Game/Textures/bison_Mat.bison_Mat]
[2020.03.20-03.07.54:910][590]OBJ SavePackage: Finished generating thumbnails for package [/Game/Textures/bison_Mat]
[2020.03.20-03.07.54:931][590]LogSavePackage: Moving '../../../../../../content/others/nyu/gradClasses/Level Design/MidtermProject/Saved/bison_Mat_Auto31BCEBF3C45898CC29B9D1696E4879E9A.tmp' to '../../../../../../content/others/nyu/gradClasses/Level Design/MidtermProject/Saved/Autosaves/Game/Textures/bison_Mat_Auto3.uasset'
[2020.03.20-03.07.54:932][590]LogFileHelpers: Auto-saving content packages took 0.039
[2020.03.20-03.19.34:586][674]LogD3D11RHI: Error: Result failed 
 at D:/Build/++UE4/Sync/Engine/Source/Runtime/Windows/D3D11RHI/Private/D3D11Query.cpp:348 
 with error DXGI_ERROR_DEVICE_REMOVED DXGI_ERROR_DEVICE_HUNG
[2020.03.20-03.19.34:586][674]LogD3D11RHI: [Aftermath] GDynamicRHI=0000029BE52EC0C0, GDX11NVAfterMathEnabled=0, Result=0xFFFFFFFF, bDeviceActive=0
[2020.03.20-03.19.34:816][674]LogWindows: Windows GetLastError: The operation completed successfully. (0)
[2020.03.20-03.20.00:820][674]LogOutputDevice: Warning: 

Script Stack (0 frames):

[2020.03.20-03.20.00:820][674]LogWindows: Windows GetLastError: The operation completed successfully. (0)
[2020.03.20-03.20.00:826][674]LogWindows: Error: === Critical error: ===
[2020.03.20-03.20.00:826][674]LogWindows: Error: 
[2020.03.20-03.20.00:826][674]LogWindows: Error: Fatal error: [File:D:/Build/++UE4/Sync/Engine/Source/Runtime/RenderCore/Private/RenderingThread.cpp] [Line: 853] 
[2020.03.20-03.20.00:826][674]LogWindows: Error: Rendering thread exception:
[2020.03.20-03.20.00:826][674]LogWindows: Error: Fatal error: [File:D:/Build/++UE4/Sync/Engine/Source/Runtime/Windows/D3D11RHI/Private/D3D11Util.cpp] [Line: 198] 
[2020.03.20-03.20.00:826][674]LogWindows: Error: Unreal Engine is exiting due to D3D device being lost. (Error: 0x887A0006 - 'HUNG')
[2020.03.20-03.20.00:826][674]LogWindows: Error: 
[2020.03.20-03.20.00:826][674]LogWindows: Error: 
[2020.03.20-03.20.00:826][674]LogWindows: Error: Unhandled Exception: 0x00008000
[2020.03.20-03.20.00:826][674]LogWindows: Error: 
[2020.03.20-03.20.00:826][674]LogWindows: Error: [Callstack] 0x00007ff86fe7a859 KERNELBASE.dll!UnknownFunction []
[2020.03.20-03.20.00:826][674]LogWindows: Error: [Callstack] 0x00007ff8097dc396 UE4Editor-Core.dll!UnknownFunction []
[2020.03.20-03.20.00:826][674]LogWindows: Error: [Callstack] 0x00007ff8097dde81 UE4Editor-Core.dll!UnknownFunction []
[2020.03.20-03.20.00:826][674]LogWindows: Error: [Callstack] 0x00007ff809592cbd UE4Editor-Core.dll!UnknownFunction []
[2020.03.20-03.20.00:826][674]LogWindows: Error: [Callstack] 0x00007ffffa3a13c9 UE4Editor-D3D11RHI.dll!UnknownFunction []
[2020.03.20-03.20.00:826][674]LogWindows: Error: [Callstack] 0x00007ffffa3a5b9f UE4Editor-D3D11RHI.dll!UnknownFunction []
[2020.03.20-03.20.00:826][674]LogWindows: Error: [Callstack] 0x00007ffffa3860e3 UE4Editor-D3D11RHI.dll!UnknownFunction []
[2020.03.20-03.20.00:826][674]LogWindows: Error: [Callstack] 0x00007ffffa39460c UE4Editor-D3D11RHI.dll!UnknownFunction []
[2020.03.20-03.20.00:826][674]LogWindows: Error: [Callstack] 0x00007ff828e941af UE4Editor-RHI.dll!UnknownFunction []
[2020.03.20-03.20.00:826][674]LogWindows: Error: [Callstack] 0x00007ffffd6fe078 UE4Editor-Renderer.dll!UnknownFunction []
[2020.03.20-03.20.00:826][674]LogWindows: Error: [Callstack] 0x00007ffffdb7b258 UE4Editor-Renderer.dll!UnknownFunction []
[2020.03.20-03.20.00:826][674]LogWindows: Error: [Callstack] 0x00007ffffdb5907c UE4Editor-Renderer.dll!UnknownFunction []
[2020.03.20-03.20.00:826][674]LogWindows: Error: [Callstack] 0x00007ff809369ff2 UE4Editor-Core.dll!UnknownFunction []
[2020.03.20-03.20.00:826][674]LogWindows: Error: [Callstack] 0x00007ff80936a393 UE4Editor-Core.dll!UnknownFunction []
[2020.03.20-03.20.00:826][674]LogWindows: Error: [Callstack] 0x00007ff85c3e5391 UE4Editor-RenderCore.dll!UnknownFunction []
[2020.03.20-03.20.00:826][674]LogWindows: Error: [Callstack] 0x00007ff85c3ee254 UE4Editor-RenderCore.dll!UnknownFunction []
[2020.03.20-03.20.00:826][674]LogWindows: Error: [Callstack] 0x00007ff8097e384f UE4Editor-Core.dll!UnknownFunction []
[2020.03.20-03.20.00:826][674]LogWindows: Error: [Callstack] 0x00007ff8097e3684 UE4Editor-Core.dll!UnknownFunction []
[2020.03.20-03.20.00:826][674]LogWindows: Error: [Callstack] 0x00007ff871597bd4 KERNEL32.DLL!UnknownFunction []
[2020.03.20-03.20.00:826][674]LogWindows: Error: [Callstack] 0x00007ff872dcced1 ntdll.dll!UnknownFunction []
[2020.03.20-03.20.00:826][674]LogWindows: Error: 
[2020.03.20-03.20.00:826][674]LogWindows: Error: 
[2020.03.20-03.20.00:826][674]LogWindows: Error: 
[2020.03.20-03.20.00:826][674]LogWindows: Error: 
[2020.03.20-03.20.00:893][674]LogExit: Executing StaticShutdownAfterError
[2020.03.20-03.20.01:133][674]LogWindows: FPlatformMisc::RequestExit(1)
[2020.03.20-03.20.01:133][674]LogCore: Engine exit requested (reason: Win RequestExit)
[2020.03.20-03.20.01:175][674]Log file closed, 03/19/20 23:20:01
