Log file open, 03/21/20 13:36:10
LogWindows: Failed to load 'aqProf.dll' (GetLastError=126)
LogWindows: File 'aqProf.dll' does not exist
LogWindows: Failed to load 'VtuneApi.dll' (GetLastError=126)
LogWindows: File 'VtuneApi.dll' does not exist
LogWindows: Failed to load 'VtuneApi32e.dll' (GetLastError=126)
LogWindows: File 'VtuneApi32e.dll' does not exist
LogConsoleResponse: Display: Failed to find resolution value strings in scalability ini. Falling back to default.
LogInit: Display: Running engine for game: MidtermProject
LogPlatformFile: Not using cached read wrapper
LogTaskGraph: Started task graph with 5 named threads and 23 total threads with 3 sets of task threads.
LogStats: Stats thread started at 0.089352
LogD3D11RHI: Loaded GFSDK_Aftermath_Lib.x64.dll
LogICUInternationalization: ICU TimeZone Detection - Raw Offset: -5:00, Platform Override: ''
LogPluginManager: Mounting plugin Paper2D
LogPluginManager: Mounting plugin AISupport
LogPluginManager: Mounting plugin LightPropagationVolume
LogPluginManager: Mounting plugin ActorLayerUtilities
LogPluginManager: Mounting plugin AnimationSharing
LogPluginManager: Mounting plugin CLionSourceCodeAccess
LogPluginManager: Mounting plugin CodeLiteSourceCodeAccess
LogPluginManager: Mounting plugin GitSourceControl
LogPluginManager: Mounting plugin KDevelopSourceCodeAccess
LogPluginManager: Mounting plugin NullSourceCodeAccess
LogPluginManager: Mounting plugin PerforceSourceControl
LogPluginManager: Mounting plugin PlasticSourceControl
LogPluginManager: Mounting plugin SubversionSourceControl
LogPluginManager: Mounting plugin UObjectPlugin
LogPluginManager: Mounting plugin VisualStudioCodeSourceCodeAccess
LogPluginManager: Mounting plugin VisualStudioSourceCodeAccess
LogPluginManager: Mounting plugin XCodeSourceCodeAccess
LogPluginManager: Mounting plugin AssetManagerEditor
LogPluginManager: Mounting plugin CryptoKeys
LogPluginManager: Mounting plugin CurveEditorTools
LogPluginManager: Mounting plugin DataValidation
LogPluginManager: Mounting plugin FacialAnimation
LogPluginManager: Mounting plugin GameplayTagsEditor
LogPluginManager: Mounting plugin MacGraphicsSwitching
LogPluginManager: Mounting plugin MaterialAnalyzer
LogPluginManager: Mounting plugin MobileLauncherProfileWizard
LogPluginManager: Mounting plugin PluginBrowser
LogPluginManager: Mounting plugin SpeedTreeImporter
LogPluginManager: Mounting plugin DatasmithContent
LogPluginManager: Mounting plugin VariantManagerContent
LogPluginManager: Mounting plugin AlembicImporter
LogPluginManager: Mounting plugin AutomationUtils
LogPluginManager: Mounting plugin BackChannel
LogPluginManager: Mounting plugin CharacterAI
LogPluginManager: Mounting plugin GeometryCache
LogPluginManager: Mounting plugin PlatformCrypto
LogPluginManager: Mounting plugin ProxyLODPlugin
LogPluginManager: Mounting plugin SkeletalReduction
LogPluginManager: Mounting plugin MagicLeap
LogPluginManager: Mounting plugin MagicLeapMedia
LogPluginManager: Mounting plugin MLSDK
LogPluginManager: Mounting plugin AndroidMedia
LogPluginManager: Mounting plugin AvfMedia
LogPluginManager: Mounting plugin ImgMedia
LogPluginManager: Mounting plugin MediaCompositing
LogPluginManager: Mounting plugin MediaPlayerEditor
LogPluginManager: Mounting plugin WebMMedia
LogPluginManager: Mounting plugin WmfMedia
LogPluginManager: Mounting plugin TcpMessaging
LogPluginManager: Mounting plugin UdpMessaging
LogPluginManager: Mounting plugin ActorSequence
LogPluginManager: Mounting plugin LevelSequenceEditor
LogPluginManager: Mounting plugin MatineeToLevelSequence
LogPluginManager: Mounting plugin NetcodeUnitTest
LogPluginManager: Mounting plugin NUTUnrealEngine4
LogPluginManager: Mounting plugin OnlineSubsystemGooglePlay
LogPluginManager: Mounting plugin OnlineSubsystemIOS
LogPluginManager: Mounting plugin OnlineSubsystem
LogPluginManager: Mounting plugin OnlineSubsystemNull
LogPluginManager: Mounting plugin OnlineSubsystemUtils
LogPluginManager: Mounting plugin LauncherChunkInstaller
LogPluginManager: Mounting plugin AndroidDeviceProfileSelector
LogPluginManager: Mounting plugin AndroidMoviePlayer
LogPluginManager: Mounting plugin AndroidPermission
LogPluginManager: Mounting plugin AppleImageUtils
LogPluginManager: Mounting plugin AppleMoviePlayer
LogPluginManager: Mounting plugin ArchVisCharacter
LogPluginManager: Mounting plugin AssetTags
LogPluginManager: Mounting plugin AudioCapture
LogPluginManager: Mounting plugin CableComponent
LogPluginManager: Mounting plugin CustomMeshComponent
LogPluginManager: Mounting plugin EditableMesh
LogPluginManager: Mounting plugin ExampleDeviceProfileSelector
LogPluginManager: Mounting plugin GoogleCloudMessaging
LogPluginManager: Mounting plugin IOSDeviceProfileSelector
LogPluginManager: Mounting plugin LinuxDeviceProfileSelector
LogPluginManager: Mounting plugin LocationServicesBPLibrary
LogPluginManager: Mounting plugin MobilePatchingUtils
LogPluginManager: Mounting plugin OculusVR
LogPluginManager: Mounting plugin PhysXVehicles
LogPluginManager: Mounting plugin PostSplashScreen
LogPluginManager: Mounting plugin ProceduralMeshComponent
LogPluginManager: Mounting plugin RuntimePhysXCooking
LogPluginManager: Mounting plugin SignificanceManager
LogPluginManager: Mounting plugin SteamVR
LogPluginManager: Mounting plugin WebMMoviePlayer
LogPluginManager: Mounting plugin WindowsMoviePlayer
LogPluginManager: Mounting plugin ScreenshotTools
LogInit: Using libcurl 7.55.1-DEV
LogInit:  - built for x86_64-pc-win32
LogInit:  - supports SSL with OpenSSL/1.1.1
LogInit:  - supports HTTP deflate (compression) using libz 1.2.8
LogInit:  - other features:
LogInit:      CURL_VERSION_SSL
LogInit:      CURL_VERSION_LIBZ
LogInit:      CURL_VERSION_IPV6
LogInit:      CURL_VERSION_ASYNCHDNS
LogInit:      CURL_VERSION_LARGEFILE
LogInit:      CURL_VERSION_IDN
LogInit:  CurlRequestOptions (configurable via config and command line):
LogInit:  - bVerifyPeer = true  - Libcurl will verify peer certificate
LogInit:  - bUseHttpProxy = false  - Libcurl will NOT use HTTP proxy
LogInit:  - bDontReuseConnections = false  - Libcurl will reuse connections
LogInit:  - MaxHostConnections = 16  - Libcurl will limit the number of connections to a host
LogInit:  - LocalHostAddr = Default
LogInit:  - BufferSize = 65536
LogOnline: OSS: Creating online subsystem instance for: NULL
LogInit: WinSock: version 1.1 (2.2), MaxSocks=32767, MaxUdp=65467
LogOnline: OSS: TryLoadSubsystemAndSetDefault: Loaded subsystem for module [NULL]
LogInit: Build: ++UE4+Release-4.24-CL-10757647
LogInit: Engine Version: 4.24.1-10757647+++UE4+Release-4.24
LogInit: Compatible Engine Version: 4.24.0-10570792+++UE4+Release-4.24
LogInit: Net CL: 10570792
LogInit: OS: Windows 10 (Release 1903) (), CPU: Intel(R) Core(TM) i7-6700HQ CPU @ 2.60GHz, GPU: NVIDIA GeForce GTX 1060
LogInit: Compiled (64-bit): Dec 17 2019 02:08:03
LogInit: Compiled with Visual C++: 19.16.27032.01
LogInit: Build Configuration: Development
LogInit: Branch Name: ++UE4+Release-4.24
LogInit: Command Line:  -EpicPortal -epicusername=rachelqxl -epicuserid=ace2c9cfa278442f8c123a4e488357fc -epiclocale=en
LogInit: Base Directory: D:/apps/EpicGames/UE_4.24/Engine/Binaries/Win64/
LogInit: Installed Engine Build: 1
LogDevObjectVersion: Number of dev versions registered: 25
LogDevObjectVersion:   Dev-Blueprints (B0D832E4-1F89-4F0D-ACCF-7EB736FD4AA2): 10
LogDevObjectVersion:   Dev-Build (E1C64328-A22C-4D53-A36C-8E866417BD8C): 0
LogDevObjectVersion:   Dev-Core (375EC13C-06E4-48FB-B500-84F0262A717E): 3
LogDevObjectVersion:   Dev-Editor (E4B068ED-F494-42E9-A231-DA0B2E46BB41): 37
LogDevObjectVersion:   Dev-Framework (CFFC743F-43B0-4480-9391-14DF171D2073): 36
LogDevObjectVersion:   Dev-Mobile (B02B49B5-BB20-44E9-A304-32B752E40360): 2
LogDevObjectVersion:   Dev-Networking (A4E4105C-59A1-49B5-A7C5-40C4547EDFEE): 0
LogDevObjectVersion:   Dev-Online (39C831C9-5AE6-47DC-9A44-9C173E1C8E7C): 0
LogDevObjectVersion:   Dev-Physics (78F01B33-EBEA-4F98-B9B4-84EACCB95AA2): 2
LogDevObjectVersion:   Dev-Platform (6631380F-2D4D-43E0-8009-CF276956A95A): 0
LogDevObjectVersion:   Dev-Rendering (12F88B9F-8875-4AFC-A67C-D90C383ABD29): 36
LogDevObjectVersion:   Dev-Sequencer (7B5AE74C-D270-4C10-A958-57980B212A5A): 11
LogDevObjectVersion:   Dev-VR (D7296918-1DD6-4BDD-9DE2-64A83CC13884): 2
LogDevObjectVersion:   Dev-LoadTimes (C2A15278-BFE7-4AFE-6C17-90FF531DF755): 1
LogDevObjectVersion:   Private-Geometry (6EACA3D4-40EC-4CC1-B786-8BED09428FC5): 3
LogDevObjectVersion:   Dev-AnimPhys (29E575DD-E0A3-4627-9D10-D276232CDCEA): 17
LogDevObjectVersion:   Dev-Anim (AF43A65D-7FD3-4947-9873-3E8ED9C1BB05): 2
LogDevObjectVersion:   Dev-ReflectionCapture (6B266CEC-1EC7-4B8F-A30B-E4D90942FC07): 1
LogDevObjectVersion:   Dev-Automation (0DF73D61-A23F-47EA-B727-89E90C41499A): 1
LogDevObjectVersion:   FortniteMain (601D1886-AC64-4F84-AA16-D3DE0DEAC7D6): 31
LogDevObjectVersion:   Dev-Enterprise (9DFFBCD6-494F-0158-E221-12823C92A888): 8
LogDevObjectVersion:   Dev-Niagara (F2AED0AC-9AFE-416F-8664-AA7FFA26D6FC): 1
LogDevObjectVersion:   Dev-Destruction (174F1F0B-B4C6-45A5-B13F-2EE8D0FB917D): 9
LogDevObjectVersion:   Dev-Physics-Ext (35F94A83-E258-406C-A318-09F59610247C): 8
LogDevObjectVersion:   Dev-CineCamera (B2E18506-4273-CFC2-A54E-F4BB758BBA07): 1
LogInit: Presizing for max 25165824 objects, including 0 objects not considered by GC, pre-allocating 0 bytes for permanent pool.
LogInit: Object subsystem initialized
LogConfig: Setting CVar [[con.DebugEarlyDefault:1]]
LogConfig: Setting CVar [[r.setres:1280x720]]
[2020.03.21-17.36.10:682][  0]LogConfig: Setting CVar [[r.VSync:0]]
[2020.03.21-17.36.10:682][  0]LogConfig: Setting CVar [[r.RHICmdBypass:0]]
[2020.03.21-17.36.10:682][  0]LogConfig: Applying CVar settings from Section [/Script/Engine.RendererSettings] File [D:/content/others/nyu/gradClasses/Level Design/MidtermProject/Saved/Config/Windows/Engine.ini]
[2020.03.21-17.36.10:682][  0]LogConfig: Setting CVar [[r.GPUCrashDebugging:0]]
[2020.03.21-17.36.10:682][  0]LogConfig: Setting CVar [[r.MobileHDR:1]]
[2020.03.21-17.36.10:682][  0]LogConfig: Setting CVar [[r.Mobile.DisableVertexFog:1]]
[2020.03.21-17.36.10:682][  0]LogConfig: Setting CVar [[r.Shadow.CSM.MaxMobileCascades:2]]
[2020.03.21-17.36.10:682][  0]LogConfig: Setting CVar [[r.MobileMSAA:1]]
[2020.03.21-17.36.10:682][  0]LogConfig: Setting CVar [[r.Mobile.UseLegacyShadingModel:0]]
[2020.03.21-17.36.10:682][  0]LogConfig: Setting CVar [[r.Mobile.UseHWsRGBEncoding:0]]
[2020.03.21-17.36.10:682][  0]LogConfig: Setting CVar [[r.Mobile.AllowDitheredLODTransition:0]]
[2020.03.21-17.36.10:682][  0]LogConfig: Setting CVar [[r.Mobile.AllowSoftwareOcclusion:0]]
[2020.03.21-17.36.10:682][  0]LogConfig: Setting CVar [[r.DiscardUnusedQuality:0]]
[2020.03.21-17.36.10:682][  0]LogConfig: Setting CVar [[r.AllowOcclusionQueries:1]]
[2020.03.21-17.36.10:682][  0]LogConfig: Setting CVar [[r.MinScreenRadiusForLights:0.030000]]
[2020.03.21-17.36.10:682][  0]LogConfig: Setting CVar [[r.MinScreenRadiusForDepthPrepass:0.030000]]
[2020.03.21-17.36.10:682][  0]LogConfig: Setting CVar [[r.MinScreenRadiusForCSMDepth:0.010000]]
[2020.03.21-17.36.10:682][  0]LogConfig: Setting CVar [[r.PrecomputedVisibilityWarning:0]]
[2020.03.21-17.36.10:682][  0]LogConfig: Setting CVar [[r.TextureStreaming:1]]
[2020.03.21-17.36.10:682][  0]LogConfig: Setting CVar [[Compat.UseDXT5NormalMaps:0]]
[2020.03.21-17.36.10:682][  0]LogConfig: Setting CVar [[r.VirtualTextures:0]]
[2020.03.21-17.36.10:682][  0]LogConfig: Setting CVar [[r.VirtualTexturedLightmaps:0]]
[2020.03.21-17.36.10:682][  0]LogConfig: Setting CVar [[r.VT.TileSize:128]]
[2020.03.21-17.36.10:682][  0]LogConfig: Setting CVar [[r.VT.TileBorderSize:4]]
[2020.03.21-17.36.10:682][  0]LogConfig: Setting CVar [[r.vt.FeedbackFactor:16]]
[2020.03.21-17.36.10:682][  0]LogConfig: Setting CVar [[r.VT.EnableCompressZlib:1]]
[2020.03.21-17.36.10:682][  0]LogConfig: Setting CVar [[r.VT.EnableCompressCrunch:0]]
[2020.03.21-17.36.10:682][  0]LogConfig: Setting CVar [[r.ClearCoatNormal:0]]
[2020.03.21-17.36.10:682][  0]LogConfig: Setting CVar [[r.ReflectionCaptureResolution:128]]
[2020.03.21-17.36.10:682][  0]LogConfig: Setting CVar [[r.ReflectionEnvironmentLightmapMixBasedOnRoughness:1]]
[2020.03.21-17.36.10:682][  0]LogConfig: Setting CVar [[r.ForwardShading:0]]
[2020.03.21-17.36.10:682][  0]LogConfig: Setting CVar [[r.VertexFoggingForOpaque:1]]
[2020.03.21-17.36.10:682][  0]LogConfig: Setting CVar [[r.AllowStaticLighting:1]]
[2020.03.21-17.36.10:682][  0]LogConfig: Setting CVar [[r.NormalMapsForStaticLighting:0]]
[2020.03.21-17.36.10:682][  0]LogConfig: Setting CVar [[r.GenerateMeshDistanceFields:0]]
[2020.03.21-17.36.10:682][  0]LogConfig: Setting CVar [[r.DistanceFieldBuild.EightBit:0]]
[2020.03.21-17.36.10:682][  0]LogConfig: Setting CVar [[r.GenerateLandscapeGIData:0]]
[2020.03.21-17.36.10:682][  0]LogConfig: Setting CVar [[r.DistanceFieldBuild.Compress:0]]
[2020.03.21-17.36.10:683][  0]LogConfig: Setting CVar [[r.TessellationAdaptivePixelsPerTriangle:48.000000]]
[2020.03.21-17.36.10:683][  0]LogConfig: Setting CVar [[r.SeparateTranslucency:1]]
[2020.03.21-17.36.10:683][  0]LogConfig: Setting CVar [[r.TranslucentSortPolicy:0]]
[2020.03.21-17.36.10:683][  0]LogConfig: Setting CVar [[r.CustomDepth:1]]
[2020.03.21-17.36.10:683][  0]LogConfig: Setting CVar [[r.CustomDepthTemporalAAJitter:1]]
[2020.03.21-17.36.10:683][  0]LogConfig: Setting CVar [[r.PostProcessing.PropagateAlpha:0]]
[2020.03.21-17.36.10:683][  0]LogConfig: Setting CVar [[r.DefaultFeature.Bloom:1]]
[2020.03.21-17.36.10:683][  0]LogConfig: Setting CVar [[r.DefaultFeature.AmbientOcclusion:1]]
[2020.03.21-17.36.10:683][  0]LogConfig: Setting CVar [[r.DefaultFeature.AmbientOcclusionStaticFraction:1]]
[2020.03.21-17.36.10:683][  0]LogConfig: Setting CVar [[r.DefaultFeature.AutoExposure:0]]
[2020.03.21-17.36.10:683][  0]LogConfig: Setting CVar [[r.DefaultFeature.AutoExposure.Method:0]]
[2020.03.21-17.36.10:683][  0]LogConfig: Setting CVar [[r.DefaultFeature.AutoExposure.ExtendDefaultLuminanceRange:0]]
[2020.03.21-17.36.10:683][  0]LogConfig: Setting CVar [[r.UsePreExposure:1]]
[2020.03.21-17.36.10:683][  0]LogConfig: Setting CVar [[r.EyeAdaptation.EditorOnly:1]]
[2020.03.21-17.36.10:683][  0]LogConfig: Setting CVar [[r.DefaultFeature.MotionBlur:0]]
[2020.03.21-17.36.10:683][  0]LogConfig: Setting CVar [[r.DefaultFeature.LensFlare:0]]
[2020.03.21-17.36.10:683][  0]LogConfig: Setting CVar [[r.TemporalAA.Upsampling:0]]
[2020.03.21-17.36.10:683][  0]LogConfig: Setting CVar [[r.SSGI.Enable:0]]
[2020.03.21-17.36.10:683][  0]LogConfig: Setting CVar [[r.DefaultFeature.AntiAliasing:0]]
[2020.03.21-17.36.10:683][  0]LogConfig: Setting CVar [[r.DefaultFeature.LightUnits:1]]
[2020.03.21-17.36.10:683][  0]LogConfig: Setting CVar [[r.DefaultBackBufferPixelFormat:4]]
[2020.03.21-17.36.10:683][  0]LogConfig: Setting CVar [[r.Shadow.UnbuiltPreviewInGame:1]]
[2020.03.21-17.36.10:683][  0]LogConfig: Setting CVar [[r.StencilForLODDither:0]]
[2020.03.21-17.36.10:683][  0]LogConfig: Setting CVar [[r.EarlyZPass:3]]
[2020.03.21-17.36.10:683][  0]LogConfig: Setting CVar [[r.EarlyZPassOnlyMaterialMasking:0]]
[2020.03.21-17.36.10:683][  0]LogConfig: Setting CVar [[r.DBuffer:1]]
[2020.03.21-17.36.10:683][  0]LogConfig: Setting CVar [[r.ClearSceneMethod:1]]
[2020.03.21-17.36.10:683][  0]LogConfig: Setting CVar [[r.BasePassOutputsVelocity:0]]
[2020.03.21-17.36.10:683][  0]LogConfig: Setting CVar [[r.SelectiveBasePassOutputs:0]]
[2020.03.21-17.36.10:683][  0]LogConfig: Setting CVar [[fx.GPUSimulationTextureSizeX:1024]]
[2020.03.21-17.36.10:683][  0]LogConfig: Setting CVar [[fx.GPUSimulationTextureSizeY:1024]]
[2020.03.21-17.36.10:683][  0]LogConfig: Setting CVar [[r.AllowGlobalClipPlane:0]]
[2020.03.21-17.36.10:683][  0]LogConfig: Setting CVar [[r.GBufferFormat:1]]
[2020.03.21-17.36.10:683][  0]LogConfig: Setting CVar [[r.MorphTarget.Mode:1]]
[2020.03.21-17.36.10:683][  0]LogConfig: Setting CVar [[vr.InstancedStereo:0]]
[2020.03.21-17.36.10:683][  0]LogConfig: Setting CVar [[vr.MultiView:0]]
[2020.03.21-17.36.10:683][  0]LogConfig: Setting CVar [[vr.MobileMultiView:0]]
[2020.03.21-17.36.10:683][  0]LogConfig: Setting CVar [[vr.MobileMultiView.Direct:0]]
[2020.03.21-17.36.10:683][  0]LogConfig: Setting CVar [[vr.RoundRobinOcclusion:0]]
[2020.03.21-17.36.10:683][  0]LogConfig: Setting CVar [[vr.ODSCapture:0]]
[2020.03.21-17.36.10:683][  0]LogConfig: Setting CVar [[r.WireframeCullThreshold:5.000000]]
[2020.03.21-17.36.10:683][  0]LogConfig: Setting CVar [[r.RayTracing:0]]
[2020.03.21-17.36.10:683][  0]LogConfig: Setting CVar [[r.RayTracing.UseTextureLod:0]]
[2020.03.21-17.36.10:683][  0]LogConfig: Setting CVar [[r.SupportStationarySkylight:1]]
[2020.03.21-17.36.10:684][  0]LogConfig: Setting CVar [[r.SupportLowQualityLightmaps:1]]
[2020.03.21-17.36.10:684][  0]LogConfig: Setting CVar [[r.SupportPointLightWholeSceneShadows:1]]
[2020.03.21-17.36.10:684][  0]LogConfig: Setting CVar [[r.SupportAtmosphericFog:1]]
[2020.03.21-17.36.10:684][  0]LogConfig: Setting CVar [[r.SupportSkyAtmosphere:1]]
[2020.03.21-17.36.10:684][  0]LogConfig: Setting CVar [[r.SupportSkyAtmosphereAffectsHeightFog:0]]
[2020.03.21-17.36.10:684][  0]LogConfig: Setting CVar [[r.SkinCache.CompileShaders:0]]
[2020.03.21-17.36.10:684][  0]LogConfig: Setting CVar [[r.Mobile.EnableStaticAndCSMShadowReceivers:1]]
[2020.03.21-17.36.10:684][  0]LogConfig: Setting CVar [[r.Mobile.EnableMovableLightCSMShaderCulling:1]]
[2020.03.21-17.36.10:684][  0]LogConfig: Setting CVar [[r.Mobile.AllowDistanceFieldShadows:1]]
[2020.03.21-17.36.10:684][  0]LogConfig: Setting CVar [[r.Mobile.AllowMovableDirectionalLights:1]]
[2020.03.21-17.36.10:684][  0]LogConfig: Setting CVar [[r.MobileNumDynamicPointLights:4]]
[2020.03.21-17.36.10:684][  0]LogConfig: Setting CVar [[r.MobileDynamicPointLightsUseStaticBranch:1]]
[2020.03.21-17.36.10:684][  0]LogConfig: Setting CVar [[r.Mobile.EnableMovableSpotlights:0]]
[2020.03.21-17.36.10:684][  0]LogConfig: Setting CVar [[r.SkinCache.SceneMemoryLimitInMB:128.000000]]
[2020.03.21-17.36.10:684][  0]LogConfig: Setting CVar [[r.GPUSkin.Limit2BoneInfluences:0]]
[2020.03.21-17.36.10:684][  0]LogConfig: Setting CVar [[r.SupportDepthOnlyIndexBuffers:1]]
[2020.03.21-17.36.10:684][  0]LogConfig: Setting CVar [[r.SupportReversedIndexBuffers:1]]
[2020.03.21-17.36.10:684][  0]LogConfig: Setting CVar [[r.SupportMaterialLayers:0]]
[2020.03.21-17.36.10:684][  0]LogConfig: Setting CVar [[r.LightPropagationVolume:0]]
[2020.03.21-17.36.10:684][  0]LogConfig: Applying CVar settings from Section [/Script/Engine.RendererOverrideSettings] File [D:/content/others/nyu/gradClasses/Level Design/MidtermProject/Saved/Config/Windows/Engine.ini]
[2020.03.21-17.36.10:684][  0]LogConfig: Applying CVar settings from Section [/Script/Engine.StreamingSettings] File [D:/content/others/nyu/gradClasses/Level Design/MidtermProject/Saved/Config/Windows/Engine.ini]
[2020.03.21-17.36.10:684][  0]LogConfig: Setting CVar [[s.MinBulkDataSizeForAsyncLoading:131072]]
[2020.03.21-17.36.10:684][  0]LogConfig: Setting CVar [[s.AsyncLoadingThreadEnabled:0]]
[2020.03.21-17.36.10:684][  0]LogConfig: Setting CVar [[s.EventDrivenLoaderEnabled:1]]
[2020.03.21-17.36.10:684][  0]LogConfig: Setting CVar [[s.WarnIfTimeLimitExceeded:0]]
[2020.03.21-17.36.10:684][  0]LogConfig: Setting CVar [[s.TimeLimitExceededMultiplier:1.5]]
[2020.03.21-17.36.10:684][  0]LogConfig: Setting CVar [[s.TimeLimitExceededMinTime:0.005]]
[2020.03.21-17.36.10:684][  0]LogConfig: Setting CVar [[s.UseBackgroundLevelStreaming:1]]
[2020.03.21-17.36.10:684][  0]LogConfig: Setting CVar [[s.PriorityAsyncLoadingExtraTime:15.0]]
[2020.03.21-17.36.10:684][  0]LogConfig: Setting CVar [[s.LevelStreamingActorsUpdateTimeLimit:5.0]]
[2020.03.21-17.36.10:684][  0]LogConfig: Setting CVar [[s.PriorityLevelStreamingActorsUpdateExtraTime:5.0]]
[2020.03.21-17.36.10:684][  0]LogConfig: Setting CVar [[s.LevelStreamingComponentsRegistrationGranularity:10]]
[2020.03.21-17.36.10:684][  0]LogConfig: Setting CVar [[s.UnregisterComponentsTimeLimit:1.0]]
[2020.03.21-17.36.10:684][  0]LogConfig: Setting CVar [[s.LevelStreamingComponentsUnregistrationGranularity:5]]
[2020.03.21-17.36.10:684][  0]LogConfig: Setting CVar [[s.FlushStreamingOnExit:1]]
[2020.03.21-17.36.10:684][  0]LogConfig: Applying CVar settings from Section [/Script/Engine.GarbageCollectionSettings] File [D:/content/others/nyu/gradClasses/Level Design/MidtermProject/Saved/Config/Windows/Engine.ini]
[2020.03.21-17.36.10:684][  0]LogConfig: Setting CVar [[gc.MaxObjectsNotConsideredByGC:1]]
[2020.03.21-17.36.10:684][  0]LogConfig: Setting CVar [[gc.SizeOfPermanentObjectPool:0]]
[2020.03.21-17.36.10:684][  0]LogConfig: Setting CVar [[gc.FlushStreamingOnGC:0]]
[2020.03.21-17.36.10:684][  0]LogConfig: Setting CVar [[gc.NumRetriesBeforeForcingGC:10]]
[2020.03.21-17.36.10:684][  0]LogConfig: Setting CVar [[gc.AllowParallelGC:1]]
[2020.03.21-17.36.10:684][  0]LogConfig: Setting CVar [[gc.TimeBetweenPurgingPendingKillObjects:61.1]]
[2020.03.21-17.36.10:684][  0]LogConfig: Setting CVar [[gc.MaxObjectsInEditor:25165824]]
[2020.03.21-17.36.10:684][  0]LogConfig: Setting CVar [[gc.IncrementalBeginDestroyEnabled:1]]
[2020.03.21-17.36.10:684][  0]LogConfig: Setting CVar [[gc.CreateGCClusters:1]]
[2020.03.21-17.36.10:684][  0]LogConfig: Setting CVar [[gc.MinGCClusterSize:5]]
[2020.03.21-17.36.10:684][  0]LogConfig: Setting CVar [[gc.ActorClusteringEnabled:0]]
[2020.03.21-17.36.10:684][  0]LogConfig: Setting CVar [[gc.BlueprintClusteringEnabled:0]]
[2020.03.21-17.36.10:684][  0]LogConfig: Setting CVar [[gc.UseDisregardForGCOnDedicatedServers:0]]
[2020.03.21-17.36.10:685][  0]LogConfig: Applying CVar settings from Section [/Script/Engine.NetworkSettings] File [D:/content/others/nyu/gradClasses/Level Design/MidtermProject/Saved/Config/Windows/Engine.ini]
[2020.03.21-17.36.10:685][  0]LogConfig: Applying CVar settings from Section [/Script/UnrealEd.CookerSettings] File [D:/content/others/nyu/gradClasses/Level Design/MidtermProject/Saved/Config/Windows/Engine.ini]
[2020.03.21-17.36.10:688][  0]LogConfig: Applying CVar settings from Section [ViewDistanceQuality@3] File [D:/content/others/nyu/gradClasses/Level Design/MidtermProject/Saved/Config/Windows/Scalability.ini]
[2020.03.21-17.36.10:688][  0]LogConfig: Setting CVar [[r.SkeletalMeshLODBias:0]]
[2020.03.21-17.36.10:688][  0]LogConfig: Setting CVar [[r.ViewDistanceScale:1.0]]
[2020.03.21-17.36.10:688][  0]LogConfig: Applying CVar settings from Section [AntiAliasingQuality@3] File [D:/content/others/nyu/gradClasses/Level Design/MidtermProject/Saved/Config/Windows/Scalability.ini]
[2020.03.21-17.36.10:688][  0]LogConfig: Setting CVar [[r.PostProcessAAQuality:4]]
[2020.03.21-17.36.10:688][  0]LogConfig: Applying CVar settings from Section [ShadowQuality@3] File [D:/content/others/nyu/gradClasses/Level Design/MidtermProject/Saved/Config/Windows/Scalability.ini]
[2020.03.21-17.36.10:688][  0]LogConfig: Setting CVar [[r.LightFunctionQuality:1]]
[2020.03.21-17.36.10:688][  0]LogConfig: Setting CVar [[r.ShadowQuality:5]]
[2020.03.21-17.36.10:688][  0]LogConfig: Setting CVar [[r.Shadow.CSM.MaxCascades:10]]
[2020.03.21-17.36.10:688][  0]LogConfig: Setting CVar [[r.Shadow.MaxResolution:2048]]
[2020.03.21-17.36.10:688][  0]LogConfig: Setting CVar [[r.Shadow.MaxCSMResolution:2048]]
[2020.03.21-17.36.10:688][  0]LogConfig: Setting CVar [[r.Shadow.RadiusThreshold:0.01]]
[2020.03.21-17.36.10:688][  0]LogConfig: Setting CVar [[r.Shadow.DistanceScale:1.0]]
[2020.03.21-17.36.10:688][  0]LogConfig: Setting CVar [[r.Shadow.CSM.TransitionScale:1.0]]
[2020.03.21-17.36.10:688][  0]LogConfig: Setting CVar [[r.Shadow.PreShadowResolutionFactor:1.0]]
[2020.03.21-17.36.10:688][  0]LogConfig: Setting CVar [[r.DistanceFieldShadowing:1]]
[2020.03.21-17.36.10:688][  0]LogConfig: Setting CVar [[r.DistanceFieldAO:1]]
[2020.03.21-17.36.10:688][  0]LogConfig: Setting CVar [[r.AOQuality:2]]
[2020.03.21-17.36.10:688][  0]LogConfig: Setting CVar [[r.VolumetricFog:1]]
[2020.03.21-17.36.10:688][  0]LogConfig: Setting CVar [[r.VolumetricFog.GridPixelSize:8]]
[2020.03.21-17.36.10:688][  0]LogConfig: Setting CVar [[r.VolumetricFog.GridSizeZ:128]]
[2020.03.21-17.36.10:688][  0]LogConfig: Setting CVar [[r.VolumetricFog.HistoryMissSupersampleCount:4]]
[2020.03.21-17.36.10:688][  0]LogConfig: Setting CVar [[r.LightMaxDrawDistanceScale:1]]
[2020.03.21-17.36.10:688][  0]LogConfig: Setting CVar [[r.CapsuleShadows:1]]
[2020.03.21-17.36.10:688][  0]LogConfig: Applying CVar settings from Section [PostProcessQuality@3] File [D:/content/others/nyu/gradClasses/Level Design/MidtermProject/Saved/Config/Windows/Scalability.ini]
[2020.03.21-17.36.10:688][  0]LogConfig: Setting CVar [[r.MotionBlurQuality:4]]
[2020.03.21-17.36.10:688][  0]LogConfig: Setting CVar [[r.AmbientOcclusionMipLevelFactor:0.4]]
[2020.03.21-17.36.10:688][  0]LogConfig: Setting CVar [[r.AmbientOcclusionMaxQuality:100]]
[2020.03.21-17.36.10:688][  0]LogConfig: Setting CVar [[r.AmbientOcclusionLevels:-1]]
[2020.03.21-17.36.10:689][  0]LogConfig: Setting CVar [[r.AmbientOcclusionRadiusScale:1.0]]
[2020.03.21-17.36.10:689][  0]LogConfig: Setting CVar [[r.DepthOfFieldQuality:2]]
[2020.03.21-17.36.10:689][  0]LogConfig: Setting CVar [[r.RenderTargetPoolMin:400]]
[2020.03.21-17.36.10:689][  0]LogConfig: Setting CVar [[r.LensFlareQuality:2]]
[2020.03.21-17.36.10:689][  0]LogConfig: Setting CVar [[r.SceneColorFringeQuality:1]]
[2020.03.21-17.36.10:689][  0]LogConfig: Setting CVar [[r.EyeAdaptationQuality:2]]
[2020.03.21-17.36.10:689][  0]LogConfig: Setting CVar [[r.BloomQuality:5]]
[2020.03.21-17.36.10:689][  0]LogConfig: Setting CVar [[r.FastBlurThreshold:100]]
[2020.03.21-17.36.10:689][  0]LogConfig: Setting CVar [[r.Upscale.Quality:3]]
[2020.03.21-17.36.10:689][  0]LogConfig: Setting CVar [[r.Tonemapper.GrainQuantization:1]]
[2020.03.21-17.36.10:689][  0]LogConfig: Setting CVar [[r.LightShaftQuality:1]]
[2020.03.21-17.36.10:689][  0]LogConfig: Setting CVar [[r.Filter.SizeScale:1]]
[2020.03.21-17.36.10:689][  0]LogConfig: Setting CVar [[r.Tonemapper.Quality:5]]
[2020.03.21-17.36.10:689][  0]LogConfig: Setting CVar [[r.DOF.Gather.AccumulatorQuality:1        ; higher gathering accumulator quality]]
[2020.03.21-17.36.10:689][  0]LogConfig: Setting CVar [[r.DOF.Gather.PostfilterMethod:1          ; Median3x3 postfilering method]]
[2020.03.21-17.36.10:689][  0]LogConfig: Setting CVar [[r.DOF.Gather.EnableBokehSettings:0       ; no bokeh simulation when gathering]]
[2020.03.21-17.36.10:689][  0]LogConfig: Setting CVar [[r.DOF.Gather.RingCount:4                 ; medium number of samples when gathering]]
[2020.03.21-17.36.10:689][  0]LogConfig: Setting CVar [[r.DOF.Scatter.ForegroundCompositing:1    ; additive foreground scattering]]
[2020.03.21-17.36.10:689][  0]LogConfig: Setting CVar [[r.DOF.Scatter.BackgroundCompositing:2    ; additive background scattering]]
[2020.03.21-17.36.10:689][  0]LogConfig: Setting CVar [[r.DOF.Scatter.EnableBokehSettings:1      ; bokeh simulation when scattering]]
[2020.03.21-17.36.10:689][  0]LogConfig: Setting CVar [[r.DOF.Scatter.MaxSpriteRatio:0.1         ; only a maximum of 10% of scattered bokeh]]
[2020.03.21-17.36.10:689][  0]LogConfig: Setting CVar [[r.DOF.Recombine.Quality:1                ; cheap slight out of focus]]
[2020.03.21-17.36.10:689][  0]LogConfig: Setting CVar [[r.DOF.Recombine.EnableBokehSettings:0    ; no bokeh simulation on slight out of focus]]
[2020.03.21-17.36.10:689][  0]LogConfig: Setting CVar [[r.DOF.TemporalAAQuality:1                ; more stable temporal accumulation]]
[2020.03.21-17.36.10:689][  0]LogConfig: Setting CVar [[r.DOF.Kernel.MaxForegroundRadius:0.025]]
[2020.03.21-17.36.10:689][  0]LogConfig: Setting CVar [[r.DOF.Kernel.MaxBackgroundRadius:0.025]]
[2020.03.21-17.36.10:689][  0]LogConfig: Applying CVar settings from Section [TextureQuality@3] File [D:/content/others/nyu/gradClasses/Level Design/MidtermProject/Saved/Config/Windows/Scalability.ini]
[2020.03.21-17.36.10:689][  0]LogConfig: Setting CVar [[r.Streaming.MipBias:0]]
[2020.03.21-17.36.10:689][  0]LogConfig: Setting CVar [[r.Streaming.AmortizeCPUToGPUCopy:0]]
[2020.03.21-17.36.10:689][  0]LogConfig: Setting CVar [[r.Streaming.MaxNumTexturesToStreamPerFrame:0]]
[2020.03.21-17.36.10:689][  0]LogConfig: Setting CVar [[r.Streaming.Boost:1]]
[2020.03.21-17.36.10:689][  0]LogConfig: Setting CVar [[r.MaxAnisotropy:8]]
[2020.03.21-17.36.10:689][  0]LogConfig: Setting CVar [[r.VT.MaxAnisotropy:8]]
[2020.03.21-17.36.10:689][  0]LogConfig: Setting CVar [[r.Streaming.LimitPoolSizeToVRAM:0]]
[2020.03.21-17.36.10:689][  0]LogConfig: Setting CVar [[r.Streaming.PoolSize:1000]]
[2020.03.21-17.36.10:689][  0]LogConfig: Setting CVar [[r.Streaming.MaxEffectiveScreenSize:0]]
[2020.03.21-17.36.10:689][  0]LogConfig: Applying CVar settings from Section [EffectsQuality@3] File [D:/content/others/nyu/gradClasses/Level Design/MidtermProject/Saved/Config/Windows/Scalability.ini]
[2020.03.21-17.36.10:689][  0]LogConfig: Setting CVar [[r.TranslucencyLightingVolumeDim:64]]
[2020.03.21-17.36.10:689][  0]LogConfig: Setting CVar [[r.RefractionQuality:2]]
[2020.03.21-17.36.10:689][  0]LogConfig: Setting CVar [[r.SSR.Quality:3]]
[2020.03.21-17.36.10:689][  0]LogConfig: Setting CVar [[r.SSR.HalfResSceneColor:0]]
[2020.03.21-17.36.10:689][  0]LogConfig: Setting CVar [[r.SceneColorFormat:4]]
[2020.03.21-17.36.10:689][  0]LogConfig: Setting CVar [[r.DetailMode:2]]
[2020.03.21-17.36.10:689][  0]LogConfig: Setting CVar [[r.TranslucencyVolumeBlur:1]]
[2020.03.21-17.36.10:689][  0]LogConfig: Setting CVar [[r.MaterialQualityLevel:1 ; High quality]]
[2020.03.21-17.36.10:689][  0]LogConfig: Setting CVar [[r.SSS.Scale:1]]
[2020.03.21-17.36.10:689][  0]LogConfig: Setting CVar [[r.SSS.SampleSet:2]]
[2020.03.21-17.36.10:689][  0]LogConfig: Setting CVar [[r.SSS.Quality:1]]
[2020.03.21-17.36.10:689][  0]LogConfig: Setting CVar [[r.SSS.HalfRes:1]]
[2020.03.21-17.36.10:689][  0]LogConfig: Setting CVar [[r.SSGI.Quality:3]]
[2020.03.21-17.36.10:689][  0]LogConfig: Setting CVar [[r.EmitterSpawnRateScale:1.0]]
[2020.03.21-17.36.10:689][  0]LogConfig: Setting CVar [[r.ParticleLightQuality:2]]
[2020.03.21-17.36.10:689][  0]LogConfig: Setting CVar [[r.SkyAtmosphere.AerialPerspectiveLUT.FastApplyOnOpaque:1 ; Always have FastSkyLUT 1 in this case to avoid wrong sky]]
[2020.03.21-17.36.10:689][  0]LogConfig: Setting CVar [[r.SkyAtmosphere.AerialPerspectiveLUT.SampleCountPerSlice:1]]
[2020.03.21-17.36.10:689][  0]LogConfig: Setting CVar [[r.SkyAtmosphere.AerialPerspectiveLUT.DepthResolution:16.0]]
[2020.03.21-17.36.10:690][  0]LogConfig: Setting CVar [[r.SkyAtmosphere.FastSkyLUT:1]]
[2020.03.21-17.36.10:690][  0]LogConfig: Setting CVar [[r.SkyAtmosphere.FastSkyLUT.SampleCountMin:4.0]]
[2020.03.21-17.36.10:690][  0]LogConfig: Setting CVar [[r.SkyAtmosphere.FastSkyLUT.SampleCountMax:32.0]]
[2020.03.21-17.36.10:690][  0]LogConfig: Setting CVar [[r.SkyAtmosphere.SampleCountMin:4.0]]
[2020.03.21-17.36.10:690][  0]LogConfig: Setting CVar [[r.SkyAtmosphere.SampleCountMax:32.0]]
[2020.03.21-17.36.10:690][  0]LogConfig: Setting CVar [[r.SkyAtmosphere.TransmittanceLUT.UseSmallFormat:0]]
[2020.03.21-17.36.10:690][  0]LogConfig: Setting CVar [[r.SkyAtmosphere.TransmittanceLUT.SampleCount:10.0]]
[2020.03.21-17.36.10:690][  0]LogConfig: Setting CVar [[r.SkyAtmosphere.MultiScatteringLUT.SampleCount:15.0]]
[2020.03.21-17.36.10:690][  0]LogConfig: Applying CVar settings from Section [FoliageQuality@3] File [D:/content/others/nyu/gradClasses/Level Design/MidtermProject/Saved/Config/Windows/Scalability.ini]
[2020.03.21-17.36.10:690][  0]LogConfig: Setting CVar [[foliage.DensityScale:1.0]]
[2020.03.21-17.36.10:690][  0]LogConfig: Setting CVar [[grass.DensityScale:1.0]]
[2020.03.21-17.36.10:690][  0]LogConfig: Applying CVar settings from Section [ShadingQuality@3] File [D:/content/others/nyu/gradClasses/Level Design/MidtermProject/Saved/Config/Windows/Scalability.ini]
[2020.03.21-17.36.10:690][  0]LogConfig: Setting CVar [[r.HairStrands.SkyLighting.SampleCount:16]]
[2020.03.21-17.36.10:690][  0]LogConfig: Setting CVar [[r.HairStrands.SkyLighting.JitterIntegration:0]]
[2020.03.21-17.36.10:690][  0]LogConfig: Setting CVar [[r.HairStrands.SkyAO.SampleCount:16]]
[2020.03.21-17.36.10:690][  0]LogInit: Selected Device Profile: [Windows]
[2020.03.21-17.36.10:690][  0]LogInit: Applying CVar settings loaded from the selected device profile: [Windows]
[2020.03.21-17.36.10:693][  0]LogHAL: Display: Platform has ~ 16 GB [17112764416 / 17179869184 / 16], which maps to Larger [LargestMinGB=32, LargerMinGB=12, DefaultMinGB=8, SmallerMinGB=6, SmallestMinGB=0)
[2020.03.21-17.36.10:693][  0]LogInit: Going up to parent DeviceProfile []
[2020.03.21-17.36.10:693][  0]LogConfig: Applying CVar settings from Section [ViewDistanceQuality@3] File [D:/content/others/nyu/gradClasses/Level Design/MidtermProject/Saved/Config/Windows/Scalability.ini]
[2020.03.21-17.36.10:693][  0]LogConfig: Setting CVar [[r.SkeletalMeshLODBias:0]]
[2020.03.21-17.36.10:693][  0]LogConfig: Setting CVar [[r.ViewDistanceScale:1.0]]
[2020.03.21-17.36.10:693][  0]LogConfig: Applying CVar settings from Section [AntiAliasingQuality@3] File [D:/content/others/nyu/gradClasses/Level Design/MidtermProject/Saved/Config/Windows/Scalability.ini]
[2020.03.21-17.36.10:693][  0]LogConfig: Setting CVar [[r.PostProcessAAQuality:4]]
[2020.03.21-17.36.10:693][  0]LogConfig: Applying CVar settings from Section [ShadowQuality@3] File [D:/content/others/nyu/gradClasses/Level Design/MidtermProject/Saved/Config/Windows/Scalability.ini]
[2020.03.21-17.36.10:693][  0]LogConfig: Setting CVar [[r.LightFunctionQuality:1]]
[2020.03.21-17.36.10:693][  0]LogConfig: Setting CVar [[r.ShadowQuality:5]]
[2020.03.21-17.36.10:693][  0]LogConfig: Setting CVar [[r.Shadow.CSM.MaxCascades:10]]
[2020.03.21-17.36.10:693][  0]LogConfig: Setting CVar [[r.Shadow.MaxResolution:2048]]
[2020.03.21-17.36.10:693][  0]LogConfig: Setting CVar [[r.Shadow.MaxCSMResolution:2048]]
[2020.03.21-17.36.10:693][  0]LogConfig: Setting CVar [[r.Shadow.RadiusThreshold:0.01]]
[2020.03.21-17.36.10:693][  0]LogConfig: Setting CVar [[r.Shadow.DistanceScale:1.0]]
[2020.03.21-17.36.10:693][  0]LogConfig: Setting CVar [[r.Shadow.CSM.TransitionScale:1.0]]
[2020.03.21-17.36.10:693][  0]LogConfig: Setting CVar [[r.Shadow.PreShadowResolutionFactor:1.0]]
[2020.03.21-17.36.10:693][  0]LogConfig: Setting CVar [[r.DistanceFieldShadowing:1]]
[2020.03.21-17.36.10:693][  0]LogConfig: Setting CVar [[r.DistanceFieldAO:1]]
[2020.03.21-17.36.10:693][  0]LogConfig: Setting CVar [[r.AOQuality:2]]
[2020.03.21-17.36.10:693][  0]LogConfig: Setting CVar [[r.VolumetricFog:1]]
[2020.03.21-17.36.10:693][  0]LogConfig: Setting CVar [[r.VolumetricFog.GridPixelSize:8]]
[2020.03.21-17.36.10:693][  0]LogConfig: Setting CVar [[r.VolumetricFog.GridSizeZ:128]]
[2020.03.21-17.36.10:693][  0]LogConfig: Setting CVar [[r.VolumetricFog.HistoryMissSupersampleCount:4]]
[2020.03.21-17.36.10:693][  0]LogConfig: Setting CVar [[r.LightMaxDrawDistanceScale:1]]
[2020.03.21-17.36.10:693][  0]LogConfig: Setting CVar [[r.CapsuleShadows:1]]
[2020.03.21-17.36.10:693][  0]LogConfig: Applying CVar settings from Section [PostProcessQuality@3] File [D:/content/others/nyu/gradClasses/Level Design/MidtermProject/Saved/Config/Windows/Scalability.ini]
[2020.03.21-17.36.10:693][  0]LogConfig: Setting CVar [[r.MotionBlurQuality:4]]
[2020.03.21-17.36.10:693][  0]LogConfig: Setting CVar [[r.AmbientOcclusionMipLevelFactor:0.4]]
[2020.03.21-17.36.10:693][  0]LogConfig: Setting CVar [[r.AmbientOcclusionMaxQuality:100]]
[2020.03.21-17.36.10:693][  0]LogConfig: Setting CVar [[r.AmbientOcclusionLevels:-1]]
[2020.03.21-17.36.10:693][  0]LogConfig: Setting CVar [[r.AmbientOcclusionRadiusScale:1.0]]
[2020.03.21-17.36.10:693][  0]LogConfig: Setting CVar [[r.DepthOfFieldQuality:2]]
[2020.03.21-17.36.10:693][  0]LogConfig: Setting CVar [[r.RenderTargetPoolMin:400]]
[2020.03.21-17.36.10:693][  0]LogConfig: Setting CVar [[r.LensFlareQuality:2]]
[2020.03.21-17.36.10:693][  0]LogConfig: Setting CVar [[r.SceneColorFringeQuality:1]]
[2020.03.21-17.36.10:693][  0]LogConfig: Setting CVar [[r.EyeAdaptationQuality:2]]
[2020.03.21-17.36.10:693][  0]LogConfig: Setting CVar [[r.BloomQuality:5]]
[2020.03.21-17.36.10:693][  0]LogConfig: Setting CVar [[r.FastBlurThreshold:100]]
[2020.03.21-17.36.10:693][  0]LogConfig: Setting CVar [[r.Upscale.Quality:3]]
[2020.03.21-17.36.10:693][  0]LogConfig: Setting CVar [[r.Tonemapper.GrainQuantization:1]]
[2020.03.21-17.36.10:693][  0]LogConfig: Setting CVar [[r.LightShaftQuality:1]]
[2020.03.21-17.36.10:693][  0]LogConfig: Setting CVar [[r.Filter.SizeScale:1]]
[2020.03.21-17.36.10:693][  0]LogConfig: Setting CVar [[r.Tonemapper.Quality:5]]
[2020.03.21-17.36.10:693][  0]LogConfig: Setting CVar [[r.DOF.Gather.AccumulatorQuality:1        ; higher gathering accumulator quality]]
[2020.03.21-17.36.10:694][  0]LogConfig: Setting CVar [[r.DOF.Gather.PostfilterMethod:1          ; Median3x3 postfilering method]]
[2020.03.21-17.36.10:694][  0]LogConfig: Setting CVar [[r.DOF.Gather.EnableBokehSettings:0       ; no bokeh simulation when gathering]]
[2020.03.21-17.36.10:694][  0]LogConfig: Setting CVar [[r.DOF.Gather.RingCount:4                 ; medium number of samples when gathering]]
[2020.03.21-17.36.10:694][  0]LogConfig: Setting CVar [[r.DOF.Scatter.ForegroundCompositing:1    ; additive foreground scattering]]
[2020.03.21-17.36.10:694][  0]LogConfig: Setting CVar [[r.DOF.Scatter.BackgroundCompositing:2    ; additive background scattering]]
[2020.03.21-17.36.10:694][  0]LogConfig: Setting CVar [[r.DOF.Scatter.EnableBokehSettings:1      ; bokeh simulation when scattering]]
[2020.03.21-17.36.10:694][  0]LogConfig: Setting CVar [[r.DOF.Scatter.MaxSpriteRatio:0.1         ; only a maximum of 10% of scattered bokeh]]
[2020.03.21-17.36.10:694][  0]LogConfig: Setting CVar [[r.DOF.Recombine.Quality:1                ; cheap slight out of focus]]
[2020.03.21-17.36.10:694][  0]LogConfig: Setting CVar [[r.DOF.Recombine.EnableBokehSettings:0    ; no bokeh simulation on slight out of focus]]
[2020.03.21-17.36.10:694][  0]LogConfig: Setting CVar [[r.DOF.TemporalAAQuality:1                ; more stable temporal accumulation]]
[2020.03.21-17.36.10:694][  0]LogConfig: Setting CVar [[r.DOF.Kernel.MaxForegroundRadius:0.025]]
[2020.03.21-17.36.10:694][  0]LogConfig: Setting CVar [[r.DOF.Kernel.MaxBackgroundRadius:0.025]]
[2020.03.21-17.36.10:694][  0]LogConfig: Applying CVar settings from Section [TextureQuality@3] File [D:/content/others/nyu/gradClasses/Level Design/MidtermProject/Saved/Config/Windows/Scalability.ini]
[2020.03.21-17.36.10:694][  0]LogConfig: Setting CVar [[r.Streaming.MipBias:0]]
[2020.03.21-17.36.10:694][  0]LogConfig: Setting CVar [[r.Streaming.AmortizeCPUToGPUCopy:0]]
[2020.03.21-17.36.10:694][  0]LogConfig: Setting CVar [[r.Streaming.MaxNumTexturesToStreamPerFrame:0]]
[2020.03.21-17.36.10:694][  0]LogConfig: Setting CVar [[r.Streaming.Boost:1]]
[2020.03.21-17.36.10:694][  0]LogConfig: Setting CVar [[r.MaxAnisotropy:8]]
[2020.03.21-17.36.10:694][  0]LogConfig: Setting CVar [[r.VT.MaxAnisotropy:8]]
[2020.03.21-17.36.10:694][  0]LogConfig: Setting CVar [[r.Streaming.LimitPoolSizeToVRAM:0]]
[2020.03.21-17.36.10:694][  0]LogConfig: Setting CVar [[r.Streaming.PoolSize:1000]]
[2020.03.21-17.36.10:694][  0]LogConfig: Setting CVar [[r.Streaming.MaxEffectiveScreenSize:0]]
[2020.03.21-17.36.10:694][  0]LogConfig: Applying CVar settings from Section [EffectsQuality@3] File [D:/content/others/nyu/gradClasses/Level Design/MidtermProject/Saved/Config/Windows/Scalability.ini]
[2020.03.21-17.36.10:694][  0]LogConfig: Setting CVar [[r.TranslucencyLightingVolumeDim:64]]
[2020.03.21-17.36.10:694][  0]LogConfig: Setting CVar [[r.RefractionQuality:2]]
[2020.03.21-17.36.10:694][  0]LogConfig: Setting CVar [[r.SSR.Quality:3]]
[2020.03.21-17.36.10:694][  0]LogConfig: Setting CVar [[r.SSR.HalfResSceneColor:0]]
[2020.03.21-17.36.10:694][  0]LogConfig: Setting CVar [[r.SceneColorFormat:4]]
[2020.03.21-17.36.10:694][  0]LogConfig: Setting CVar [[r.DetailMode:2]]
[2020.03.21-17.36.10:694][  0]LogConfig: Setting CVar [[r.TranslucencyVolumeBlur:1]]
[2020.03.21-17.36.10:694][  0]LogConfig: Setting CVar [[r.MaterialQualityLevel:1 ; High quality]]
[2020.03.21-17.36.10:694][  0]LogConfig: Setting CVar [[r.SSS.Scale:1]]
[2020.03.21-17.36.10:694][  0]LogConfig: Setting CVar [[r.SSS.SampleSet:2]]
[2020.03.21-17.36.10:694][  0]LogConfig: Setting CVar [[r.SSS.Quality:1]]
[2020.03.21-17.36.10:694][  0]LogConfig: Setting CVar [[r.SSS.HalfRes:1]]
[2020.03.21-17.36.10:694][  0]LogConfig: Setting CVar [[r.SSGI.Quality:3]]
[2020.03.21-17.36.10:694][  0]LogConfig: Setting CVar [[r.EmitterSpawnRateScale:1.0]]
[2020.03.21-17.36.10:694][  0]LogConfig: Setting CVar [[r.ParticleLightQuality:2]]
[2020.03.21-17.36.10:694][  0]LogConfig: Setting CVar [[r.SkyAtmosphere.AerialPerspectiveLUT.FastApplyOnOpaque:1 ; Always have FastSkyLUT 1 in this case to avoid wrong sky]]
[2020.03.21-17.36.10:694][  0]LogConfig: Setting CVar [[r.SkyAtmosphere.AerialPerspectiveLUT.SampleCountPerSlice:1]]
[2020.03.21-17.36.10:694][  0]LogConfig: Setting CVar [[r.SkyAtmosphere.AerialPerspectiveLUT.DepthResolution:16.0]]
[2020.03.21-17.36.10:694][  0]LogConfig: Setting CVar [[r.SkyAtmosphere.FastSkyLUT:1]]
[2020.03.21-17.36.10:694][  0]LogConfig: Setting CVar [[r.SkyAtmosphere.FastSkyLUT.SampleCountMin:4.0]]
[2020.03.21-17.36.10:694][  0]LogConfig: Setting CVar [[r.SkyAtmosphere.FastSkyLUT.SampleCountMax:32.0]]
[2020.03.21-17.36.10:694][  0]LogConfig: Setting CVar [[r.SkyAtmosphere.SampleCountMin:4.0]]
[2020.03.21-17.36.10:694][  0]LogConfig: Setting CVar [[r.SkyAtmosphere.SampleCountMax:32.0]]
[2020.03.21-17.36.10:694][  0]LogConfig: Setting CVar [[r.SkyAtmosphere.TransmittanceLUT.UseSmallFormat:0]]
[2020.03.21-17.36.10:694][  0]LogConfig: Setting CVar [[r.SkyAtmosphere.TransmittanceLUT.SampleCount:10.0]]
[2020.03.21-17.36.10:694][  0]LogConfig: Setting CVar [[r.SkyAtmosphere.MultiScatteringLUT.SampleCount:15.0]]
[2020.03.21-17.36.10:694][  0]LogConfig: Applying CVar settings from Section [FoliageQuality@3] File [D:/content/others/nyu/gradClasses/Level Design/MidtermProject/Saved/Config/Windows/Scalability.ini]
[2020.03.21-17.36.10:694][  0]LogConfig: Setting CVar [[foliage.DensityScale:1.0]]
[2020.03.21-17.36.10:694][  0]LogConfig: Setting CVar [[grass.DensityScale:1.0]]
[2020.03.21-17.36.10:694][  0]LogConfig: Applying CVar settings from Section [ShadingQuality@3] File [D:/content/others/nyu/gradClasses/Level Design/MidtermProject/Saved/Config/Windows/Scalability.ini]
[2020.03.21-17.36.10:694][  0]LogConfig: Setting CVar [[r.HairStrands.SkyLighting.SampleCount:16]]
[2020.03.21-17.36.10:694][  0]LogConfig: Setting CVar [[r.HairStrands.SkyLighting.JitterIntegration:0]]
[2020.03.21-17.36.10:694][  0]LogConfig: Setting CVar [[r.HairStrands.SkyAO.SampleCount:16]]
[2020.03.21-17.36.10:695][  0]LogConfig: Applying CVar settings from Section [Startup] File [../../../Engine/Config/ConsoleVariables.ini]
[2020.03.21-17.36.10:695][  0]LogConfig: Setting CVar [[net.UseAdaptiveNetUpdateFrequency:0]]
[2020.03.21-17.36.10:695][  0]LogConfig: Setting CVar [[p.chaos.AllowCreatePhysxBodies:1]]
[2020.03.21-17.36.10:695][  0]LogConfig: Applying CVar settings from Section [ConsoleVariables] File [D:/content/others/nyu/gradClasses/Level Design/MidtermProject/Saved/Config/Windows/Engine.ini]
[2020.03.21-17.36.10:695][  0]LogInit: Computer: DESKTOP-89OUPS6
[2020.03.21-17.36.10:695][  0]LogInit: User: rache
[2020.03.21-17.36.10:695][  0]LogInit: CPU Page size=4096, Cores=4
[2020.03.21-17.36.10:695][  0]LogInit: High frequency timer resolution =10.000000 MHz
[2020.03.21-17.36.10:695][  0]LogMemory: Memory total: Physical=15.9GB (16GB approx)
[2020.03.21-17.36.10:695][  0]LogMemory: Platform Memory Stats for Windows
[2020.03.21-17.36.10:695][  0]LogMemory: Process Physical Memory: 106.20 MB used, 106.20 MB peak
[2020.03.21-17.36.10:695][  0]LogMemory: Process Virtual Memory: 101.31 MB used, 101.31 MB peak
[2020.03.21-17.36.10:695][  0]LogMemory: Physical Memory: 6605.90 MB used,  9714.11 MB free, 16320.00 MB total
[2020.03.21-17.36.10:695][  0]LogMemory: Virtual Memory: 5137.49 MB used,  134212592.00 MB free, 134217728.00 MB total
[2020.03.21-17.36.10:699][  0]LogWindows: WindowsPlatformFeatures enabled
[2020.03.21-17.36.10:714][  0]LogInit: Using OS detected language (en-US).
[2020.03.21-17.36.10:714][  0]LogInit: Using OS detected locale (en-US).
[2020.03.21-17.36.10:715][  0]LogTextLocalizationManager: No specific localization for 'en-US' exists, so the 'en' localization will be used.
[2020.03.21-17.36.10:889][  0]LogInit: Setting process to per monitor DPI aware
[2020.03.21-17.36.10:924][  0]LogSlate: New Slate User Created.  User Index 0, Is Virtual User: 0
[2020.03.21-17.36.10:924][  0]LogSlate: Slate User Registered.  User Index 0, Is Virtual User: 0
[2020.03.21-17.36.11:074][  0]LogHMD: Failed to initialize OpenVR with code 126
[2020.03.21-17.36.11:074][  0]LogD3D11RHI: D3D11 min allowed feature level: 11_0
[2020.03.21-17.36.11:075][  0]LogD3D11RHI: D3D11 max allowed feature level: 11_0
[2020.03.21-17.36.11:075][  0]LogD3D11RHI: D3D11 adapters:
[2020.03.21-17.36.11:132][  0]LogD3D11RHI:    0. 'NVIDIA GeForce GTX 1060' (Feature Level 11_0)
[2020.03.21-17.36.11:132][  0]LogD3D11RHI:       2996/0/8160 MB DedicatedVideo/DedicatedSystem/SharedSystem, Outputs:2, VendorId:0x10de
[2020.03.21-17.36.11:135][  0]LogD3D11RHI:    1. 'Microsoft Basic Render Driver' (Feature Level 11_0)
[2020.03.21-17.36.11:135][  0]LogD3D11RHI:       0/0/8160 MB DedicatedVideo/DedicatedSystem/SharedSystem, Outputs:0, VendorId:0x1414
[2020.03.21-17.36.11:135][  0]LogD3D11RHI: Chosen D3D11 Adapter: 0
[2020.03.21-17.36.11:143][  0]LogD3D11RHI: Creating new Direct3DDevice
[2020.03.21-17.36.11:143][  0]LogD3D11RHI:     GPU DeviceId: 0x1c20 (for the marketing name, search the web for "GPU Device Id")
[2020.03.21-17.36.11:143][  0]LogWindows: EnumDisplayDevices:
[2020.03.21-17.36.11:143][  0]LogWindows:    0. 'NVIDIA GeForce GTX 1060' (P:1 D:1)
[2020.03.21-17.36.11:144][  0]LogWindows:    1. 'NVIDIA GeForce GTX 1060' (P:0 D:1)
[2020.03.21-17.36.11:144][  0]LogWindows:    2. 'NVIDIA GeForce GTX 1060' (P:0 D:0)
[2020.03.21-17.36.11:144][  0]LogWindows:    3. 'NVIDIA GeForce GTX 1060' (P:0 D:0)
[2020.03.21-17.36.11:145][  0]LogWindows: DebugString: FoundDriverCount:4 
[2020.03.21-17.36.11:145][  0]LogD3D11RHI:     Adapter Name: NVIDIA GeForce GTX 1060
[2020.03.21-17.36.11:145][  0]LogD3D11RHI:   Driver Version: 388.57 (internal:23.21.13.8857, unified:388.57)
[2020.03.21-17.36.11:145][  0]LogD3D11RHI:      Driver Date: 12-4-2017
[2020.03.21-17.36.11:145][  0]LogRHI: Texture pool is 2097 MB (70% of 2996 MB)
[2020.03.21-17.36.11:180][  0]LogD3D11RHI: RHI has support for 64 bit atomics
[2020.03.21-17.36.11:180][  0]LogD3D11RHI: Async texture creation enabled
[2020.03.21-17.36.11:191][  0]LogD3D11RHI: GPU Timing Frequency: 1000.000000 (Debug: 2 1)
[2020.03.21-17.36.11:619][  0]LogTargetPlatformManager: Display: Loaded TargetPlatform 'AllDesktop'
[2020.03.21-17.36.11:654][  0]LogTargetPlatformManager: Display: Loaded TargetPlatform 'Android'
[2020.03.21-17.36.11:654][  0]LogTargetPlatformManager: Display: Loaded TargetPlatform 'Android_ASTC'
[2020.03.21-17.36.11:654][  0]LogTargetPlatformManager: Display: Loaded TargetPlatform 'Android_ATC'
[2020.03.21-17.36.11:654][  0]LogTargetPlatformManager: Display: Loaded TargetPlatform 'Android_DXT'
[2020.03.21-17.36.11:654][  0]LogTargetPlatformManager: Display: Loaded TargetPlatform 'Android_ETC1'
[2020.03.21-17.36.11:654][  0]LogTargetPlatformManager: Display: Loaded TargetPlatform 'Android_ETC1a'
[2020.03.21-17.36.11:654][  0]LogTargetPlatformManager: Display: Loaded TargetPlatform 'Android_ETC2'
[2020.03.21-17.36.11:654][  0]LogTargetPlatformManager: Display: Loaded TargetPlatform 'Android_PVRTC'
[2020.03.21-17.36.11:654][  0]LogTargetPlatformManager: Display: Loaded TargetPlatform 'AndroidClient'
[2020.03.21-17.36.11:654][  0]LogTargetPlatformManager: Display: Loaded TargetPlatform 'Android_ASTCClient'
[2020.03.21-17.36.11:654][  0]LogTargetPlatformManager: Display: Loaded TargetPlatform 'Android_ATCClient'
[2020.03.21-17.36.11:654][  0]LogTargetPlatformManager: Display: Loaded TargetPlatform 'Android_DXTClient'
[2020.03.21-17.36.11:654][  0]LogTargetPlatformManager: Display: Loaded TargetPlatform 'Android_ETC1Client'
[2020.03.21-17.36.11:654][  0]LogTargetPlatformManager: Display: Loaded TargetPlatform 'Android_ETC1aClient'
[2020.03.21-17.36.11:654][  0]LogTargetPlatformManager: Display: Loaded TargetPlatform 'Android_ETC2Client'
[2020.03.21-17.36.11:654][  0]LogTargetPlatformManager: Display: Loaded TargetPlatform 'Android_PVRTCClient'
[2020.03.21-17.36.11:654][  0]LogTargetPlatformManager: Display: Loaded TargetPlatform 'Android_Multi'
[2020.03.21-17.36.11:654][  0]LogTargetPlatformManager: Display: Loaded TargetPlatform 'Android_MultiClient'
[2020.03.21-17.36.11:675][  0]LogTargetPlatformManager: Display: Loaded TargetPlatform 'IOSClient'
[2020.03.21-17.36.11:675][  0]LogTargetPlatformManager: Display: Loaded TargetPlatform 'IOS'
[2020.03.21-17.36.11:682][  0]LogTargetPlatformManager: Display: Loaded TargetPlatform 'LinuxNoEditor'
[2020.03.21-17.36.11:689][  0]LogTargetPlatformManager: Display: Loaded TargetPlatform 'LinuxClient'
[2020.03.21-17.36.11:697][  0]LogTargetPlatformManager: Display: Loaded TargetPlatform 'LinuxServer'
[2020.03.21-17.36.11:706][  0]LogTargetPlatformManager: Display: Loaded TargetPlatform 'LinuxAArch64NoEditor'
[2020.03.21-17.36.11:714][  0]LogTargetPlatformManager: Display: Loaded TargetPlatform 'LinuxAArch64Client'
[2020.03.21-17.36.11:721][  0]LogTargetPlatformManager: Display: Loaded TargetPlatform 'LinuxAArch64Server'
[2020.03.21-17.36.11:744][  0]LogTargetPlatformManager: Display: Loaded TargetPlatform 'Lumin'
[2020.03.21-17.36.11:744][  0]LogTargetPlatformManager: Display: Loaded TargetPlatform 'LuminClient'
[2020.03.21-17.36.11:758][  0]LogTargetPlatformManager: Display: Loaded TargetPlatform 'TVOSClient'
[2020.03.21-17.36.11:758][  0]LogTargetPlatformManager: Display: Loaded TargetPlatform 'TVOS'
[2020.03.21-17.36.11:766][  0]LogTargetPlatformManager: Display: Loaded TargetPlatform 'WindowsNoEditor'
[2020.03.21-17.36.11:774][  0]LogTargetPlatformManager: Display: Loaded TargetPlatform 'Windows'
[2020.03.21-17.36.11:781][  0]LogTargetPlatformManager: Display: Loaded TargetPlatform 'WindowsClient'
[2020.03.21-17.36.11:788][  0]LogTargetPlatformManager: Display: Loaded TargetPlatform 'WindowsServer'
[2020.03.21-17.36.11:788][  0]LogTargetPlatformManager: Display: Building Assets For Windows
[2020.03.21-17.36.11:791][  0]LogAudioDebug: Display: Lib vorbis DLL was dynamically loaded.
[2020.03.21-17.36.11:809][  0]LogShaderCompilers: Guid format shader working directory is -30 characters bigger than the processId version (../../../../../../content/others/nyu/gradClasses/Level Design/MidtermProject/Intermediate/Shaders/WorkingDirectory/7116/).
[2020.03.21-17.36.11:810][  0]LogShaderCompilers: Cleaned the shader compiler working directory 'C:/Users/rache/AppData/Local/Temp/UnrealShaderWorkingDir/889D395B4641163915B3D5B7DB23F915/'.
[2020.03.21-17.36.11:810][  0]LogXGEController: Cannot use XGE Controller as Incredibuild is not installed on this machine.
[2020.03.21-17.36.11:810][  0]LogShaderCompilers: Cannot use XGE Shader Compiler as Incredibuild is not installed on this machine.
[2020.03.21-17.36.11:810][  0]LogShaderCompilers: Display: Using Local Shader Compiler.
[2020.03.21-17.36.12:611][  0]LogDerivedDataCache: Display: Max Cache Size: 512 MB
[2020.03.21-17.36.12:667][  0]LogDerivedDataCache: Loaded boot cache 0.06s 78MB C:/Users/rache/AppData/Local/UnrealEngine/4.24/DerivedDataCache/Boot.ddc.
[2020.03.21-17.36.12:667][  0]LogDerivedDataCache: Display: Loaded Boot cache: C:/Users/rache/AppData/Local/UnrealEngine/4.24/DerivedDataCache/Boot.ddc
[2020.03.21-17.36.12:667][  0]LogDerivedDataCache: FDerivedDataBackendGraph:  Pak pak cache file ../../../../../../content/others/nyu/gradClasses/Level Design/MidtermProject/DerivedDataCache/DDC.ddp not found, will not use a pak cache.
[2020.03.21-17.36.12:667][  0]LogDerivedDataCache: Unable to find inner node Pak for hierarchical cache Hierarchy.
[2020.03.21-17.36.12:667][  0]LogDerivedDataCache: FDerivedDataBackendGraph:  CompressedPak pak cache file ../../../../../../content/others/nyu/gradClasses/Level Design/MidtermProject/DerivedDataCache/Compressed.ddp not found, will not use a pak cache.
[2020.03.21-17.36.12:667][  0]LogDerivedDataCache: Unable to find inner node CompressedPak for hierarchical cache Hierarchy.
[2020.03.21-17.36.12:679][  0]LogDerivedDataCache: Display: Pak cache opened for reading ../../../Engine/DerivedDataCache/Compressed.ddp.
[2020.03.21-17.36.12:679][  0]LogDerivedDataCache: FDerivedDataBackendGraph:  EnterprisePak pak cache file ../../../Enterprise/DerivedDataCache/Compressed.ddp not found, will not use a pak cache.
[2020.03.21-17.36.12:679][  0]LogDerivedDataCache: Unable to find inner node EnterprisePak for hierarchical cache Hierarchy.
[2020.03.21-17.36.12:681][  0]LogDerivedDataCache: Using Local data cache path C:/Users/rache/AppData/Local/UnrealEngine/Common/DerivedDataCache: Writable
[2020.03.21-17.36.12:681][  0]LogDerivedDataCache: Shared data cache path not found in *engine.ini, will not use an Shared cache.
[2020.03.21-17.36.12:681][  0]LogDerivedDataCache: Unable to find inner node Shared for hierarchical cache Hierarchy.
[2020.03.21-17.36.12:712][  0]LogMaterial: Verifying Global Shaders for PCD3D_SM5
[2020.03.21-17.36.12:715][  0]LogSlate: Using FreeType 2.10.0
[2020.03.21-17.36.12:715][  0]LogSlate: SlateFontServices - WITH_FREETYPE: 1, WITH_HARFBUZZ: 1
[2020.03.21-17.36.12:767][  0]LogAssetRegistry: FAssetRegistry took 0.0026 seconds to start up
[2020.03.21-17.36.13:081][  0]LogInit: Selected Device Profile: [Windows]
[2020.03.21-17.36.13:246][  0]LogMeshReduction: Using QuadricMeshReduction for automatic static mesh reduction
[2020.03.21-17.36.13:247][  0]LogMeshReduction: Using SimplygonMeshReduction for automatic skeletal mesh reduction
[2020.03.21-17.36.13:247][  0]LogMeshReduction: Using ProxyLODMeshReduction for automatic mesh merging
[2020.03.21-17.36.13:247][  0]LogMeshReduction: No distributed automatic mesh merging module available
[2020.03.21-17.36.13:247][  0]LogMeshMerging: No distributed automatic mesh merging module available
[2020.03.21-17.36.13:262][  0]LogNetVersion: MidtermProject 1.0.0, NetCL: 10570792, EngineNetVer: 13, GameNetVer: 0 (Checksum: 1821042750)
[2020.03.21-17.36.14:364][  0]LogPackageLocalizationCache: Processed 10 localized package path(s) for 1 prioritized culture(s) in 0.040492 seconds
[2020.03.21-17.36.14:372][  0]LogUObjectArray: 46750 objects as part of root set at end of initial load.
[2020.03.21-17.36.14:372][  0]LogUObjectAllocator: 8137160 out of 0 bytes used by permanent object pool.
[2020.03.21-17.36.14:372][  0]LogUObjectArray: CloseDisregardForGC: 0/0 objects in disregard for GC pool
[2020.03.21-17.36.14:775][  0]LogTcpMessaging: Initializing TcpMessaging bridge
[2020.03.21-17.36.14:777][  0]LogUdpMessaging: Initializing bridge on interface 0.0.0.0:0 to multicast group 230.0.0.1:6666.
[2020.03.21-17.36.14:826][  0]SourceControl: Source control is disabled
[2020.03.21-17.36.14:826][  0]SourceControl: Source control is disabled
[2020.03.21-17.36.14:827][  0]SourceControl: Source control is disabled
[2020.03.21-17.36.14:828][  0]SourceControl: Source control is disabled
[2020.03.21-17.36.14:828][  0]SourceControl: Source control is disabled
[2020.03.21-17.36.14:901][  0]LogAndroidPermission: UAndroidPermissionCallbackProxy::GetInstance
[2020.03.21-17.36.14:912][  0]LogAudioCaptureCore: Display: No Audio Capture implementations found. Audio input will be silent.
[2020.03.21-17.36.14:912][  0]LogAudioCaptureCore: Display: No Audio Capture implementations found. Audio input will be silent.
[2020.03.21-17.36.14:997][  0]LogOcInput: OculusInput pre-init called
[2020.03.21-17.36.15:003][  0]LogWindows: Failed to load 'OVRPlugin.dll' (GetLastError=126)
[2020.03.21-17.36.15:003][  0]LogWindows: File 'OVRPlugin.dll' does not exist
[2020.03.21-17.36.15:075][  0]LogEngine: Initializing Engine...
[2020.03.21-17.36.15:106][  0]LogHMD: Failed to initialize OpenVR with code 126
[2020.03.21-17.36.15:108][  0]LogStats: UGameplayTagsManager::InitializeManager -  0.000 s
[2020.03.21-17.36.15:478][  0]LogInit: Initializing FReadOnlyCVARCache
[2020.03.21-17.36.15:485][  0]LogAIModule: Creating AISystem for world Untitled
[2020.03.21-17.36.15:492][  0]LogAudioMixer: Display: Audio Mixer Platform Settings:
[2020.03.21-17.36.15:492][  0]LogAudioMixer: Display: 	Sample Rate:						  48000
[2020.03.21-17.36.15:492][  0]LogAudioMixer: Display: 	Callback Buffer Frame Size Requested: 1024
[2020.03.21-17.36.15:492][  0]LogAudioMixer: Display: 	Callback Buffer Frame Size To Use:	  1024
[2020.03.21-17.36.15:492][  0]LogAudioMixer: Display: 	Number of buffers to queue:			  2
[2020.03.21-17.36.15:492][  0]LogAudioMixer: Display: 	Max Channels (voices):				  32
[2020.03.21-17.36.15:492][  0]LogAudioMixer: Display: 	Number of Async Source Workers:		  0
[2020.03.21-17.36.15:493][  0]LogAudio: Display: AudioDevice MaxSources: 32
[2020.03.21-17.36.15:493][  0]LogAudio: Display: Using built-in audio occlusion.
[2020.03.21-17.36.15:493][  0]LogAudioMixer: Display: Initializing audio mixer.
[2020.03.21-17.36.15:526][  0]LogAudioMixer: Display: Audio Device Output Speaker Info:
[2020.03.21-17.36.15:526][  0]LogAudioMixer: Display: Name: PHL 245C5-C (NVIDIA High Definition Audio)
[2020.03.21-17.36.15:526][  0]LogAudioMixer: Display: Is Default: Yes
[2020.03.21-17.36.15:526][  0]LogAudioMixer: Display: Sample Rate: 48000
[2020.03.21-17.36.15:526][  0]LogAudioMixer: Display: Channel Count Used: 2
[2020.03.21-17.36.15:526][  0]LogAudioMixer: Display: Device Channel Count: 2
[2020.03.21-17.36.15:526][  0]LogAudioMixer: Display: Channel Order:
[2020.03.21-17.36.15:526][  0]LogAudioMixer: Display: 0: FrontLeft
[2020.03.21-17.36.15:526][  0]LogAudioMixer: Display: 1: FrontRight
[2020.03.21-17.36.15:568][  0]LogAudioMixer: Display: Using Audio Device PHL 245C5-C (NVIDIA High Definition Audio)
[2020.03.21-17.36.15:572][  0]LogInit: FAudioDevice initialized.
[2020.03.21-17.36.15:572][  0]LogNetVersion: Set ProjectVersion to 1.0.0.0. Version Checksum will be recalculated on next use.
[2020.03.21-17.36.15:664][  0]LogDerivedDataCache: Saved boot cache 0.09s 78MB C:/Users/rache/AppData/Local/UnrealEngine/4.24/DerivedDataCache/Boot.ddc.
[2020.03.21-17.36.15:667][  0]LogInit: Texture streaming: Enabled
[2020.03.21-17.36.15:676][  0]LogEngineSessionManager: EngineSessionManager initialized
[2020.03.21-17.36.15:676][  0]LogEditorSessionSummary: Verbose: Initializing EditorSessionSummaryWriter for editor session tracking
[2020.03.21-17.36.15:677][  0]LogEditorSessionSummary: EditorSessionSummaryWriter initialized
[2020.03.21-17.36.15:747][  0]LogInit: Transaction tracking system initialized
[2020.03.21-17.36.15:756][  0]BlueprintLog: New page: Editor Load
[2020.03.21-17.36.15:781][  0]LocalizationService: Localization service is disabled
[2020.03.21-17.36.16:053][  0]LogFileCache: Scanning file cache for directory 'D:/content/others/nyu/gradClasses/Level Design/MidtermProject/Content/' took 0.00s
[2020.03.21-17.36.16:053][  0]LogCook: Display: Max memory allowance for cook 16384mb min free memory 0mb
[2020.03.21-17.36.16:053][  0]LogCook: Display: Mobile HDR setting 1
[2020.03.21-17.36.16:706][  0]SourceControl: Source control is disabled
[2020.03.21-17.36.16:707][  0]Cmd: MAP LOAD FILE="../../../../../../content/others/nyu/gradClasses/Level Design/MidtermProject/Content/StarterContent/Maps/Minimal_Default.umap" TEMPLATE=0 SHOWPROGRESS=1 FEATURELEVEL=3
[2020.03.21-17.36.16:707][  0]LightingResults: New page: Lighting Build
[2020.03.21-17.36.16:707][  0]LogWorld: UWorld::CleanupWorld for Untitled, bSessionEnded=true, bCleanupResources=true
[2020.03.21-17.36.16:708][  0]LogSlate: InvalidateAllWidgets triggered.  All widgets were invalidated
[2020.03.21-17.36.16:708][  0]MapCheck: New page: Map Check
[2020.03.21-17.36.16:708][  0]LightingResults: New page: Lighting Build
[2020.03.21-17.36.16:736][  0]LogUObjectHash: Compacting FUObjectHashTables data took   1.73ms
[2020.03.21-17.36.17:298][  0]LogAIModule: Creating AISystem for world Minimal_Default
[2020.03.21-17.36.17:344][  0]LogEditorServer: Finished looking for orphan Actors (0.000 secs)
[2020.03.21-17.36.17:379][  0]LogUObjectHash: Compacting FUObjectHashTables data took   2.97ms
[2020.03.21-17.36.17:380][  0]Cmd: MAP CHECKDEP NOCLEARLOG
[2020.03.21-17.36.17:380][  0]MapCheck: Map check complete: 0 Error(s), 0 Warning(s), took 0.138ms to complete.
[2020.03.21-17.36.17:380][  0]LogFileHelpers: Loading map 'Minimal_Default' took 0.674
[2020.03.21-17.36.17:541][  0]LogSlate: Updating window title bar state: overlay mode, drag disabled, window buttons hidden, title bar hidden
[2020.03.21-17.36.17:550][  0]LogSlate: Updating window title bar state: overlay mode, drag disabled, window buttons hidden, title bar hidden
[2020.03.21-17.36.17:557][  0]LogSlate: Updating window title bar state: overlay mode, drag disabled, window buttons hidden, title bar hidden
[2020.03.21-17.36.17:565][  0]LogSlate: Updating window title bar state: overlay mode, drag disabled, window buttons hidden, title bar hidden
[2020.03.21-17.36.17:577][  0]LogCollectionManager: Loaded 0 collections in 0.001209 seconds
[2020.03.21-17.36.17:589][  0]LogFileCache: Scanning file cache for directory 'D:/content/others/nyu/gradClasses/Level Design/MidtermProject/Saved/Collections/' took 0.00s
[2020.03.21-17.36.17:589][  0]LogFileCache: Scanning file cache for directory 'D:/content/others/nyu/gradClasses/Level Design/MidtermProject/Content/Developers/rache/Collections/' took 0.00s
[2020.03.21-17.36.17:589][  0]LogFileCache: Scanning file cache for directory 'D:/content/others/nyu/gradClasses/Level Design/MidtermProject/Content/Collections/' took 0.00s
[2020.03.21-17.36.17:589][  0]LogContentBrowser: Native class hierarchy populated in 0.0086 seconds. Added 3017 classes and 720 folders.
[2020.03.21-17.36.17:591][  0]LogContentBrowser: Native class hierarchy updated for 'WidgetCarousel' in 0.0002 seconds. Added 0 classes and 0 folders.
[2020.03.21-17.36.17:628][  0]LogContentBrowser: Native class hierarchy updated for 'AddContentDialog' in 0.0002 seconds. Added 0 classes and 0 folders.
[2020.03.21-17.36.17:745][  0]LogSlate: Took 0.000138 seconds to synchronously load lazily loaded font '../../../Engine/Content/Slate/Fonts/Roboto-Regular.ttf' (155K)
[2020.03.21-17.36.17:749][  0]LogSlate: Took 0.000119 seconds to synchronously load lazily loaded font '../../../Engine/Content/Slate/Fonts/Roboto-Bold.ttf' (160K)
[2020.03.21-17.36.17:751][  0]LogSlate: Took 0.000111 seconds to synchronously load lazily loaded font '../../../Engine/Content/Editor/Slate/Fonts/FontAwesome.ttf' (139K)
[2020.03.21-17.36.17:845][  0]LogRenderer: Reallocating scene render targets to support 988x924 Format 10 NumSamples 1 (Frame:1).
[2020.03.21-17.36.17:957][  0]LogContentBrowser: Native class hierarchy updated for 'HierarchicalLODOutliner' in 0.0003 seconds. Added 0 classes and 0 folders.
[2020.03.21-17.36.17:957][  0]LogLoad: (Engine Initialization) Total time: 8.27 seconds
[2020.03.21-17.36.17:957][  0]LogLoad: (Engine Initialization) Total Blueprint compile time: 0.00 seconds
[2020.03.21-17.36.18:016][  0]LogAssetRegistry: Asset discovery search completed in 5.2496 seconds
[2020.03.21-17.36.18:022][  0]LogCollectionManager: Fixed up redirectors for 0 collections in 0.000009 seconds (updated 0 objects)
[2020.03.21-17.36.18:026][  0]LogContentStreaming: Texture pool size now 1000 MB
[2020.03.21-17.36.18:054][  0]LogSlate: Took 0.000212 seconds to synchronously load lazily loaded font '../../../Engine/Content/Slate/Fonts/Roboto-Light.ttf' (167K)
[2020.03.21-17.36.18:996][ 53]LogSlate: Took 0.000174 seconds to synchronously load lazily loaded font '../../../Engine/Content/Slate/Fonts/Roboto-Light.ttf' (167K)
[2020.03.21-17.36.22:767][261]LogAssetEditorSubsystem: Opening Asset editor for Blueprint /Game/Blueprints/target.target
[2020.03.21-17.36.23:000][261]LogContentBrowser: Native class hierarchy updated for 'BlueprintGraph' in 0.0006 seconds. Added 121 classes and 0 folders.
[2020.03.21-17.36.23:948][261]LogAssetEditorSubsystem: Opening Asset editor for Blueprint /Game/Blueprints/UIManager.UIManager
[2020.03.21-17.36.24:312][261]LogAssetEditorSubsystem: Opening Asset editor for WidgetBlueprint /Game/Blueprints/myUI.myUI
[2020.03.21-17.36.25:005][261]LogSlate: Took 0.000356 seconds to synchronously load lazily loaded font '../../../Engine/Content/Slate/Fonts/Roboto-BoldCondensed.ttf' (158K)
[2020.03.21-17.36.32:266][692]LogEditorViewport: Clicking on Actor (LMB): animalBG_Blueprint_C (animalBG_Blueprint4)
[2020.03.21-17.38.33:730][861]LogMaterial: Display: Missing cached shader map for material shark_Mat, compiling. 
[2020.03.21-17.38.33:830][861]LogShaderCompilers: Display: Worker (1/5): shaders left to compile 15
[2020.03.21-17.38.33:830][861]LogShaderCompilers: Display: Worker (2/5): shaders left to compile 11
[2020.03.21-17.38.33:830][861]LogShaderCompilers: Display: Worker (3/5): shaders left to compile 7
[2020.03.21-17.38.33:830][861]LogShaderCompilers: Display: Worker (4/5): shaders left to compile 3
[2020.03.21-17.38.41:677][304]LogUObjectHash: Compacting FUObjectHashTables data took   5.95ms
[2020.03.21-17.38.42:141][304]LogSavePackage: Moving '../../../../../../content/others/nyu/gradClasses/Level Design/MidtermProject/Saved/Minimal_Default3F625C3040353D638A1F4384F4F0E3B5.tmp' to '../../../../../../content/others/nyu/gradClasses/Level Design/MidtermProject/Content/StarterContent/Maps/Minimal_Default.umap'
[2020.03.21-17.38.42:249][304]LogSavePackage: Moving '../../../../../../content/others/nyu/gradClasses/Level Design/MidtermProject/Saved/Minimal_Default_BuiltData31BC05574CF0420EAB22A3BB0806BC3B.tmp' to '../../../../../../content/others/nyu/gradClasses/Level Design/MidtermProject/Content/StarterContent/Maps/Minimal_Default_BuiltData.uasset'
[2020.03.21-17.38.42:274][304]AssetCheck: New page: Asset Save: multiple assets
[2020.03.21-17.38.42:274][304]LogContentValidation: Display: Validating World /Game/StarterContent/Maps/Minimal_Default.Minimal_Default
[2020.03.21-17.38.42:274][304]LogContentValidation: Display: Validating MapBuildDataRegistry /Game/StarterContent/Maps/Minimal_Default_BuiltData.Minimal_Default_BuiltData
[2020.03.21-17.38.48:352][666]LogEditorViewport: Clicking on Actor (LMB): StaticMeshActor (SM_BlockMeshPrototypeModules_SM_Block_Wall250x376)
[2020.03.21-17.38.50:831][812]LogEditorViewport: Clicking on Actor (LMB): StaticMeshActor (SM_HumanScaleMesh12)
[2020.03.21-17.38.57:243][185]LogEditorViewport: Clicking on Actor (LMB): StaticMeshActor (SM_HumanScaleMesh11)
[2020.03.21-17.39.06:774][739]LogTemp: Repeating last play command: Selected Viewport
[2020.03.21-17.39.06:794][739]LogBlueprintUserMessages: Early PlayInEditor Detection: Level '/Game/StarterContent/Maps/Minimal_Default.Minimal_Default:PersistentLevel' has LevelScriptBlueprint '/Game/StarterContent/Maps/Minimal_Default.Minimal_Default:PersistentLevel.Minimal_Default' with GeneratedClass '/Game/StarterContent/Maps/Minimal_Default.Minimal_Default_C' with ClassGeneratedBy '/Game/StarterContent/Maps/Minimal_Default.Minimal_Default:PersistentLevel.Minimal_Default'
[2020.03.21-17.39.06:795][739]LogPlayLevel: PlayLevel: No blueprints needed recompiling
[2020.03.21-17.39.06:795][739]PIE: New page: PIE session: Minimal_Default (Mar 21, 2020, 9:39:06 AM)
[2020.03.21-17.39.06:796][739]LogOnline: OSS: Creating online subsystem instance for: NULL
[2020.03.21-17.39.06:797][739]LogOnline: OSS: TryLoadSubsystemAndSetDefault: Loaded subsystem for module [NULL]
[2020.03.21-17.39.06:797][739]LogPlayLevel: Creating play world package: /Game/StarterContent/Maps/UEDPIE_0_Minimal_Default
[2020.03.21-17.39.06:842][739]LogPlayLevel: PIE: StaticDuplicateObject took: (0.044704s)
[2020.03.21-17.39.06:843][739]LogAIModule: Creating AISystem for world Minimal_Default
[2020.03.21-17.39.06:843][739]LogPlayLevel: PIE: World Init took: (0.000922s)
[2020.03.21-17.39.06:843][739]LogPlayLevel: PIE: Created PIE world by copying editor world from /Game/StarterContent/Maps/Minimal_Default.Minimal_Default to /Game/StarterContent/Maps/UEDPIE_0_Minimal_Default.Minimal_Default (0.046012s)
[2020.03.21-17.39.06:886][739]LogUObjectHash: Compacting FUObjectHashTables data took   3.90ms
[2020.03.21-17.39.06:889][739]LogAudioMixer: Display: Audio Mixer Platform Settings:
[2020.03.21-17.39.06:889][739]LogAudioMixer: Display: 	Sample Rate:						  48000
[2020.03.21-17.39.06:889][739]LogAudioMixer: Display: 	Callback Buffer Frame Size Requested: 1024
[2020.03.21-17.39.06:889][739]LogAudioMixer: Display: 	Callback Buffer Frame Size To Use:	  1024
[2020.03.21-17.39.06:889][739]LogAudioMixer: Display: 	Number of buffers to queue:			  2
[2020.03.21-17.39.06:889][739]LogAudioMixer: Display: 	Max Channels (voices):				  32
[2020.03.21-17.39.06:889][739]LogAudioMixer: Display: 	Number of Async Source Workers:		  0
[2020.03.21-17.39.06:889][739]LogAudio: Display: AudioDevice MaxSources: 32
[2020.03.21-17.39.06:890][739]LogAudio: Display: Using built-in audio occlusion.
[2020.03.21-17.39.06:890][739]LogAudioMixer: Display: Initializing audio mixer.
[2020.03.21-17.39.06:910][739]LogAudioMixer: Display: Audio Device Output Speaker Info:
[2020.03.21-17.39.06:910][739]LogAudioMixer: Display: Name: PHL 245C5-C (NVIDIA High Definition Audio)
[2020.03.21-17.39.06:910][739]LogAudioMixer: Display: Is Default: Yes
[2020.03.21-17.39.06:910][739]LogAudioMixer: Display: Sample Rate: 48000
[2020.03.21-17.39.06:910][739]LogAudioMixer: Display: Channel Count Used: 2
[2020.03.21-17.39.06:910][739]LogAudioMixer: Display: Device Channel Count: 2
[2020.03.21-17.39.06:910][739]LogAudioMixer: Display: Channel Order:
[2020.03.21-17.39.06:910][739]LogAudioMixer: Display: 0: FrontLeft
[2020.03.21-17.39.06:910][739]LogAudioMixer: Display: 1: FrontRight
[2020.03.21-17.39.06:923][739]LogAudioMixer: Display: Using Audio Device PHL 245C5-C (NVIDIA High Definition Audio)
[2020.03.21-17.39.06:924][739]LogInit: FAudioDevice initialized.
[2020.03.21-17.39.06:932][739]LogLoad: Game class is 'myGameModeMidterm_C'
[2020.03.21-17.39.06:947][739]LogWorld: Bringing World /Game/StarterContent/Maps/UEDPIE_0_Minimal_Default.Minimal_Default up for play (max tick rate 60) at 2020.03.21-13.39.06
[2020.03.21-17.39.06:948][739]LogWorld: Bringing up level for play took: 0.014695
[2020.03.21-17.39.06:948][739]LogOnline: OSS: Creating online subsystem instance for: :Context_9
[2020.03.21-17.39.06:951][739]LogContentBrowser: Native class hierarchy updated for 'MovieSceneCapture' in 0.0003 seconds. Added 20 classes and 0 folders.
[2020.03.21-17.39.06:953][739]PIE: Play in editor start time for /Game/StarterContent/Maps/UEDPIE_0_Minimal_Default 0.915
[2020.03.21-17.39.06:953][739]LogBlueprintUserMessages: Late PlayInEditor Detection: Level '/Game/StarterContent/Maps/Minimal_Default.Minimal_Default:PersistentLevel' has LevelScriptBlueprint '/Game/StarterContent/Maps/Minimal_Default.Minimal_Default:PersistentLevel.Minimal_Default' with GeneratedClass '/Game/StarterContent/Maps/Minimal_Default.Minimal_Default_C' with ClassGeneratedBy '/Game/StarterContent/Maps/Minimal_Default.Minimal_Default:PersistentLevel.Minimal_Default'
[2020.03.21-17.41.01:834][587]LogAudioMixer: Display: No commands were queued while flushing the source manager.
[2020.03.21-17.41.01:849][587]LogAudioMixer: Display: Flush succeeded in the source manager command queue (1).
[2020.03.21-17.41.01:870][587]LogAudioMixer: Display: Flush succeeded the source manager command queue (2).
[2020.03.21-17.41.01:870][587]LogBlueprintUserMessages: Early EndPlayMap Detection: Level '/Game/StarterContent/Maps/Minimal_Default.Minimal_Default:PersistentLevel' has LevelScriptBlueprint '/Game/StarterContent/Maps/Minimal_Default.Minimal_Default:PersistentLevel.Minimal_Default' with GeneratedClass '/Game/StarterContent/Maps/Minimal_Default.Minimal_Default_C' with ClassGeneratedBy '/Game/StarterContent/Maps/Minimal_Default.Minimal_Default:PersistentLevel.Minimal_Default'
[2020.03.21-17.41.01:870][587]LogSlate: Updating window title bar state: overlay mode, drag disabled, window buttons hidden, title bar hidden
[2020.03.21-17.41.01:870][587]LogWorld: BeginTearingDown for /Game/StarterContent/Maps/UEDPIE_0_Minimal_Default
[2020.03.21-17.41.01:870][587]LogAudioMixer: Display: No commands were queued while flushing the source manager.
[2020.03.21-17.41.01:870][587]LogWorld: UWorld::CleanupWorld for Minimal_Default, bSessionEnded=true, bCleanupResources=true
[2020.03.21-17.41.01:872][587]LogSlate: InvalidateAllWidgets triggered.  All widgets were invalidated
[2020.03.21-17.41.01:887][587]LogPlayLevel: Display: Shutting down PIE online subsystems
[2020.03.21-17.41.01:887][587]LogBlueprintUserMessages: Late EndPlayMap Detection: Level '/Game/StarterContent/Maps/Minimal_Default.Minimal_Default:PersistentLevel' has LevelScriptBlueprint '/Game/StarterContent/Maps/Minimal_Default.Minimal_Default:PersistentLevel.Minimal_Default' with GeneratedClass '/Game/StarterContent/Maps/Minimal_Default.Minimal_Default_C' with ClassGeneratedBy '/Game/StarterContent/Maps/Minimal_Default.Minimal_Default:PersistentLevel.Minimal_Default'
[2020.03.21-17.41.01:894][587]LogSlate: InvalidateAllWidgets triggered.  All widgets were invalidated
[2020.03.21-17.41.01:940][587]LogAudioMixer: Display: No commands were queued while flushing the source manager.
[2020.03.21-17.41.01:944][587]LogSlate: Updating window title bar state: overlay mode, drag disabled, window buttons hidden, title bar hidden
[2020.03.21-17.41.01:971][587]LogUObjectHash: Compacting FUObjectHashTables data took   6.62ms
[2020.03.21-17.41.01:998][588]LogPlayLevel: Display: Destroying online subsystem :Context_9
[2020.03.21-17.41.08:770][990]LogEditorViewport: Clicking on Actor (LMB): StaticMeshActor (SM_HumanScaleMesh10)
[2020.03.21-17.41.12:828][226]Cmd: DELETE
[2020.03.21-17.41.12:828][226]Cmd: ACTOR DELETE
[2020.03.21-17.41.12:950][226]LogEditorActor: Deleted Actor: StaticMeshActor
[2020.03.21-17.41.12:991][226]LogUObjectHash: Compacting FUObjectHashTables data took   1.06ms
[2020.03.21-17.41.12:992][226]LogEditorActor: Deleted 1 Actors (0.164 secs)
[2020.03.21-17.41.13:909][280]Cmd: DELETE
[2020.03.21-17.41.13:909][280]Cmd: ACTOR DELETE
[2020.03.21-17.41.13:922][280]LogEditorActor: Deleted Actor: StaticMeshActor
[2020.03.21-17.41.13:963][280]LogUObjectHash: Compacting FUObjectHashTables data took   1.08ms
[2020.03.21-17.41.13:964][280]LogEditorActor: Deleted 1 Actors (0.054 secs)
[2020.03.21-17.41.22:274][778]LogTemp: Repeating last play command: Selected Viewport
[2020.03.21-17.41.22:295][778]LogBlueprintUserMessages: Early PlayInEditor Detection: Level '/Game/StarterContent/Maps/Minimal_Default.Minimal_Default:PersistentLevel' has LevelScriptBlueprint '/Game/StarterContent/Maps/Minimal_Default.Minimal_Default:PersistentLevel.Minimal_Default' with GeneratedClass '/Game/StarterContent/Maps/Minimal_Default.Minimal_Default_C' with ClassGeneratedBy '/Game/StarterContent/Maps/Minimal_Default.Minimal_Default:PersistentLevel.Minimal_Default'
[2020.03.21-17.41.22:295][778]LogPlayLevel: PlayLevel: No blueprints needed recompiling
[2020.03.21-17.41.22:295][778]PIE: New page: PIE session: Minimal_Default (Mar 21, 2020, 9:41:22 AM)
[2020.03.21-17.41.22:295][778]LogPlayLevel: Creating play world package: /Game/StarterContent/Maps/UEDPIE_0_Minimal_Default
[2020.03.21-17.41.22:340][778]LogPlayLevel: PIE: StaticDuplicateObject took: (0.045086s)
[2020.03.21-17.41.22:341][778]LogAIModule: Creating AISystem for world Minimal_Default
[2020.03.21-17.41.22:341][778]LogPlayLevel: PIE: World Init took: (0.000988s)
[2020.03.21-17.41.22:342][778]LogPlayLevel: PIE: Created PIE world by copying editor world from /Game/StarterContent/Maps/Minimal_Default.Minimal_Default to /Game/StarterContent/Maps/UEDPIE_0_Minimal_Default.Minimal_Default (0.046373s)
[2020.03.21-17.41.22:385][778]LogUObjectHash: Compacting FUObjectHashTables data took   3.28ms
[2020.03.21-17.41.22:386][778]LogAudioMixer: Display: Audio Mixer Platform Settings:
[2020.03.21-17.41.22:386][778]LogAudioMixer: Display: 	Sample Rate:						  48000
[2020.03.21-17.41.22:386][778]LogAudioMixer: Display: 	Callback Buffer Frame Size Requested: 1024
[2020.03.21-17.41.22:386][778]LogAudioMixer: Display: 	Callback Buffer Frame Size To Use:	  1024
[2020.03.21-17.41.22:386][778]LogAudioMixer: Display: 	Number of buffers to queue:			  2
[2020.03.21-17.41.22:386][778]LogAudioMixer: Display: 	Max Channels (voices):				  32
[2020.03.21-17.41.22:386][778]LogAudioMixer: Display: 	Number of Async Source Workers:		  0
[2020.03.21-17.41.22:386][778]LogAudio: Display: AudioDevice MaxSources: 32
[2020.03.21-17.41.22:387][778]LogAudio: Display: Using built-in audio occlusion.
[2020.03.21-17.41.22:387][778]LogAudioMixer: Display: Initializing audio mixer.
[2020.03.21-17.41.22:405][778]LogAudioMixer: Display: Audio Device Output Speaker Info:
[2020.03.21-17.41.22:405][778]LogAudioMixer: Display: Name: PHL 245C5-C (NVIDIA High Definition Audio)
[2020.03.21-17.41.22:405][778]LogAudioMixer: Display: Is Default: Yes
[2020.03.21-17.41.22:405][778]LogAudioMixer: Display: Sample Rate: 48000
[2020.03.21-17.41.22:405][778]LogAudioMixer: Display: Channel Count Used: 2
[2020.03.21-17.41.22:405][778]LogAudioMixer: Display: Device Channel Count: 2
[2020.03.21-17.41.22:405][778]LogAudioMixer: Display: Channel Order:
[2020.03.21-17.41.22:405][778]LogAudioMixer: Display: 0: FrontLeft
[2020.03.21-17.41.22:405][778]LogAudioMixer: Display: 1: FrontRight
[2020.03.21-17.41.22:418][778]LogAudioMixer: Display: Using Audio Device PHL 245C5-C (NVIDIA High Definition Audio)
[2020.03.21-17.41.22:420][778]LogInit: FAudioDevice initialized.
[2020.03.21-17.41.22:431][778]LogLoad: Game class is 'myGameModeMidterm_C'
[2020.03.21-17.41.22:448][778]LogWorld: Bringing World /Game/StarterContent/Maps/UEDPIE_0_Minimal_Default.Minimal_Default up for play (max tick rate 60) at 2020.03.21-13.41.22
[2020.03.21-17.41.22:448][778]LogWorld: Bringing up level for play took: 0.015619
[2020.03.21-17.41.22:448][778]LogOnline: OSS: Creating online subsystem instance for: :Context_10
[2020.03.21-17.41.22:451][778]PIE: Play in editor start time for /Game/StarterContent/Maps/UEDPIE_0_Minimal_Default 0.413
[2020.03.21-17.41.22:452][778]LogBlueprintUserMessages: Late PlayInEditor Detection: Level '/Game/StarterContent/Maps/Minimal_Default.Minimal_Default:PersistentLevel' has LevelScriptBlueprint '/Game/StarterContent/Maps/Minimal_Default.Minimal_Default:PersistentLevel.Minimal_Default' with GeneratedClass '/Game/StarterContent/Maps/Minimal_Default.Minimal_Default_C' with ClassGeneratedBy '/Game/StarterContent/Maps/Minimal_Default.Minimal_Default:PersistentLevel.Minimal_Default'
[2020.03.21-17.42.56:891][264]LogAudioMixer: Display: No commands were queued while flushing the source manager.
[2020.03.21-17.42.56:911][264]LogAudioMixer: Display: Flush succeeded in the source manager command queue (1).
[2020.03.21-17.42.56:930][264]LogAudioMixer: Display: Flush succeeded the source manager command queue (2).
[2020.03.21-17.42.56:931][264]LogBlueprintUserMessages: Early EndPlayMap Detection: Level '/Game/StarterContent/Maps/Minimal_Default.Minimal_Default:PersistentLevel' has LevelScriptBlueprint '/Game/StarterContent/Maps/Minimal_Default.Minimal_Default:PersistentLevel.Minimal_Default' with GeneratedClass '/Game/StarterContent/Maps/Minimal_Default.Minimal_Default_C' with ClassGeneratedBy '/Game/StarterContent/Maps/Minimal_Default.Minimal_Default:PersistentLevel.Minimal_Default'
[2020.03.21-17.42.56:931][264]LogSlate: Updating window title bar state: overlay mode, drag disabled, window buttons hidden, title bar hidden
[2020.03.21-17.42.56:931][264]LogWorld: BeginTearingDown for /Game/StarterContent/Maps/UEDPIE_0_Minimal_Default
[2020.03.21-17.42.56:931][264]LogAudioMixer: Display: No commands were queued while flushing the source manager.
[2020.03.21-17.42.56:931][264]LogWorld: UWorld::CleanupWorld for Minimal_Default, bSessionEnded=true, bCleanupResources=true
[2020.03.21-17.42.56:934][264]LogSlate: InvalidateAllWidgets triggered.  All widgets were invalidated
[2020.03.21-17.42.56:948][264]LogPlayLevel: Display: Shutting down PIE online subsystems
[2020.03.21-17.42.56:948][264]LogBlueprintUserMessages: Late EndPlayMap Detection: Level '/Game/StarterContent/Maps/Minimal_Default.Minimal_Default:PersistentLevel' has LevelScriptBlueprint '/Game/StarterContent/Maps/Minimal_Default.Minimal_Default:PersistentLevel.Minimal_Default' with GeneratedClass '/Game/StarterContent/Maps/Minimal_Default.Minimal_Default_C' with ClassGeneratedBy '/Game/StarterContent/Maps/Minimal_Default.Minimal_Default:PersistentLevel.Minimal_Default'
[2020.03.21-17.42.56:955][264]LogSlate: InvalidateAllWidgets triggered.  All widgets were invalidated
[2020.03.21-17.42.56:993][264]LogAudioMixer: Display: No commands were queued while flushing the source manager.
[2020.03.21-17.42.56:997][264]LogSlate: Updating window title bar state: overlay mode, drag disabled, window buttons hidden, title bar hidden
[2020.03.21-17.42.57:006][264]LogUObjectHash: Compacting FUObjectHashTables data took   3.93ms
[2020.03.21-17.42.57:026][265]LogPlayLevel: Display: Destroying online subsystem :Context_10
[2020.03.21-17.42.57:968][316]LogUObjectHash: Compacting FUObjectHashTables data took   1.30ms
[2020.03.21-17.42.58:419][316]LogSavePackage: Moving '../../../../../../content/others/nyu/gradClasses/Level Design/MidtermProject/Saved/Minimal_Default528170E54D3D9C188B0359836C26F2AE.tmp' to '../../../../../../content/others/nyu/gradClasses/Level Design/MidtermProject/Content/StarterContent/Maps/Minimal_Default.umap'
[2020.03.21-17.42.58:504][316]LogSavePackage: Moving '../../../../../../content/others/nyu/gradClasses/Level Design/MidtermProject/Saved/Minimal_Default_BuiltDataFCAB7E6346C025729EFDB598EB350F25.tmp' to '../../../../../../content/others/nyu/gradClasses/Level Design/MidtermProject/Content/StarterContent/Maps/Minimal_Default_BuiltData.uasset'
[2020.03.21-17.42.58:527][316]AssetCheck: New page: Asset Save: multiple assets
[2020.03.21-17.42.58:527][316]LogContentValidation: Display: Validating World /Game/StarterContent/Maps/Minimal_Default.Minimal_Default
[2020.03.21-17.42.58:527][316]LogContentValidation: Display: Validating MapBuildDataRegistry /Game/StarterContent/Maps/Minimal_Default_BuiltData.Minimal_Default_BuiltData
[2020.03.21-17.43.22:098][720]Cmd: DUPLICATE
[2020.03.21-17.43.22:098][720]Cmd: ACTOR DUPLICATE
[2020.03.21-17.44.17:273][  0]LogTemp: Repeating last play command: Selected Viewport
[2020.03.21-17.44.17:295][  0]LogBlueprintUserMessages: Early PlayInEditor Detection: Level '/Game/StarterContent/Maps/Minimal_Default.Minimal_Default:PersistentLevel' has LevelScriptBlueprint '/Game/StarterContent/Maps/Minimal_Default.Minimal_Default:PersistentLevel.Minimal_Default' with GeneratedClass '/Game/StarterContent/Maps/Minimal_Default.Minimal_Default_C' with ClassGeneratedBy '/Game/StarterContent/Maps/Minimal_Default.Minimal_Default:PersistentLevel.Minimal_Default'
[2020.03.21-17.44.17:295][  0]LogPlayLevel: PlayLevel: No blueprints needed recompiling
[2020.03.21-17.44.17:295][  0]PIE: New page: PIE session: Minimal_Default (Mar 21, 2020, 9:44:17 AM)
[2020.03.21-17.44.17:295][  0]LogPlayLevel: Creating play world package: /Game/StarterContent/Maps/UEDPIE_0_Minimal_Default
[2020.03.21-17.44.17:340][  0]LogPlayLevel: PIE: StaticDuplicateObject took: (0.044515s)
[2020.03.21-17.44.17:341][  0]LogAIModule: Creating AISystem for world Minimal_Default
[2020.03.21-17.44.17:341][  0]LogPlayLevel: PIE: World Init took: (0.000968s)
[2020.03.21-17.44.17:341][  0]LogPlayLevel: PIE: Created PIE world by copying editor world from /Game/StarterContent/Maps/Minimal_Default.Minimal_Default to /Game/StarterContent/Maps/UEDPIE_0_Minimal_Default.Minimal_Default (0.045732s)
[2020.03.21-17.44.17:383][  0]LogUObjectHash: Compacting FUObjectHashTables data took   3.91ms
[2020.03.21-17.44.17:386][  0]LogAudioMixer: Display: Audio Mixer Platform Settings:
[2020.03.21-17.44.17:386][  0]LogAudioMixer: Display: 	Sample Rate:						  48000
[2020.03.21-17.44.17:386][  0]LogAudioMixer: Display: 	Callback Buffer Frame Size Requested: 1024
[2020.03.21-17.44.17:386][  0]LogAudioMixer: Display: 	Callback Buffer Frame Size To Use:	  1024
[2020.03.21-17.44.17:386][  0]LogAudioMixer: Display: 	Number of buffers to queue:			  2
[2020.03.21-17.44.17:386][  0]LogAudioMixer: Display: 	Max Channels (voices):				  32
[2020.03.21-17.44.17:386][  0]LogAudioMixer: Display: 	Number of Async Source Workers:		  0
[2020.03.21-17.44.17:386][  0]LogAudio: Display: AudioDevice MaxSources: 32
[2020.03.21-17.44.17:386][  0]LogAudio: Display: Using built-in audio occlusion.
[2020.03.21-17.44.17:386][  0]LogAudioMixer: Display: Initializing audio mixer.
[2020.03.21-17.44.17:405][  0]LogAudioMixer: Display: Audio Device Output Speaker Info:
[2020.03.21-17.44.17:405][  0]LogAudioMixer: Display: Name: PHL 245C5-C (NVIDIA High Definition Audio)
[2020.03.21-17.44.17:405][  0]LogAudioMixer: Display: Is Default: Yes
[2020.03.21-17.44.17:405][  0]LogAudioMixer: Display: Sample Rate: 48000
[2020.03.21-17.44.17:405][  0]LogAudioMixer: Display: Channel Count Used: 2
[2020.03.21-17.44.17:405][  0]LogAudioMixer: Display: Device Channel Count: 2
[2020.03.21-17.44.17:405][  0]LogAudioMixer: Display: Channel Order:
[2020.03.21-17.44.17:405][  0]LogAudioMixer: Display: 0: FrontLeft
[2020.03.21-17.44.17:405][  0]LogAudioMixer: Display: 1: FrontRight
[2020.03.21-17.44.17:418][  0]LogAudioMixer: Display: Using Audio Device PHL 245C5-C (NVIDIA High Definition Audio)
[2020.03.21-17.44.17:420][  0]LogInit: FAudioDevice initialized.
[2020.03.21-17.44.17:426][  0]LogLoad: Game class is 'myGameModeMidterm_C'
[2020.03.21-17.44.17:443][  0]LogWorld: Bringing World /Game/StarterContent/Maps/UEDPIE_0_Minimal_Default.Minimal_Default up for play (max tick rate 60) at 2020.03.21-13.44.17
[2020.03.21-17.44.17:443][  0]LogWorld: Bringing up level for play took: 0.015387
[2020.03.21-17.44.17:443][  0]LogOnline: OSS: Creating online subsystem instance for: :Context_11
[2020.03.21-17.44.17:446][  0]PIE: Play in editor start time for /Game/StarterContent/Maps/UEDPIE_0_Minimal_Default -0.592
[2020.03.21-17.44.17:446][  0]LogBlueprintUserMessages: Late PlayInEditor Detection: Level '/Game/StarterContent/Maps/Minimal_Default.Minimal_Default:PersistentLevel' has LevelScriptBlueprint '/Game/StarterContent/Maps/Minimal_Default.Minimal_Default:PersistentLevel.Minimal_Default' with GeneratedClass '/Game/StarterContent/Maps/Minimal_Default.Minimal_Default_C' with ClassGeneratedBy '/Game/StarterContent/Maps/Minimal_Default.Minimal_Default:PersistentLevel.Minimal_Default'
[2020.03.21-17.44.45:331][240]LogAudioMixer: Display: No commands were queued while flushing the source manager.
[2020.03.21-17.44.45:342][240]LogAudioMixer: Display: Flush succeeded in the source manager command queue (1).
[2020.03.21-17.44.45:362][240]LogAudioMixer: Display: Flush succeeded the source manager command queue (2).
[2020.03.21-17.44.45:362][240]LogBlueprintUserMessages: Early EndPlayMap Detection: Level '/Game/StarterContent/Maps/Minimal_Default.Minimal_Default:PersistentLevel' has LevelScriptBlueprint '/Game/StarterContent/Maps/Minimal_Default.Minimal_Default:PersistentLevel.Minimal_Default' with GeneratedClass '/Game/StarterContent/Maps/Minimal_Default.Minimal_Default_C' with ClassGeneratedBy '/Game/StarterContent/Maps/Minimal_Default.Minimal_Default:PersistentLevel.Minimal_Default'
[2020.03.21-17.44.45:363][240]LogSlate: Updating window title bar state: overlay mode, drag disabled, window buttons hidden, title bar hidden
[2020.03.21-17.44.45:363][240]LogWorld: BeginTearingDown for /Game/StarterContent/Maps/UEDPIE_0_Minimal_Default
[2020.03.21-17.44.45:363][240]LogAudioMixer: Display: No commands were queued while flushing the source manager.
[2020.03.21-17.44.45:363][240]LogWorld: UWorld::CleanupWorld for Minimal_Default, bSessionEnded=true, bCleanupResources=true
[2020.03.21-17.44.45:365][240]LogSlate: InvalidateAllWidgets triggered.  All widgets were invalidated
[2020.03.21-17.44.45:377][240]LogPlayLevel: Display: Shutting down PIE online subsystems
[2020.03.21-17.44.45:378][240]LogBlueprintUserMessages: Late EndPlayMap Detection: Level '/Game/StarterContent/Maps/Minimal_Default.Minimal_Default:PersistentLevel' has LevelScriptBlueprint '/Game/StarterContent/Maps/Minimal_Default.Minimal_Default:PersistentLevel.Minimal_Default' with GeneratedClass '/Game/StarterContent/Maps/Minimal_Default.Minimal_Default_C' with ClassGeneratedBy '/Game/StarterContent/Maps/Minimal_Default.Minimal_Default:PersistentLevel.Minimal_Default'
[2020.03.21-17.44.45:384][240]LogSlate: InvalidateAllWidgets triggered.  All widgets were invalidated
[2020.03.21-17.44.45:428][240]LogAudioMixer: Display: No commands were queued while flushing the source manager.
[2020.03.21-17.44.45:431][240]LogSlate: Updating window title bar state: overlay mode, drag disabled, window buttons hidden, title bar hidden
[2020.03.21-17.44.45:437][240]LogUObjectHash: Compacting FUObjectHashTables data took   3.50ms
[2020.03.21-17.44.45:456][241]LogPlayLevel: Display: Destroying online subsystem :Context_11
[2020.03.21-17.53.26:157][457]LogUObjectHash: Compacting FUObjectHashTables data took   1.33ms
[2020.03.21-17.53.26:941][457]LogSavePackage: Moving '../../../../../../content/others/nyu/gradClasses/Level Design/MidtermProject/Saved/Minimal_Default_Auto101012E4D4B40AACE194D8F8FCC6CE725.tmp' to '../../../../../../content/others/nyu/gradClasses/Level Design/MidtermProject/Saved/Autosaves/Game/StarterContent/Maps/Minimal_Default_Auto1.umap'
[2020.03.21-17.53.26:944][457]LogFileHelpers: Editor autosave (incl. sublevels) for '/Game/StarterContent/Maps/Minimal_Default' took 0.831
[2020.03.21-17.53.26:944][457]LogFileHelpers: Editor autosave (incl. sublevels) for all levels took 0.831
[2020.03.21-17.53.26:944][457]OBJ SavePackage: Generating thumbnails for [1] asset(s) in package [/Game/Textures/shark_Mat] ([1] browsable assets)...
[2020.03.21-17.53.26:959][457]OBJ SavePackage:     Rendered thumbnail for [Material /Game/Textures/shark_Mat.shark_Mat]
[2020.03.21-17.53.26:959][457]OBJ SavePackage: Finished generating thumbnails for package [/Game/Textures/shark_Mat]
[2020.03.21-17.53.26:976][457]LogSavePackage: Moving '../../../../../../content/others/nyu/gradClasses/Level Design/MidtermProject/Saved/shark_Mat_Auto141540E644D7F7D5E6B9F0BAED16508A4.tmp' to '../../../../../../content/others/nyu/gradClasses/Level Design/MidtermProject/Saved/Autosaves/Game/Textures/shark_Mat_Auto1.uasset'
[2020.03.21-17.53.27:017][457]LogFileHelpers: Auto-saving content packages took 0.073
[2020.03.21-18.03.45:772][552]LogAudioMixer: Warning: Changing default audio render device to new device: {0.0.0.00000000}.{54c7930c-9964-49d2-8513-07a8995311dc}.
